********************************************************************************
product = Open Liberty 22.0.0.10 (wlp-1.0.69.cl221020220912-1100)
wlp.install.dir = /Users/janstopinski/projects/jakartaEE/LabJakartaEE/target/liberty/wlp/
java.home = /Users/janstopinski/Library/Java/JavaVirtualMachines/corretto-17.0.4.1/Contents/Home
java.version = 17.0.4.1
java.runtime = OpenJDK Runtime Environment (17.0.4.1+9-LTS)
os = Mac OS X (12.1; x86_64) (en_PL)
process = 72549@Jans-MacBook-Pro.local
Classpath = /Users/janstopinski/projects/jakartaEE/LabJakartaEE/target/liberty/wlp/bin/tools/ws-server.jar
Java Library path = /Users/janstopinski/Library/Java/Extensions:/Library/Java/Extensions:/Network/Library/Java/Extensions:/System/Library/Java/Extensions:/usr/lib/java:.
********************************************************************************
[10/25/22, 20:22:53:903 CEST] 00000001 com.ibm.ws.kernel.launch.internal.FrameworkManager           A CWWKE0001I: The server defaultServer has been launched.
[10/25/22, 20:22:54:679 CEST] 00000001 com.ibm.ws.kernel.launch.internal.FrameworkManager           I CWWKE0002I: The kernel started after 1.05 seconds
[10/25/22, 20:22:54:692 CEST] 00000027 com.ibm.ws.kernel.feature.internal.FeatureManager            I CWWKF0007I: Feature update started.
[10/25/22, 20:22:54:903 CEST] 0000001e com.ibm.ws.app.manager.internal.monitor.DropinMonitor        A CWWKZ0058I: Monitoring dropins for applications.
[10/25/22, 20:22:55:498 CEST] 00000031 com.ibm.ws.app.manager.AppMessageHelper                      I CWWKZ0018I: Starting application LabJakartaEE-1.0-SNAPSHOT.
[10/25/22, 20:22:55:499 CEST] 00000031 bm.ws.app.manager.war.internal.WARDeployedAppInfoFactoryImpl I CWWKZ0134I: The LabJakartaEE-1.0-SNAPSHOT application is using the loose application definition at the /Users/janstopinski/projects/jakartaEE/LabJakartaEE/target/liberty/wlp/usr/servers/defaultServer/dropins/LabJakartaEE-1.0-SNAPSHOT.war.xml location.
[10/25/22, 20:22:56:002 CEST] 00000031 com.ibm.ws.session.WASSessionCore                            I SESN8501I: The session manager did not find a persistent storage location; HttpSession objects will be stored in the local application server's memory.
[10/25/22, 20:22:56:046 CEST] 00000031 org.jboss.weld.Version                                       I WELD-000900: 3.1.9 (Final)
[10/25/22, 20:22:56:752 CEST] 00000031 org.jboss.weld.Event                                         I WELD-000411: Observer method [BackedAnnotatedMethod] org.apache.myfaces.cdi.JsfArtifactProducerExtension.processAnnotatedType(@Observes ProcessAnnotatedType<T>, BeanManager) receives events for all annotated types. Consider restricting events using @WithAnnotations or a generic type with bounds.
[10/25/22, 20:22:56:756 CEST] 00000031 org.jboss.weld.Event                                         I WELD-000411: Observer method [BackedAnnotatedMethod] org.apache.myfaces.config.annotation.CdiAnnotationProviderExtension.processAnnotatedType(@Observes ProcessAnnotatedType<T>) receives events for all annotated types. Consider restricting events using @WithAnnotations or a generic type with bounds.
[10/25/22, 20:22:57:176 CEST] 00000031 com.ibm.ws.webcontainer.osgi.webapp.WebGroup                 I SRVE0169I: Loading Web Module: LabJakartaEE-1.0-SNAPSHOT.
[10/25/22, 20:22:57:179 CEST] 00000031 com.ibm.ws.webcontainer                                      I SRVE0250I: Web Module LabJakartaEE-1.0-SNAPSHOT has been bound to default_host.
[10/25/22, 20:22:57:180 CEST] 00000031 com.ibm.ws.http.internal.VirtualHostImpl                     A CWWKT0016I: Web application available (default_host): http://localhost:9080/LabJakartaEE-1.0-SNAPSHOT/
[10/25/22, 20:22:57:197 CEST] 0000003b com.ibm.ws.session.WASSessionCore                            I SESN0176I: A new session context will be created for application key default_host/LabJakartaEE-1.0-SNAPSHOT
[10/25/22, 20:22:57:207 CEST] 0000003b com.ibm.ws.util                                              I SESN0172I: The session manager is using the Java default SecureRandom implementation for session ID generation.
[10/25/22, 20:22:57:213 CEST] 0000003d com.ibm.ws.webcontainer.osgi.mbeans.PluginGenerator          I SRVE9103I: A configuration file for a web server plugin was automatically generated for this server at /Users/janstopinski/projects/jakartaEE/LabJakartaEE/target/liberty/wlp/usr/servers/defaultServer/logs/state/plugin-cfg.xml.
[10/25/22, 20:22:57:298 CEST] 0000003b org.apache.myfaces.ee.MyFacesContainerInitializer            I Using org.apache.myfaces.ee.MyFacesContainerInitializer
[10/25/22, 20:22:57:434 CEST] 0000003b org.apache.myfaces.config.DefaultFacesConfigurationProvider  I Reading standard config META-INF/standard-faces-config.xml
[10/25/22, 20:22:57:627 CEST] 0000003b org.apache.myfaces.config.DefaultFacesConfigurationProvider  I Found javax.faces.application.ApplicationFactory factory implementation: com.ibm.ws.jsf.config.WASApplicationFactoryImpl
[10/25/22, 20:22:57:691 CEST] 0000003b org.apache.myfaces.spi.impl.DefaultInjectionProviderFactory  I Using InjectionProvider com.ibm.ws.jsf.spi.impl.WASCDIAnnotationDelegateInjectionProvider
[10/25/22, 20:22:57:754 CEST] 0000003b org.apache.myfaces.util.ExternalSpecifications               I MyFaces Core CDI support enabled
[10/25/22, 20:22:57:760 CEST] 0000003b org.apache.myfaces.util.ExternalSpecifications               I MyFaces Core Bean Validation support disabled
[10/25/22, 20:22:57:822 CEST] 0000003b org.apache.myfaces.config.FacesConfigurator                  I Serialization provider : class org.apache.myfaces.shared_impl.util.serial.DefaultSerialFactory
[10/25/22, 20:22:57:883 CEST] 0000003b org.apache.myfaces.webapp.AbstractFacesInitializer           I ServletContext initialized.
[10/25/22, 20:22:57:885 CEST] 0000003b org.apache.myfaces.webapp.WebConfigParamsLogger              I Tomahawk jar not available. Autoscrolling, DetectJavascript, AddResourceClass and CheckExtensionsFilter are disabled now.
[10/25/22, 20:22:57:885 CEST] 0000003b org.apache.myfaces.webapp.WebConfigParamsLogger              I Scanning for context init parameters not defined. It is not necessary to define them all into your web.xml, they are just provided here for informative purposes. To disable this messages set org.apache.myfaces.LOG_WEB_CONTEXT_PARAMS config param to 'false'
[10/25/22, 20:22:57:885 CEST] 0000003b org.apache.myfaces.webapp.WebConfigParamsLogger              I No context init parameter 'javax.faces.RESOURCE_EXCLUDES' found, using default value '.class .jsp .jspx .properties .xhtml .groovy'.
[10/25/22, 20:22:57:885 CEST] 0000003b org.apache.myfaces.webapp.WebConfigParamsLogger              I No context init parameter 'javax.faces.STATE_SAVING_METHOD' found, using default value 'server'.
[10/25/22, 20:22:57:885 CEST] 0000003b org.apache.myfaces.webapp.WebConfigParamsLogger              I No context init parameter 'javax.faces.FULL_STATE_SAVING_VIEW_IDS' found.
[10/25/22, 20:22:57:885 CEST] 0000003b org.apache.myfaces.webapp.WebConfigParamsLogger              I No context init parameter 'javax.faces.PARTIAL_STATE_SAVING' found, using default value 'true (false with 1.2 webapps)'.
[10/25/22, 20:22:57:886 CEST] 0000003b org.apache.myfaces.webapp.WebConfigParamsLogger              I No context init parameter 'javax.faces.SERIALIZE_SERVER_STATE' found, using default value 'false'.
[10/25/22, 20:22:57:886 CEST] 0000003b org.apache.myfaces.webapp.WebConfigParamsLogger              I No context init parameter 'javax.faces.DEFAULT_SUFFIX' found, using default value '.xhtml .view.xml .jsp'.
[10/25/22, 20:22:57:886 CEST] 0000003b org.apache.myfaces.webapp.WebConfigParamsLogger              I No context init parameter 'javax.faces.FACELETS_SUFFIX' found, using default value '.xhtml'.
[10/25/22, 20:22:57:886 CEST] 0000003b org.apache.myfaces.webapp.WebConfigParamsLogger              I No context init parameter 'javax.faces.FACELETS_VIEW_MAPPINGS' found.
[10/25/22, 20:22:57:886 CEST] 0000003b org.apache.myfaces.webapp.WebConfigParamsLogger              I No context init parameter 'javax.faces.DISABLE_FACELET_JSF_VIEWHANDLER' found.
[10/25/22, 20:22:57:886 CEST] 0000003b org.apache.myfaces.webapp.WebConfigParamsLogger              I No context init parameter 'javax.faces.FACELETS_BUFFER_SIZE' found, using default value '1024'.
[10/25/22, 20:22:57:886 CEST] 0000003b org.apache.myfaces.webapp.WebConfigParamsLogger              I No context init parameter 'javax.faces.FACELETS_DECORATORS' found.
[10/25/22, 20:22:57:886 CEST] 0000003b org.apache.myfaces.webapp.WebConfigParamsLogger              I No context init parameter 'javax.faces.FACELETS_LIBRARIES' found.
[10/25/22, 20:22:57:887 CEST] 0000003b org.apache.myfaces.webapp.WebConfigParamsLogger              I No context init parameter 'javax.faces.FACELETS_REFRESH_PERIOD' found, using default value '-1'.
[10/25/22, 20:22:57:887 CEST] 0000003b org.apache.myfaces.webapp.WebConfigParamsLogger              I No context init parameter 'javax.faces.FACELETS_SKIP_COMMENTS' found.
[10/25/22, 20:22:57:887 CEST] 0000003b org.apache.myfaces.webapp.WebConfigParamsLogger              I No context init parameter 'javax.faces.HONOR_CURRENT_COMPONENT_ATTRIBUTES' found, using default value 'false'.
[10/25/22, 20:22:57:887 CEST] 0000003b org.apache.myfaces.webapp.WebConfigParamsLogger              I No context init parameter 'javax.faces.VALIDATE_EMPTY_FIELDS' found, using default value 'auto'.
[10/25/22, 20:22:57:887 CEST] 0000003b org.apache.myfaces.webapp.WebConfigParamsLogger              I No context init parameter 'javax.faces.INTERPRET_EMPTY_STRING_SUBMITTED_VALUES_AS_NULL' found, using default value 'false'.
[10/25/22, 20:22:57:887 CEST] 0000003b org.apache.myfaces.webapp.WebConfigParamsLogger              I No context init parameter 'org.apache.myfaces.CLEAR_INPUT_WHEN_SUBMITTED_VALUE_IS_NULL_OR_EMPTY' found, using default value 'true'.
[10/25/22, 20:22:57:887 CEST] 0000003b org.apache.myfaces.webapp.WebConfigParamsLogger              I No context init parameter 'javax.faces.ALWAYS_PERFORM_VALIDATION_WHEN_REQUIRED_IS_TRUE' found, using default value 'false'.
[10/25/22, 20:22:57:887 CEST] 0000003b org.apache.myfaces.webapp.WebConfigParamsLogger              I No context init parameter 'javax.faces.VIEWROOT_PHASE_LISTENER_QUEUES_EXCEPTIONS' found, using default value 'false'.
[10/25/22, 20:22:57:887 CEST] 0000003b org.apache.myfaces.webapp.WebConfigParamsLogger              I No context init parameter 'javax.faces.DATETIMECONVERTER_DEFAULT_TIMEZONE_IS_SYSTEM_TIMEZONE' found, using default value 'false'.
[10/25/22, 20:22:57:888 CEST] 0000003b org.apache.myfaces.webapp.WebConfigParamsLogger              I No context init parameter 'org.apache.myfaces.ENUM_CONVERTER_ALLOW_STRING_PASSTROUGH' found, using default value 'false'.
[10/25/22, 20:22:57:888 CEST] 0000003b org.apache.myfaces.webapp.WebConfigParamsLogger              I No context init parameter 'javax.faces.validator.DISABLE_DEFAULT_BEAN_VALIDATOR' found, using default value 'true'.
[10/25/22, 20:22:57:888 CEST] 0000003b org.apache.myfaces.webapp.WebConfigParamsLogger              I No context init parameter 'javax.faces.validator.ENABLE_VALIDATE_WHOLE_BEAN' found, using default value 'false'.
[10/25/22, 20:22:57:888 CEST] 0000003b org.apache.myfaces.webapp.WebConfigParamsLogger              I No context init parameter 'javax.faces.CONFIG_FILES' found.
[10/25/22, 20:22:57:888 CEST] 0000003b org.apache.myfaces.webapp.WebConfigParamsLogger              I No context init parameter 'javax.faces.LIFECYCLE_ID' found.
[10/25/22, 20:22:57:888 CEST] 0000003b org.apache.myfaces.webapp.WebConfigParamsLogger              I No context init parameter 'javax.faces.DISABLE_FACESSERVLET_TO_XHTML' found.
[10/25/22, 20:22:57:888 CEST] 0000003b org.apache.myfaces.webapp.WebConfigParamsLogger              I No context init parameter 'org.apache.myfaces.CHECKED_VIEWID_CACHE_SIZE' found, using default value '500'.
[10/25/22, 20:22:57:888 CEST] 0000003b org.apache.myfaces.webapp.WebConfigParamsLogger              I No context init parameter 'org.apache.myfaces.CHECKED_VIEWID_CACHE_ENABLED' found, using default value 'true'.
[10/25/22, 20:22:57:888 CEST] 0000003b org.apache.myfaces.webapp.WebConfigParamsLogger              I No context init parameter 'org.apache.myfaces.CONFIG_REFRESH_PERIOD' found, using default value '2'.
[10/25/22, 20:22:57:889 CEST] 0000003b org.apache.myfaces.webapp.WebConfigParamsLogger              I No context init parameter 'org.apache.myfaces.RENDER_VIEWSTATE_ID' found, using default value 'true'.
[10/25/22, 20:22:57:889 CEST] 0000003b org.apache.myfaces.webapp.WebConfigParamsLogger              I No context init parameter 'org.apache.myfaces.STRICT_XHTML_LINKS' found, using default value 'true'.
[10/25/22, 20:22:57:889 CEST] 0000003b org.apache.myfaces.webapp.WebConfigParamsLogger              I No context init parameter 'org.apache.myfaces.RENDER_CLEAR_JAVASCRIPT_FOR_BUTTON' found, using default value 'false'.
[10/25/22, 20:22:57:889 CEST] 0000003b org.apache.myfaces.webapp.WebConfigParamsLogger              I No context init parameter 'org.apache.myfaces.RENDER_HIDDEN_FIELDS_FOR_LINK_PARAMS' found, using default value 'false'.
[10/25/22, 20:22:57:889 CEST] 0000003b org.apache.myfaces.webapp.WebConfigParamsLogger              I No context init parameter 'org.apache.myfaces.SAVE_FORM_SUBMIT_LINK_IE' found, using default value 'false'.
[10/25/22, 20:22:57:889 CEST] 0000003b org.apache.myfaces.webapp.WebConfigParamsLogger              I No context init parameter 'org.apache.myfaces.DELEGATE_FACES_SERVLET' found.
[10/25/22, 20:22:57:889 CEST] 0000003b org.apache.myfaces.webapp.WebConfigParamsLogger              I No context init parameter 'org.apache.myfaces.REFRESH_TRANSIENT_BUILD_ON_PSS' found, using default value 'auto'.
[10/25/22, 20:22:57:889 CEST] 0000003b org.apache.myfaces.webapp.WebConfigParamsLogger              I No context init parameter 'org.apache.myfaces.REFRESH_TRANSIENT_BUILD_ON_PSS_PRESERVE_STATE' found, using default value 'false'.
[10/25/22, 20:22:57:890 CEST] 0000003b org.apache.myfaces.webapp.WebConfigParamsLogger              I No context init parameter 'org.apache.myfaces.VALIDATE_XML' found.
[10/25/22, 20:22:57:890 CEST] 0000003b org.apache.myfaces.webapp.WebConfigParamsLogger              I No context init parameter 'org.apache.myfaces.WRAP_SCRIPT_CONTENT_WITH_XML_COMMENT_TAG' found, using default value 'false'.
[10/25/22, 20:22:57:890 CEST] 0000003b org.apache.myfaces.webapp.WebConfigParamsLogger              I No context init parameter 'org.apache.myfaces.DEBUG_PHASE_LISTENER' found.
[10/25/22, 20:22:57:890 CEST] 0000003b org.apache.myfaces.webapp.WebConfigParamsLogger              I No context init parameter 'org.apache.myfaces.STRICT_JSF_2_CC_EL_RESOLVER' found, using default value 'false'.
[10/25/22, 20:22:57:890 CEST] 0000003b org.apache.myfaces.webapp.WebConfigParamsLogger              I No context init parameter 'org.apache.myfaces.DEFAULT_RESPONSE_WRITER_CONTENT_TYPE_MODE' found, using default value 'text/html'.
[10/25/22, 20:22:57:890 CEST] 0000003b org.apache.myfaces.webapp.WebConfigParamsLogger              I No context init parameter 'org.apache.myfaces.VIEW_UNIQUE_IDS_CACHE_ENABLED' found, using default value 'true'.
[10/25/22, 20:22:57:891 CEST] 0000003b org.apache.myfaces.webapp.WebConfigParamsLogger              I No context init parameter 'org.apache.myfaces.COMPONENT_UNIQUE_IDS_CACHE_SIZE' found, using default value '100'.
[10/25/22, 20:22:57:891 CEST] 0000003b org.apache.myfaces.webapp.WebConfigParamsLogger              I No context init parameter 'org.apache.myfaces.SUPPORT_JSP_AND_FACES_EL' found, using default value 'true'.
[10/25/22, 20:22:57:891 CEST] 0000003b org.apache.myfaces.webapp.WebConfigParamsLogger              I No context init parameter 'org.apache.myfaces.SUPPORT_MANAGED_BEANS' found, using default value 'true'.
[10/25/22, 20:22:57:891 CEST] 0000003b org.apache.myfaces.webapp.WebConfigParamsLogger              I No context init parameter 'org.apache.myfaces.GAE_JSF_JAR_FILES' found.
[10/25/22, 20:22:57:891 CEST] 0000003b org.apache.myfaces.webapp.WebConfigParamsLogger              I No context init parameter 'org.apache.myfaces.GAE_JSF_ANNOTATIONS_JAR_FILES' found.
[10/25/22, 20:22:57:891 CEST] 0000003b org.apache.myfaces.webapp.WebConfigParamsLogger              I No context init parameter 'org.apache.myfaces.STRICT_JSF_2_VIEW_NOT_FOUND' found, using default value 'false'.
[10/25/22, 20:22:57:891 CEST] 0000003b org.apache.myfaces.webapp.WebConfigParamsLogger              I No context init parameter 'org.apache.myfaces.EARLY_FLUSH_ENABLED' found, using default value 'false'.
[10/25/22, 20:22:57:892 CEST] 0000003b org.apache.myfaces.webapp.WebConfigParamsLogger              I No context init parameter 'org.apache.myfaces.STRICT_JSF_2_FACELETS_COMPATIBILITY' found, using default value 'false'.
[10/25/22, 20:22:57:892 CEST] 0000003b org.apache.myfaces.webapp.WebConfigParamsLogger              I No context init parameter 'org.apache.myfaces.RENDER_FORM_VIEW_STATE_AT_BEGIN' found, using default value 'false'.
[10/25/22, 20:22:57:892 CEST] 0000003b org.apache.myfaces.webapp.WebConfigParamsLogger              I No context init parameter 'org.apache.myfaces.FLASH_SCOPE_DISABLED' found, using default value 'false'.
[10/25/22, 20:22:57:892 CEST] 0000003b org.apache.myfaces.webapp.WebConfigParamsLogger              I No context init parameter 'org.apache.myfaces.NUMBER_OF_VIEWS_IN_SESSION' found, using default value '20'.
[10/25/22, 20:22:57:892 CEST] 0000003b org.apache.myfaces.webapp.WebConfigParamsLogger              I No context init parameter 'org.apache.myfaces.NUMBER_OF_SEQUENTIAL_VIEWS_IN_SESSION' found, using default value '4'.
[10/25/22, 20:22:57:892 CEST] 0000003b org.apache.myfaces.webapp.WebConfigParamsLogger              I No context init parameter 'org.apache.myfaces.NUMBER_OF_FLASH_TOKENS_IN_SESSION' found.
[10/25/22, 20:22:57:892 CEST] 0000003b org.apache.myfaces.webapp.WebConfigParamsLogger              I No context init parameter 'org.apache.myfaces.FACES_FLOW_CLIENT_WINDOW_IDS_IN_SESSION' found.
[10/25/22, 20:22:57:892 CEST] 0000003b org.apache.myfaces.webapp.WebConfigParamsLogger              I No context init parameter 'org.apache.myfaces.SUPPORT_EL_3_IMPORT_HANDLER' found, using default value 'false'.
[10/25/22, 20:22:57:892 CEST] 0000003b org.apache.myfaces.webapp.WebConfigParamsLogger              I No context init parameter 'org.apache.myfaces.STRICT_JSF_2_ORIGIN_HEADER_APP_PATH' found, using default value 'false'.
[10/25/22, 20:22:57:893 CEST] 0000003b org.apache.myfaces.webapp.WebConfigParamsLogger              I No context init parameter 'org.apache.myfaces.ALWAYS_FORCE_SESSION_CREATION' found, using default value 'true'.
[10/25/22, 20:22:57:893 CEST] 0000003b org.apache.myfaces.webapp.WebConfigParamsLogger              I No context init parameter 'org.apache.myfaces.RESOURCE_MAX_TIME_EXPIRES' found, using default value '604800000'.
[10/25/22, 20:22:57:893 CEST] 0000003b org.apache.myfaces.webapp.WebConfigParamsLogger              I No context init parameter 'org.apache.myfaces.RESOURCE_HANDLER_CACHE_SIZE' found, using default value '500'.
[10/25/22, 20:22:57:893 CEST] 0000003b org.apache.myfaces.webapp.WebConfigParamsLogger              I No context init parameter 'org.apache.myfaces.RESOURCE_HANDLER_CACHE_ENABLED' found, using default value 'true'.
[10/25/22, 20:22:57:893 CEST] 0000003b org.apache.myfaces.webapp.WebConfigParamsLogger              I No context init parameter 'org.apache.myfaces.USE_ENCRYPTION' found, using default value 'true'.
[10/25/22, 20:22:57:893 CEST] 0000003b org.apache.myfaces.webapp.WebConfigParamsLogger              I No context init parameter 'org.apache.myfaces.SECRET' found.
[10/25/22, 20:22:57:893 CEST] 0000003b org.apache.myfaces.webapp.WebConfigParamsLogger              I No context init parameter 'org.apache.myfaces.ALGORITHM' found, using default value 'DES'.
[10/25/22, 20:22:57:893 CEST] 0000003b org.apache.myfaces.webapp.WebConfigParamsLogger              I No context init parameter 'org.apache.myfaces.SECRET.CACHE' found.
[10/25/22, 20:22:57:893 CEST] 0000003b org.apache.myfaces.webapp.WebConfigParamsLogger              I No context init parameter 'org.apache.myfaces.ALGORITHM.IV' found.
[10/25/22, 20:22:57:893 CEST] 0000003b org.apache.myfaces.webapp.WebConfigParamsLogger              I No context init parameter 'org.apache.myfaces.ALGORITHM.PARAMETERS' found, using default value 'ECB/PKCS5Padding'.
[10/25/22, 20:22:57:894 CEST] 0000003b org.apache.myfaces.webapp.WebConfigParamsLogger              I No context init parameter 'org.apache.myfaces.SERIAL_FACTORY' found.
[10/25/22, 20:22:57:894 CEST] 0000003b org.apache.myfaces.webapp.WebConfigParamsLogger              I No context init parameter 'org.apache.myfaces.COMPRESS_STATE_IN_CLIENT' found, using default value 'false'.
[10/25/22, 20:22:57:894 CEST] 0000003b org.apache.myfaces.webapp.WebConfigParamsLogger              I No context init parameter 'org.apache.myfaces.MAC_ALGORITHM' found, using default value 'HmacSHA1'.
[10/25/22, 20:22:57:894 CEST] 0000003b org.apache.myfaces.webapp.WebConfigParamsLogger              I No context init parameter 'org.apache.myfaces.MAC_SECRET' found.
[10/25/22, 20:22:57:894 CEST] 0000003b org.apache.myfaces.webapp.WebConfigParamsLogger              I No context init parameter 'org.apache.myfaces.MAC_SECRET.CACHE' found.
[10/25/22, 20:22:57:895 CEST] 0000003b org.apache.myfaces.webapp.WebConfigParamsLogger              I No context init parameter 'org.apache.myfaces.LAZY_LOAD_CONFIG_OBJECTS' found, using default value 'true'.
[10/25/22, 20:22:57:895 CEST] 0000003b org.apache.myfaces.webapp.WebConfigParamsLogger              I No context init parameter 'org.apache.myfaces.STRICT_JSF_2_ALLOW_SLASH_LIBRARY_NAME' found, using default value 'false'.
[10/25/22, 20:22:57:895 CEST] 0000003b org.apache.myfaces.webapp.WebConfigParamsLogger              I No context init parameter 'org.apache.myfaces.RESOURCE_BUFFER_SIZE' found, using default value '2048'.
[10/25/22, 20:22:57:895 CEST] 0000003b org.apache.myfaces.webapp.WebConfigParamsLogger              I No context init parameter 'org.apache.myfaces.RANDOM_KEY_IN_CSRF_SESSION_TOKEN' found, using default value 'secureRandom'.
[10/25/22, 20:22:57:895 CEST] 0000003b org.apache.myfaces.webapp.WebConfigParamsLogger              I No context init parameter 'org.apache.myfaces.RANDOM_KEY_IN_CSRF_SESSION_TOKEN_LENGTH' found, using default value '16'.
[10/25/22, 20:22:57:895 CEST] 0000003b org.apache.myfaces.webapp.WebConfigParamsLogger              I No context init parameter 'org.apache.myfaces.RANDOM_KEY_IN_CSRF_SESSION_TOKEN_SECURE_RANDOM_CLASS' found.
[10/25/22, 20:22:57:895 CEST] 0000003b org.apache.myfaces.webapp.WebConfigParamsLogger              I No context init parameter 'org.apache.myfaces.RANDOM_KEY_IN_CSRF_SESSION_TOKEN_SECURE_RANDOM_PROVIDER' found.
[10/25/22, 20:22:57:895 CEST] 0000003b org.apache.myfaces.webapp.WebConfigParamsLogger              I No context init parameter 'org.apache.myfaces.RANDOM_KEY_IN_CSRF_SESSION_TOKEN_SECURE_RANDOM_ALGORITM' found, using default value 'SHA1PRNG'.
[10/25/22, 20:22:57:896 CEST] 0000003b org.apache.myfaces.webapp.WebConfigParamsLogger              I No context init parameter 'org.apache.myfaces.CLIENT_VIEW_STATE_TIMEOUT' found, using default value '0'.
[10/25/22, 20:22:57:896 CEST] 0000003b org.apache.myfaces.webapp.WebConfigParamsLogger              I No context init parameter 'org.apache.myfaces.SERIALIZE_STATE_IN_SESSION' found, using default value 'false'.
[10/25/22, 20:22:57:896 CEST] 0000003b org.apache.myfaces.webapp.WebConfigParamsLogger              I No context init parameter 'org.apache.myfaces.COMPRESS_STATE_IN_SESSION' found, using default value 'true'.
[10/25/22, 20:22:57:896 CEST] 0000003b org.apache.myfaces.webapp.WebConfigParamsLogger              I No context init parameter 'org.apache.myfaces.USE_FLASH_SCOPE_PURGE_VIEWS_IN_SESSION' found, using default value 'false'.
[10/25/22, 20:22:57:896 CEST] 0000003b org.apache.myfaces.webapp.WebConfigParamsLogger              I No context init parameter 'org.apache.myfaces.RANDOM_KEY_IN_VIEW_STATE_SESSION_TOKEN' found, using default value 'secureRandom'.
[10/25/22, 20:22:57:896 CEST] 0000003b org.apache.myfaces.webapp.WebConfigParamsLogger              I No context init parameter 'org.apache.myfaces.RANDOM_KEY_IN_VIEW_STATE_SESSION_TOKEN_LENGTH' found, using default value '8'.
[10/25/22, 20:22:57:896 CEST] 0000003b org.apache.myfaces.webapp.WebConfigParamsLogger              I No context init parameter 'org.apache.myfaces.RANDOM_KEY_IN_VIEW_STATE_SESSION_TOKEN_SECURE_RANDOM_CLASS' found.
[10/25/22, 20:22:57:897 CEST] 0000003b org.apache.myfaces.webapp.WebConfigParamsLogger              I No context init parameter 'org.apache.myfaces.RANDOM_KEY_IN_VIEW_STATE_SESSION_TOKEN_SECURE_RANDOM_PROVIDER' found.
[10/25/22, 20:22:57:897 CEST] 0000003b org.apache.myfaces.webapp.WebConfigParamsLogger              I No context init parameter 'org.apache.myfaces.RANDOM_KEY_IN_VIEW_STATE_SESSION_TOKEN_SECURE_RANDOM_ALGORITM' found, using default value 'SHA1PRNG'.
[10/25/22, 20:22:57:897 CEST] 0000003b org.apache.myfaces.webapp.WebConfigParamsLogger              I No context init parameter 'facelets.LIBRARIES' found.
[10/25/22, 20:22:57:897 CEST] 0000003b org.apache.myfaces.webapp.WebConfigParamsLogger              I No context init parameter 'org.apache.myfaces.VALIDATE' found, using default value 'false'.
[10/25/22, 20:22:57:897 CEST] 0000003b org.apache.myfaces.webapp.WebConfigParamsLogger              I No context init parameter 'org.apache.myfaces.annotation.USE_CDI_FOR_ANNOTATION_SCANNING' found.
[10/25/22, 20:22:57:897 CEST] 0000003b org.apache.myfaces.webapp.WebConfigParamsLogger              I No context init parameter 'org.apache.myfaces.annotation.SCAN_PACKAGES' found.
[10/25/22, 20:22:57:897 CEST] 0000003b org.apache.myfaces.webapp.WebConfigParamsLogger              I No context init parameter 'org.apache.myfaces.config.annotation.LifecycleProvider' found.
[10/25/22, 20:22:57:898 CEST] 0000003b org.apache.myfaces.webapp.WebConfigParamsLogger              I No context init parameter 'javax.faces.WEBSOCKET_ENDPOINT_PORT' found.
[10/25/22, 20:22:57:898 CEST] 0000003b org.apache.myfaces.webapp.WebConfigParamsLogger              I No context init parameter 'org.apache.myfaces.INITIALIZE_SKIP_JAR_FACES_CONFIG_SCAN' found, using default value 'false'.
[10/25/22, 20:22:57:898 CEST] 0000003b org.apache.myfaces.webapp.WebConfigParamsLogger              I No context init parameter 'org.apache.myfaces.EL_RESOLVER_COMPARATOR' found.
[10/25/22, 20:22:57:898 CEST] 0000003b org.apache.myfaces.webapp.WebConfigParamsLogger              I No context init parameter 'org.apache.myfaces.EL_RESOLVER_PREDICATE' found.
[10/25/22, 20:22:57:898 CEST] 0000003b org.apache.myfaces.webapp.WebConfigParamsLogger              I No context init parameter 'org.apache.myfaces.DEFAULT_WINDOW_MODE' found, using default value 'url'.
[10/25/22, 20:22:57:898 CEST] 0000003b org.apache.myfaces.webapp.WebConfigParamsLogger              I No context init parameter 'org.apache.myfaces.WEBSOCKET_MAX_IDLE_TIMEOUT' found, using default value '300000'.
[10/25/22, 20:22:57:898 CEST] 0000003b org.apache.myfaces.webapp.WebConfigParamsLogger              I No context init parameter 'org.apache.myfaces.RANDOM_KEY_IN_WEBSOCKET_SESSION_TOKEN' found, using default value 'secureRandom'.
[10/25/22, 20:22:57:898 CEST] 0000003b org.apache.myfaces.webapp.WebConfigParamsLogger              I No context init parameter 'org.apache.myfaces.ERROR_TEMPLATE_RESOURCE' found, using default value 'META-INF/rsc/myfaces-dev-error.xml'.
[10/25/22, 20:22:57:899 CEST] 0000003b org.apache.myfaces.webapp.WebConfigParamsLogger              I No context init parameter 'org.apache.myfaces.DEBUG_TEMPLATE_RESOURCE' found, using default value 'META-INF/rsc/myfaces-dev-debug.xml'.
[10/25/22, 20:22:57:899 CEST] 0000003b org.apache.myfaces.webapp.WebConfigParamsLogger              I No context init parameter 'org.apache.myfaces.ERROR_HANDLING' found, using default value 'false, on Development Project stage: true'.
[10/25/22, 20:22:57:899 CEST] 0000003b org.apache.myfaces.webapp.WebConfigParamsLogger              I No context init parameter 'org.apache.myfaces.AUTOCOMPLETE_OFF_VIEW_STATE' found, using default value 'true'.
[10/25/22, 20:22:57:899 CEST] 0000003b org.apache.myfaces.webapp.WebConfigParamsLogger              I No context init parameter 'org.apache.myfaces.USE_MULTIPLE_JS_FILES_FOR_JSF_UNCOMPRESSED_JS' found, using default value 'false'.
[10/25/22, 20:22:57:899 CEST] 0000003b org.apache.myfaces.webapp.WebConfigParamsLogger              I No context init parameter 'org.apache.myfaces.JSF_JS_MODE' found, using default value 'normal'.
[10/25/22, 20:22:57:899 CEST] 0000003b org.apache.myfaces.webapp.WebConfigParamsLogger              I No context init parameter 'org.apache.myfaces.TEMPORAL_RESOURCEHANDLER_CACHE_ENABLED' found, using default value 'false'.
[10/25/22, 20:22:57:899 CEST] 0000003b org.apache.myfaces.webapp.WebConfigParamsLogger              I No context init parameter 'org.apache.myfaces.SERVICE_PROVIDER_FINDER' found.
[10/25/22, 20:22:57:900 CEST] 0000003b org.apache.myfaces.webapp.WebConfigParamsLogger              I No context init parameter 'org.apache.myfaces.spi.InjectionProvider' found.
[10/25/22, 20:22:57:900 CEST] 0000003b org.apache.myfaces.webapp.WebConfigParamsLogger              I No context init parameter 'javax.faces.DISABLE_FACELET_JSF_VIEWHANDLER' found, using default value 'false'.
[10/25/22, 20:22:57:900 CEST] 0000003b org.apache.myfaces.webapp.WebConfigParamsLogger              I No context init parameter 'org.apache.myfaces.CHECK_ID_PRODUCTION_MODE' found, using default value 'auto'.
[10/25/22, 20:22:57:900 CEST] 0000003b org.apache.myfaces.webapp.WebConfigParamsLogger              I No context init parameter 'facelets.BUFFER_SIZE' found.
[10/25/22, 20:22:57:900 CEST] 0000003b org.apache.myfaces.webapp.WebConfigParamsLogger              I No context init parameter 'facelets.REFRESH_PERIOD' found, using default value '-1'.
[10/25/22, 20:22:57:900 CEST] 0000003b org.apache.myfaces.webapp.WebConfigParamsLogger              I No context init parameter 'javax.faces.FACELETS_RESOURCE_RESOLVER' found.
[10/25/22, 20:22:57:900 CEST] 0000003b org.apache.myfaces.webapp.WebConfigParamsLogger              I No context init parameter 'facelets.RESOURCE_RESOLVER' found.
[10/25/22, 20:22:57:900 CEST] 0000003b org.apache.myfaces.webapp.WebConfigParamsLogger              I No context init parameter 'org.apache.myfaces.MARK_INITIAL_STATE_WHEN_APPLY_BUILD_VIEW' found, using default value 'false'.
[10/25/22, 20:22:57:900 CEST] 0000003b org.apache.myfaces.webapp.WebConfigParamsLogger              I No context init parameter 'facelets.DECORATORS' found.
[10/25/22, 20:22:57:900 CEST] 0000003b org.apache.myfaces.webapp.WebConfigParamsLogger              I No context init parameter 'org.apache.myfaces.WRAP_TAG_EXCEPTIONS_AS_CONTEXT_AWARE' found, using default value 'true'.
[10/25/22, 20:22:57:901 CEST] 0000003b org.apache.myfaces.webapp.WebConfigParamsLogger              I No context init parameter 'org.apache.myfaces.CACHE_EL_EXPRESSIONS' found, using default value 'noCache'.
[10/25/22, 20:22:57:901 CEST] 0000003b org.apache.myfaces.webapp.WebConfigParamsLogger              I No context init parameter 'org.apache.myfaces.VIEW_POOL_MAX_POOL_SIZE' found, using default value '5'.
[10/25/22, 20:22:57:901 CEST] 0000003b org.apache.myfaces.webapp.WebConfigParamsLogger              I No context init parameter 'org.apache.myfaces.VIEW_POOL_MAX_DYNAMIC_PARTIAL_LIMIT' found, using default value '2'.
[10/25/22, 20:22:57:901 CEST] 0000003b org.apache.myfaces.webapp.WebConfigParamsLogger              I No context init parameter 'org.apache.myfaces.VIEW_POOL_ENTRY_MODE' found, using default value 'soft'.
[10/25/22, 20:22:57:901 CEST] 0000003b org.apache.myfaces.webapp.WebConfigParamsLogger              I No context init parameter 'org.apache.myfaces.VIEW_POOL_DEFERRED_NAVIGATION' found, using default value 'false'.
[10/25/22, 20:22:57:901 CEST] 0000003b org.apache.myfaces.webapp.WebConfigParamsLogger              I No context init parameter 'org.apache.myfaces.validator.BEAN_BEFORE_JSF_VALIDATION' found, using default value 'false'.
[10/25/22, 20:22:57:901 CEST] 0000003b org.apache.myfaces.webapp.WebConfigParamsLogger              I No context init parameter 'org.apache.myfaces.JSP_SUFFIX' found, using default value '.jsp'.
[10/25/22, 20:22:57:901 CEST] 0000003b org.apache.myfaces.webapp.WebConfigParamsLogger              I No context init parameter 'org.apache.myfaces.EXPRESSION_FACTORY' found.
[10/25/22, 20:22:57:901 CEST] 0000003b org.apache.myfaces.webapp.WebConfigParamsLogger              I No context init parameter 'org.apache.myfaces.INITIALIZE_ALWAYS_STANDALONE' found, using default value 'false'.
[10/25/22, 20:22:57:901 CEST] 0000003b org.apache.myfaces.webapp.WebConfigParamsLogger              I No context init parameter 'org.apache.myfaces.LOG_WEB_CONTEXT_PARAMS' found, using default value 'auto'.
[10/25/22, 20:22:57:902 CEST] 0000003b org.apache.myfaces.webapp.WebConfigParamsLogger              I No context init parameter 'org.apache.myfaces.AUTOMATIC_EXTENSIONLESS_MAPPING' found, using default value 'false'.
[10/25/22, 20:22:57:902 CEST] 0000003b org.apache.myfaces.webapp.WebConfigParamsLogger              I No context init parameter 'org.apache.myfaces.FACES_INITIALIZER' found.
[10/25/22, 20:22:57:902 CEST] 0000003b org.apache.myfaces.webapp.WebConfigParamsLogger              I No context init parameter 'org.apache.myfaces.FACES_INIT_PLUGINS' found.
[10/25/22, 20:22:57:903 CEST] 0000003b org.apache.myfaces.webapp.AbstractFacesInitializer           W 

*******************************************************************
*** WARNING: Apache MyFaces-2 is running in DEVELOPMENT mode.   ***
***                                         ^^^^^^^^^^^         ***
*** Do NOT deploy to your live server(s) without changing this. ***
*** See Application#getProjectStage() for more information.     ***
*******************************************************************

[10/25/22, 20:22:57:904 CEST] 0000003b org.apache.myfaces.webapp.StartupServletContextListener      I MyFaces Core has started, it took [521] ms.
[10/25/22, 20:22:57:993 CEST] 0000003b com.ibm.ws.app.manager.AppMessageHelper                      A CWWKZ0001I: Application LabJakartaEE-1.0-SNAPSHOT started in 2.494 seconds.
[10/25/22, 20:22:58:010 CEST] 00000027 com.ibm.ws.tcpchannel.internal.TCPPort                       I CWWKO0219I: TCP Channel defaultHttpEndpoint has been started and is now listening for requests on host localhost  (IPv4: 127.0.0.1) port 9080.
[10/25/22, 20:22:58:015 CEST] 00000027 com.ibm.ws.kernel.feature.internal.FeatureManager            A CWWKF0012I: The server installed the following features: [cdi-2.0, el-3.0, jsf-2.3, jsonb-1.0, jsonp-1.1, jsp-2.3, servlet-4.0].
[10/25/22, 20:22:58:016 CEST] 00000027 com.ibm.ws.kernel.feature.internal.FeatureManager            I CWWKF0008I: Feature update completed in 3.338 seconds.
[10/25/22, 20:22:58:016 CEST] 00000027 com.ibm.ws.kernel.feature.internal.FeatureManager            A CWWKF0011I: The defaultServer server is ready to run a smarter planet. The defaultServer server started in 4.388 seconds.
[10/25/22, 20:23:03:242 CEST] 0000003b com.ibm.ws.http.internal.VirtualHostImpl                     A CWWKT0017I: Web application removed (default_host): http://localhost:9080/LabJakartaEE-1.0-SNAPSHOT/
[10/25/22, 20:23:03:271 CEST] 0000003b com.ibm.ws.app.manager.AppMessageHelper                      A CWWKZ0009I: The application LabJakartaEE-1.0-SNAPSHOT has stopped successfully.
[10/25/22, 20:23:03:277 CEST] 0000003b com.ibm.ws.app.manager.AppMessageHelper                      I CWWKZ0018I: Starting application LabJakartaEE-1.0-SNAPSHOT.
[10/25/22, 20:23:03:278 CEST] 0000003b bm.ws.app.manager.war.internal.WARDeployedAppInfoFactoryImpl I CWWKZ0134I: The LabJakartaEE-1.0-SNAPSHOT application is using the loose application definition at the /Users/janstopinski/projects/jakartaEE/LabJakartaEE/target/liberty/wlp/usr/servers/defaultServer/dropins/LabJakartaEE-1.0-SNAPSHOT.war.xml location.
[10/25/22, 20:23:03:540 CEST] 0000003e com.ibm.ws.webcontainer.osgi.mbeans.PluginGenerator          I SRVE9103I: A configuration file for a web server plugin was automatically generated for this server at /Users/janstopinski/projects/jakartaEE/LabJakartaEE/target/liberty/wlp/usr/servers/defaultServer/logs/state/plugin-cfg.xml.
[10/25/22, 20:23:03:773 CEST] 0000003b org.jboss.weld.Event                                         I WELD-000411: Observer method [BackedAnnotatedMethod] org.apache.myfaces.config.annotation.CdiAnnotationProviderExtension.processAnnotatedType(@Observes ProcessAnnotatedType<T>) receives events for all annotated types. Consider restricting events using @WithAnnotations or a generic type with bounds.
[10/25/22, 20:23:03:776 CEST] 0000003b org.jboss.weld.Event                                         I WELD-000411: Observer method [BackedAnnotatedMethod] org.apache.myfaces.cdi.JsfArtifactProducerExtension.processAnnotatedType(@Observes ProcessAnnotatedType<T>, BeanManager) receives events for all annotated types. Consider restricting events using @WithAnnotations or a generic type with bounds.
[10/25/22, 20:23:03:869 CEST] 0000003b com.ibm.ws.webcontainer.osgi.webapp.WebGroup                 I SRVE0169I: Loading Web Module: LabJakartaEE-1.0-SNAPSHOT.
[10/25/22, 20:23:03:870 CEST] 0000003b com.ibm.ws.webcontainer                                      I SRVE0250I: Web Module LabJakartaEE-1.0-SNAPSHOT has been bound to default_host.
[10/25/22, 20:23:03:870 CEST] 0000003b com.ibm.ws.http.internal.VirtualHostImpl                     A CWWKT0016I: Web application available (default_host): http://localhost:9080/LabJakartaEE-1.0-SNAPSHOT/
[10/25/22, 20:23:03:871 CEST] 00000040 com.ibm.ws.session.WASSessionCore                            I SESN0176I: A new session context will be created for application key default_host/LabJakartaEE-1.0-SNAPSHOT
[10/25/22, 20:23:03:873 CEST] 00000040 com.ibm.ws.util                                              I SESN0172I: The session manager is using the Java default SecureRandom implementation for session ID generation.
[10/25/22, 20:23:03:899 CEST] 00000042 com.ibm.ws.webcontainer.osgi.mbeans.PluginGenerator          I SRVE9103I: A configuration file for a web server plugin was automatically generated for this server at /Users/janstopinski/projects/jakartaEE/LabJakartaEE/target/liberty/wlp/usr/servers/defaultServer/logs/state/plugin-cfg.xml.
[10/25/22, 20:23:03:948 CEST] 00000040 org.apache.myfaces.ee.MyFacesContainerInitializer            I Using org.apache.myfaces.ee.MyFacesContainerInitializer
[10/25/22, 20:23:03:969 CEST] 00000040 org.apache.myfaces.config.DefaultFacesConfigurationProvider  I Reading standard config META-INF/standard-faces-config.xml
[10/25/22, 20:23:04:054 CEST] 00000040 org.apache.myfaces.config.DefaultFacesConfigurationProvider  I Found javax.faces.application.ApplicationFactory factory implementation: com.ibm.ws.jsf.config.WASApplicationFactoryImpl
[10/25/22, 20:23:04:087 CEST] 00000040 org.apache.myfaces.spi.impl.DefaultInjectionProviderFactory  I Using InjectionProvider com.ibm.ws.jsf.spi.impl.WASCDIAnnotationDelegateInjectionProvider
[10/25/22, 20:23:04:161 CEST] 00000040 org.apache.myfaces.config.FacesConfigurator                  I Serialization provider : class org.apache.myfaces.shared_impl.util.serial.DefaultSerialFactory
[10/25/22, 20:23:04:169 CEST] 00000040 org.apache.myfaces.webapp.AbstractFacesInitializer           I ServletContext initialized.
[10/25/22, 20:23:04:169 CEST] 00000040 org.apache.myfaces.webapp.WebConfigParamsLogger              I Tomahawk jar not available. Autoscrolling, DetectJavascript, AddResourceClass and CheckExtensionsFilter are disabled now.
[10/25/22, 20:23:04:170 CEST] 00000040 org.apache.myfaces.webapp.WebConfigParamsLogger              I Scanning for context init parameters not defined. It is not necessary to define them all into your web.xml, they are just provided here for informative purposes. To disable this messages set org.apache.myfaces.LOG_WEB_CONTEXT_PARAMS config param to 'false'
[10/25/22, 20:23:04:170 CEST] 00000040 org.apache.myfaces.webapp.WebConfigParamsLogger              I No context init parameter 'javax.faces.RESOURCE_EXCLUDES' found, using default value '.class .jsp .jspx .properties .xhtml .groovy'.
[10/25/22, 20:23:04:170 CEST] 00000040 org.apache.myfaces.webapp.WebConfigParamsLogger              I No context init parameter 'javax.faces.STATE_SAVING_METHOD' found, using default value 'server'.
[10/25/22, 20:23:04:170 CEST] 00000040 org.apache.myfaces.webapp.WebConfigParamsLogger              I No context init parameter 'javax.faces.FULL_STATE_SAVING_VIEW_IDS' found.
[10/25/22, 20:23:04:170 CEST] 00000040 org.apache.myfaces.webapp.WebConfigParamsLogger              I No context init parameter 'javax.faces.PARTIAL_STATE_SAVING' found, using default value 'true (false with 1.2 webapps)'.
[10/25/22, 20:23:04:170 CEST] 00000040 org.apache.myfaces.webapp.WebConfigParamsLogger              I No context init parameter 'javax.faces.SERIALIZE_SERVER_STATE' found, using default value 'false'.
[10/25/22, 20:23:04:171 CEST] 00000040 org.apache.myfaces.webapp.WebConfigParamsLogger              I No context init parameter 'javax.faces.DEFAULT_SUFFIX' found, using default value '.xhtml .view.xml .jsp'.
[10/25/22, 20:23:04:171 CEST] 00000040 org.apache.myfaces.webapp.WebConfigParamsLogger              I No context init parameter 'javax.faces.FACELETS_SUFFIX' found, using default value '.xhtml'.
[10/25/22, 20:23:04:172 CEST] 00000040 org.apache.myfaces.webapp.WebConfigParamsLogger              I No context init parameter 'javax.faces.FACELETS_VIEW_MAPPINGS' found.
[10/25/22, 20:23:04:172 CEST] 00000040 org.apache.myfaces.webapp.WebConfigParamsLogger              I No context init parameter 'javax.faces.DISABLE_FACELET_JSF_VIEWHANDLER' found.
[10/25/22, 20:23:04:173 CEST] 00000040 org.apache.myfaces.webapp.WebConfigParamsLogger              I No context init parameter 'javax.faces.FACELETS_BUFFER_SIZE' found, using default value '1024'.
[10/25/22, 20:23:04:173 CEST] 00000040 org.apache.myfaces.webapp.WebConfigParamsLogger              I No context init parameter 'javax.faces.FACELETS_DECORATORS' found.
[10/25/22, 20:23:04:173 CEST] 00000040 org.apache.myfaces.webapp.WebConfigParamsLogger              I No context init parameter 'javax.faces.FACELETS_LIBRARIES' found.
[10/25/22, 20:23:04:173 CEST] 00000040 org.apache.myfaces.webapp.WebConfigParamsLogger              I No context init parameter 'javax.faces.FACELETS_REFRESH_PERIOD' found, using default value '-1'.
[10/25/22, 20:23:04:173 CEST] 00000040 org.apache.myfaces.webapp.WebConfigParamsLogger              I No context init parameter 'javax.faces.FACELETS_SKIP_COMMENTS' found.
[10/25/22, 20:23:04:173 CEST] 00000040 org.apache.myfaces.webapp.WebConfigParamsLogger              I No context init parameter 'javax.faces.HONOR_CURRENT_COMPONENT_ATTRIBUTES' found, using default value 'false'.
[10/25/22, 20:23:04:174 CEST] 00000040 org.apache.myfaces.webapp.WebConfigParamsLogger              I No context init parameter 'javax.faces.VALIDATE_EMPTY_FIELDS' found, using default value 'auto'.
[10/25/22, 20:23:04:174 CEST] 00000040 org.apache.myfaces.webapp.WebConfigParamsLogger              I No context init parameter 'javax.faces.INTERPRET_EMPTY_STRING_SUBMITTED_VALUES_AS_NULL' found, using default value 'false'.
[10/25/22, 20:23:04:174 CEST] 00000040 org.apache.myfaces.webapp.WebConfigParamsLogger              I No context init parameter 'org.apache.myfaces.CLEAR_INPUT_WHEN_SUBMITTED_VALUE_IS_NULL_OR_EMPTY' found, using default value 'true'.
[10/25/22, 20:23:04:174 CEST] 00000040 org.apache.myfaces.webapp.WebConfigParamsLogger              I No context init parameter 'javax.faces.ALWAYS_PERFORM_VALIDATION_WHEN_REQUIRED_IS_TRUE' found, using default value 'false'.
[10/25/22, 20:23:04:174 CEST] 00000040 org.apache.myfaces.webapp.WebConfigParamsLogger              I No context init parameter 'javax.faces.VIEWROOT_PHASE_LISTENER_QUEUES_EXCEPTIONS' found, using default value 'false'.
[10/25/22, 20:23:04:174 CEST] 00000040 org.apache.myfaces.webapp.WebConfigParamsLogger              I No context init parameter 'javax.faces.DATETIMECONVERTER_DEFAULT_TIMEZONE_IS_SYSTEM_TIMEZONE' found, using default value 'false'.
[10/25/22, 20:23:04:174 CEST] 00000040 org.apache.myfaces.webapp.WebConfigParamsLogger              I No context init parameter 'org.apache.myfaces.ENUM_CONVERTER_ALLOW_STRING_PASSTROUGH' found, using default value 'false'.
[10/25/22, 20:23:04:174 CEST] 00000040 org.apache.myfaces.webapp.WebConfigParamsLogger              I No context init parameter 'javax.faces.validator.DISABLE_DEFAULT_BEAN_VALIDATOR' found, using default value 'true'.
[10/25/22, 20:23:04:174 CEST] 00000040 org.apache.myfaces.webapp.WebConfigParamsLogger              I No context init parameter 'javax.faces.validator.ENABLE_VALIDATE_WHOLE_BEAN' found, using default value 'false'.
[10/25/22, 20:23:04:174 CEST] 00000040 org.apache.myfaces.webapp.WebConfigParamsLogger              I No context init parameter 'javax.faces.CONFIG_FILES' found.
[10/25/22, 20:23:04:174 CEST] 00000040 org.apache.myfaces.webapp.WebConfigParamsLogger              I No context init parameter 'javax.faces.LIFECYCLE_ID' found.
[10/25/22, 20:23:04:175 CEST] 00000040 org.apache.myfaces.webapp.WebConfigParamsLogger              I No context init parameter 'javax.faces.DISABLE_FACESSERVLET_TO_XHTML' found.
[10/25/22, 20:23:04:175 CEST] 00000040 org.apache.myfaces.webapp.WebConfigParamsLogger              I No context init parameter 'org.apache.myfaces.CHECKED_VIEWID_CACHE_SIZE' found, using default value '500'.
[10/25/22, 20:23:04:175 CEST] 00000040 org.apache.myfaces.webapp.WebConfigParamsLogger              I No context init parameter 'org.apache.myfaces.CHECKED_VIEWID_CACHE_ENABLED' found, using default value 'true'.
[10/25/22, 20:23:04:175 CEST] 00000040 org.apache.myfaces.webapp.WebConfigParamsLogger              I No context init parameter 'org.apache.myfaces.CONFIG_REFRESH_PERIOD' found, using default value '2'.
[10/25/22, 20:23:04:175 CEST] 00000040 org.apache.myfaces.webapp.WebConfigParamsLogger              I No context init parameter 'org.apache.myfaces.RENDER_VIEWSTATE_ID' found, using default value 'true'.
[10/25/22, 20:23:04:175 CEST] 00000040 org.apache.myfaces.webapp.WebConfigParamsLogger              I No context init parameter 'org.apache.myfaces.STRICT_XHTML_LINKS' found, using default value 'true'.
[10/25/22, 20:23:04:175 CEST] 00000040 org.apache.myfaces.webapp.WebConfigParamsLogger              I No context init parameter 'org.apache.myfaces.RENDER_CLEAR_JAVASCRIPT_FOR_BUTTON' found, using default value 'false'.
[10/25/22, 20:23:04:175 CEST] 00000040 org.apache.myfaces.webapp.WebConfigParamsLogger              I No context init parameter 'org.apache.myfaces.RENDER_HIDDEN_FIELDS_FOR_LINK_PARAMS' found, using default value 'false'.
[10/25/22, 20:23:04:175 CEST] 00000040 org.apache.myfaces.webapp.WebConfigParamsLogger              I No context init parameter 'org.apache.myfaces.SAVE_FORM_SUBMIT_LINK_IE' found, using default value 'false'.
[10/25/22, 20:23:04:175 CEST] 00000040 org.apache.myfaces.webapp.WebConfigParamsLogger              I No context init parameter 'org.apache.myfaces.DELEGATE_FACES_SERVLET' found.
[10/25/22, 20:23:04:175 CEST] 00000040 org.apache.myfaces.webapp.WebConfigParamsLogger              I No context init parameter 'org.apache.myfaces.REFRESH_TRANSIENT_BUILD_ON_PSS' found, using default value 'auto'.
[10/25/22, 20:23:04:175 CEST] 00000040 org.apache.myfaces.webapp.WebConfigParamsLogger              I No context init parameter 'org.apache.myfaces.REFRESH_TRANSIENT_BUILD_ON_PSS_PRESERVE_STATE' found, using default value 'false'.
[10/25/22, 20:23:04:176 CEST] 00000040 org.apache.myfaces.webapp.WebConfigParamsLogger              I No context init parameter 'org.apache.myfaces.VALIDATE_XML' found.
[10/25/22, 20:23:04:176 CEST] 00000040 org.apache.myfaces.webapp.WebConfigParamsLogger              I No context init parameter 'org.apache.myfaces.WRAP_SCRIPT_CONTENT_WITH_XML_COMMENT_TAG' found, using default value 'false'.
[10/25/22, 20:23:04:176 CEST] 00000040 org.apache.myfaces.webapp.WebConfigParamsLogger              I No context init parameter 'org.apache.myfaces.DEBUG_PHASE_LISTENER' found.
[10/25/22, 20:23:04:176 CEST] 00000040 org.apache.myfaces.webapp.WebConfigParamsLogger              I No context init parameter 'org.apache.myfaces.STRICT_JSF_2_CC_EL_RESOLVER' found, using default value 'false'.
[10/25/22, 20:23:04:176 CEST] 00000040 org.apache.myfaces.webapp.WebConfigParamsLogger              I No context init parameter 'org.apache.myfaces.DEFAULT_RESPONSE_WRITER_CONTENT_TYPE_MODE' found, using default value 'text/html'.
[10/25/22, 20:23:04:176 CEST] 00000040 org.apache.myfaces.webapp.WebConfigParamsLogger              I No context init parameter 'org.apache.myfaces.VIEW_UNIQUE_IDS_CACHE_ENABLED' found, using default value 'true'.
[10/25/22, 20:23:04:176 CEST] 00000040 org.apache.myfaces.webapp.WebConfigParamsLogger              I No context init parameter 'org.apache.myfaces.COMPONENT_UNIQUE_IDS_CACHE_SIZE' found, using default value '100'.
[10/25/22, 20:23:04:176 CEST] 00000040 org.apache.myfaces.webapp.WebConfigParamsLogger              I No context init parameter 'org.apache.myfaces.SUPPORT_JSP_AND_FACES_EL' found, using default value 'true'.
[10/25/22, 20:23:04:176 CEST] 00000040 org.apache.myfaces.webapp.WebConfigParamsLogger              I No context init parameter 'org.apache.myfaces.SUPPORT_MANAGED_BEANS' found, using default value 'true'.
[10/25/22, 20:23:04:176 CEST] 00000040 org.apache.myfaces.webapp.WebConfigParamsLogger              I No context init parameter 'org.apache.myfaces.GAE_JSF_JAR_FILES' found.
[10/25/22, 20:23:04:176 CEST] 00000040 org.apache.myfaces.webapp.WebConfigParamsLogger              I No context init parameter 'org.apache.myfaces.GAE_JSF_ANNOTATIONS_JAR_FILES' found.
[10/25/22, 20:23:04:176 CEST] 00000040 org.apache.myfaces.webapp.WebConfigParamsLogger              I No context init parameter 'org.apache.myfaces.STRICT_JSF_2_VIEW_NOT_FOUND' found, using default value 'false'.
[10/25/22, 20:23:04:177 CEST] 00000040 org.apache.myfaces.webapp.WebConfigParamsLogger              I No context init parameter 'org.apache.myfaces.EARLY_FLUSH_ENABLED' found, using default value 'false'.
[10/25/22, 20:23:04:177 CEST] 00000040 org.apache.myfaces.webapp.WebConfigParamsLogger              I No context init parameter 'org.apache.myfaces.STRICT_JSF_2_FACELETS_COMPATIBILITY' found, using default value 'false'.
[10/25/22, 20:23:04:177 CEST] 00000040 org.apache.myfaces.webapp.WebConfigParamsLogger              I No context init parameter 'org.apache.myfaces.RENDER_FORM_VIEW_STATE_AT_BEGIN' found, using default value 'false'.
[10/25/22, 20:23:04:177 CEST] 00000040 org.apache.myfaces.webapp.WebConfigParamsLogger              I No context init parameter 'org.apache.myfaces.FLASH_SCOPE_DISABLED' found, using default value 'false'.
[10/25/22, 20:23:04:177 CEST] 00000040 org.apache.myfaces.webapp.WebConfigParamsLogger              I No context init parameter 'org.apache.myfaces.NUMBER_OF_VIEWS_IN_SESSION' found, using default value '20'.
[10/25/22, 20:23:04:177 CEST] 00000040 org.apache.myfaces.webapp.WebConfigParamsLogger              I No context init parameter 'org.apache.myfaces.NUMBER_OF_SEQUENTIAL_VIEWS_IN_SESSION' found, using default value '4'.
[10/25/22, 20:23:04:177 CEST] 00000040 org.apache.myfaces.webapp.WebConfigParamsLogger              I No context init parameter 'org.apache.myfaces.NUMBER_OF_FLASH_TOKENS_IN_SESSION' found.
[10/25/22, 20:23:04:177 CEST] 00000040 org.apache.myfaces.webapp.WebConfigParamsLogger              I No context init parameter 'org.apache.myfaces.FACES_FLOW_CLIENT_WINDOW_IDS_IN_SESSION' found.
[10/25/22, 20:23:04:177 CEST] 00000040 org.apache.myfaces.webapp.WebConfigParamsLogger              I No context init parameter 'org.apache.myfaces.SUPPORT_EL_3_IMPORT_HANDLER' found, using default value 'false'.
[10/25/22, 20:23:04:177 CEST] 00000040 org.apache.myfaces.webapp.WebConfigParamsLogger              I No context init parameter 'org.apache.myfaces.STRICT_JSF_2_ORIGIN_HEADER_APP_PATH' found, using default value 'false'.
[10/25/22, 20:23:04:177 CEST] 00000040 org.apache.myfaces.webapp.WebConfigParamsLogger              I No context init parameter 'org.apache.myfaces.ALWAYS_FORCE_SESSION_CREATION' found, using default value 'true'.
[10/25/22, 20:23:04:177 CEST] 00000040 org.apache.myfaces.webapp.WebConfigParamsLogger              I No context init parameter 'org.apache.myfaces.RESOURCE_MAX_TIME_EXPIRES' found, using default value '604800000'.
[10/25/22, 20:23:04:177 CEST] 00000040 org.apache.myfaces.webapp.WebConfigParamsLogger              I No context init parameter 'org.apache.myfaces.RESOURCE_HANDLER_CACHE_SIZE' found, using default value '500'.
[10/25/22, 20:23:04:178 CEST] 00000040 org.apache.myfaces.webapp.WebConfigParamsLogger              I No context init parameter 'org.apache.myfaces.RESOURCE_HANDLER_CACHE_ENABLED' found, using default value 'true'.
[10/25/22, 20:23:04:178 CEST] 00000040 org.apache.myfaces.webapp.WebConfigParamsLogger              I No context init parameter 'org.apache.myfaces.USE_ENCRYPTION' found, using default value 'true'.
[10/25/22, 20:23:04:178 CEST] 00000040 org.apache.myfaces.webapp.WebConfigParamsLogger              I No context init parameter 'org.apache.myfaces.SECRET' found.
[10/25/22, 20:23:04:178 CEST] 00000040 org.apache.myfaces.webapp.WebConfigParamsLogger              I No context init parameter 'org.apache.myfaces.ALGORITHM' found, using default value 'DES'.
[10/25/22, 20:23:04:178 CEST] 00000040 org.apache.myfaces.webapp.WebConfigParamsLogger              I No context init parameter 'org.apache.myfaces.SECRET.CACHE' found.
[10/25/22, 20:23:04:178 CEST] 00000040 org.apache.myfaces.webapp.WebConfigParamsLogger              I No context init parameter 'org.apache.myfaces.ALGORITHM.IV' found.
[10/25/22, 20:23:04:178 CEST] 00000040 org.apache.myfaces.webapp.WebConfigParamsLogger              I No context init parameter 'org.apache.myfaces.ALGORITHM.PARAMETERS' found, using default value 'ECB/PKCS5Padding'.
[10/25/22, 20:23:04:178 CEST] 00000040 org.apache.myfaces.webapp.WebConfigParamsLogger              I No context init parameter 'org.apache.myfaces.SERIAL_FACTORY' found.
[10/25/22, 20:23:04:178 CEST] 00000040 org.apache.myfaces.webapp.WebConfigParamsLogger              I No context init parameter 'org.apache.myfaces.COMPRESS_STATE_IN_CLIENT' found, using default value 'false'.
[10/25/22, 20:23:04:178 CEST] 00000040 org.apache.myfaces.webapp.WebConfigParamsLogger              I No context init parameter 'org.apache.myfaces.MAC_ALGORITHM' found, using default value 'HmacSHA1'.
[10/25/22, 20:23:04:178 CEST] 00000040 org.apache.myfaces.webapp.WebConfigParamsLogger              I No context init parameter 'org.apache.myfaces.MAC_SECRET' found.
[10/25/22, 20:23:04:178 CEST] 00000040 org.apache.myfaces.webapp.WebConfigParamsLogger              I No context init parameter 'org.apache.myfaces.MAC_SECRET.CACHE' found.
[10/25/22, 20:23:04:179 CEST] 00000040 org.apache.myfaces.webapp.WebConfigParamsLogger              I No context init parameter 'org.apache.myfaces.LAZY_LOAD_CONFIG_OBJECTS' found, using default value 'true'.
[10/25/22, 20:23:04:179 CEST] 00000040 org.apache.myfaces.webapp.WebConfigParamsLogger              I No context init parameter 'org.apache.myfaces.STRICT_JSF_2_ALLOW_SLASH_LIBRARY_NAME' found, using default value 'false'.
[10/25/22, 20:23:04:179 CEST] 00000040 org.apache.myfaces.webapp.WebConfigParamsLogger              I No context init parameter 'org.apache.myfaces.RESOURCE_BUFFER_SIZE' found, using default value '2048'.
[10/25/22, 20:23:04:179 CEST] 00000040 org.apache.myfaces.webapp.WebConfigParamsLogger              I No context init parameter 'org.apache.myfaces.RANDOM_KEY_IN_CSRF_SESSION_TOKEN' found, using default value 'secureRandom'.
[10/25/22, 20:23:04:179 CEST] 00000040 org.apache.myfaces.webapp.WebConfigParamsLogger              I No context init parameter 'org.apache.myfaces.RANDOM_KEY_IN_CSRF_SESSION_TOKEN_LENGTH' found, using default value '16'.
[10/25/22, 20:23:04:179 CEST] 00000040 org.apache.myfaces.webapp.WebConfigParamsLogger              I No context init parameter 'org.apache.myfaces.RANDOM_KEY_IN_CSRF_SESSION_TOKEN_SECURE_RANDOM_CLASS' found.
[10/25/22, 20:23:04:179 CEST] 00000040 org.apache.myfaces.webapp.WebConfigParamsLogger              I No context init parameter 'org.apache.myfaces.RANDOM_KEY_IN_CSRF_SESSION_TOKEN_SECURE_RANDOM_PROVIDER' found.
[10/25/22, 20:23:04:179 CEST] 00000040 org.apache.myfaces.webapp.WebConfigParamsLogger              I No context init parameter 'org.apache.myfaces.RANDOM_KEY_IN_CSRF_SESSION_TOKEN_SECURE_RANDOM_ALGORITM' found, using default value 'SHA1PRNG'.
[10/25/22, 20:23:04:179 CEST] 00000040 org.apache.myfaces.webapp.WebConfigParamsLogger              I No context init parameter 'org.apache.myfaces.CLIENT_VIEW_STATE_TIMEOUT' found, using default value '0'.
[10/25/22, 20:23:04:180 CEST] 00000040 org.apache.myfaces.webapp.WebConfigParamsLogger              I No context init parameter 'org.apache.myfaces.SERIALIZE_STATE_IN_SESSION' found, using default value 'false'.
[10/25/22, 20:23:04:180 CEST] 00000040 org.apache.myfaces.webapp.WebConfigParamsLogger              I No context init parameter 'org.apache.myfaces.COMPRESS_STATE_IN_SESSION' found, using default value 'true'.
[10/25/22, 20:23:04:180 CEST] 00000040 org.apache.myfaces.webapp.WebConfigParamsLogger              I No context init parameter 'org.apache.myfaces.USE_FLASH_SCOPE_PURGE_VIEWS_IN_SESSION' found, using default value 'false'.
[10/25/22, 20:23:04:180 CEST] 00000040 org.apache.myfaces.webapp.WebConfigParamsLogger              I No context init parameter 'org.apache.myfaces.RANDOM_KEY_IN_VIEW_STATE_SESSION_TOKEN' found, using default value 'secureRandom'.
[10/25/22, 20:23:04:180 CEST] 00000040 org.apache.myfaces.webapp.WebConfigParamsLogger              I No context init parameter 'org.apache.myfaces.RANDOM_KEY_IN_VIEW_STATE_SESSION_TOKEN_LENGTH' found, using default value '8'.
[10/25/22, 20:23:04:180 CEST] 00000040 org.apache.myfaces.webapp.WebConfigParamsLogger              I No context init parameter 'org.apache.myfaces.RANDOM_KEY_IN_VIEW_STATE_SESSION_TOKEN_SECURE_RANDOM_CLASS' found.
[10/25/22, 20:23:04:180 CEST] 00000040 org.apache.myfaces.webapp.WebConfigParamsLogger              I No context init parameter 'org.apache.myfaces.RANDOM_KEY_IN_VIEW_STATE_SESSION_TOKEN_SECURE_RANDOM_PROVIDER' found.
[10/25/22, 20:23:04:180 CEST] 00000040 org.apache.myfaces.webapp.WebConfigParamsLogger              I No context init parameter 'org.apache.myfaces.RANDOM_KEY_IN_VIEW_STATE_SESSION_TOKEN_SECURE_RANDOM_ALGORITM' found, using default value 'SHA1PRNG'.
[10/25/22, 20:23:04:181 CEST] 00000040 org.apache.myfaces.webapp.WebConfigParamsLogger              I No context init parameter 'facelets.LIBRARIES' found.
[10/25/22, 20:23:04:181 CEST] 00000040 org.apache.myfaces.webapp.WebConfigParamsLogger              I No context init parameter 'org.apache.myfaces.VALIDATE' found, using default value 'false'.
[10/25/22, 20:23:04:181 CEST] 00000040 org.apache.myfaces.webapp.WebConfigParamsLogger              I No context init parameter 'org.apache.myfaces.annotation.USE_CDI_FOR_ANNOTATION_SCANNING' found.
[10/25/22, 20:23:04:181 CEST] 00000040 org.apache.myfaces.webapp.WebConfigParamsLogger              I No context init parameter 'org.apache.myfaces.annotation.SCAN_PACKAGES' found.
[10/25/22, 20:23:04:181 CEST] 00000040 org.apache.myfaces.webapp.WebConfigParamsLogger              I No context init parameter 'org.apache.myfaces.config.annotation.LifecycleProvider' found.
[10/25/22, 20:23:04:181 CEST] 00000040 org.apache.myfaces.webapp.WebConfigParamsLogger              I No context init parameter 'javax.faces.WEBSOCKET_ENDPOINT_PORT' found.
[10/25/22, 20:23:04:181 CEST] 00000040 org.apache.myfaces.webapp.WebConfigParamsLogger              I No context init parameter 'org.apache.myfaces.INITIALIZE_SKIP_JAR_FACES_CONFIG_SCAN' found, using default value 'false'.
[10/25/22, 20:23:04:181 CEST] 00000040 org.apache.myfaces.webapp.WebConfigParamsLogger              I No context init parameter 'org.apache.myfaces.EL_RESOLVER_COMPARATOR' found.
[10/25/22, 20:23:04:181 CEST] 00000040 org.apache.myfaces.webapp.WebConfigParamsLogger              I No context init parameter 'org.apache.myfaces.EL_RESOLVER_PREDICATE' found.
[10/25/22, 20:23:04:181 CEST] 00000040 org.apache.myfaces.webapp.WebConfigParamsLogger              I No context init parameter 'org.apache.myfaces.DEFAULT_WINDOW_MODE' found, using default value 'url'.
[10/25/22, 20:23:04:181 CEST] 00000040 org.apache.myfaces.webapp.WebConfigParamsLogger              I No context init parameter 'org.apache.myfaces.WEBSOCKET_MAX_IDLE_TIMEOUT' found, using default value '300000'.
[10/25/22, 20:23:04:182 CEST] 00000040 org.apache.myfaces.webapp.WebConfigParamsLogger              I No context init parameter 'org.apache.myfaces.RANDOM_KEY_IN_WEBSOCKET_SESSION_TOKEN' found, using default value 'secureRandom'.
[10/25/22, 20:23:04:182 CEST] 00000040 org.apache.myfaces.webapp.WebConfigParamsLogger              I No context init parameter 'org.apache.myfaces.ERROR_TEMPLATE_RESOURCE' found, using default value 'META-INF/rsc/myfaces-dev-error.xml'.
[10/25/22, 20:23:04:182 CEST] 00000040 org.apache.myfaces.webapp.WebConfigParamsLogger              I No context init parameter 'org.apache.myfaces.DEBUG_TEMPLATE_RESOURCE' found, using default value 'META-INF/rsc/myfaces-dev-debug.xml'.
[10/25/22, 20:23:04:182 CEST] 00000040 org.apache.myfaces.webapp.WebConfigParamsLogger              I No context init parameter 'org.apache.myfaces.ERROR_HANDLING' found, using default value 'false, on Development Project stage: true'.
[10/25/22, 20:23:04:182 CEST] 00000040 org.apache.myfaces.webapp.WebConfigParamsLogger              I No context init parameter 'org.apache.myfaces.AUTOCOMPLETE_OFF_VIEW_STATE' found, using default value 'true'.
[10/25/22, 20:23:04:182 CEST] 00000040 org.apache.myfaces.webapp.WebConfigParamsLogger              I No context init parameter 'org.apache.myfaces.USE_MULTIPLE_JS_FILES_FOR_JSF_UNCOMPRESSED_JS' found, using default value 'false'.
[10/25/22, 20:23:04:182 CEST] 00000040 org.apache.myfaces.webapp.WebConfigParamsLogger              I No context init parameter 'org.apache.myfaces.JSF_JS_MODE' found, using default value 'normal'.
[10/25/22, 20:23:04:182 CEST] 00000040 org.apache.myfaces.webapp.WebConfigParamsLogger              I No context init parameter 'org.apache.myfaces.TEMPORAL_RESOURCEHANDLER_CACHE_ENABLED' found, using default value 'false'.
[10/25/22, 20:23:04:182 CEST] 00000040 org.apache.myfaces.webapp.WebConfigParamsLogger              I No context init parameter 'org.apache.myfaces.SERVICE_PROVIDER_FINDER' found.
[10/25/22, 20:23:04:182 CEST] 00000040 org.apache.myfaces.webapp.WebConfigParamsLogger              I No context init parameter 'org.apache.myfaces.spi.InjectionProvider' found.
[10/25/22, 20:23:04:182 CEST] 00000040 org.apache.myfaces.webapp.WebConfigParamsLogger              I No context init parameter 'javax.faces.DISABLE_FACELET_JSF_VIEWHANDLER' found, using default value 'false'.
[10/25/22, 20:23:04:182 CEST] 00000040 org.apache.myfaces.webapp.WebConfigParamsLogger              I No context init parameter 'org.apache.myfaces.CHECK_ID_PRODUCTION_MODE' found, using default value 'auto'.
[10/25/22, 20:23:04:182 CEST] 00000040 org.apache.myfaces.webapp.WebConfigParamsLogger              I No context init parameter 'facelets.BUFFER_SIZE' found.
[10/25/22, 20:23:04:183 CEST] 00000040 org.apache.myfaces.webapp.WebConfigParamsLogger              I No context init parameter 'facelets.REFRESH_PERIOD' found, using default value '-1'.
[10/25/22, 20:23:04:183 CEST] 00000040 org.apache.myfaces.webapp.WebConfigParamsLogger              I No context init parameter 'javax.faces.FACELETS_RESOURCE_RESOLVER' found.
[10/25/22, 20:23:04:183 CEST] 00000040 org.apache.myfaces.webapp.WebConfigParamsLogger              I No context init parameter 'facelets.RESOURCE_RESOLVER' found.
[10/25/22, 20:23:04:183 CEST] 00000040 org.apache.myfaces.webapp.WebConfigParamsLogger              I No context init parameter 'org.apache.myfaces.MARK_INITIAL_STATE_WHEN_APPLY_BUILD_VIEW' found, using default value 'false'.
[10/25/22, 20:23:04:183 CEST] 00000040 org.apache.myfaces.webapp.WebConfigParamsLogger              I No context init parameter 'facelets.DECORATORS' found.
[10/25/22, 20:23:04:183 CEST] 00000040 org.apache.myfaces.webapp.WebConfigParamsLogger              I No context init parameter 'org.apache.myfaces.WRAP_TAG_EXCEPTIONS_AS_CONTEXT_AWARE' found, using default value 'true'.
[10/25/22, 20:23:04:183 CEST] 00000040 org.apache.myfaces.webapp.WebConfigParamsLogger              I No context init parameter 'org.apache.myfaces.CACHE_EL_EXPRESSIONS' found, using default value 'noCache'.
[10/25/22, 20:23:04:183 CEST] 00000040 org.apache.myfaces.webapp.WebConfigParamsLogger              I No context init parameter 'org.apache.myfaces.VIEW_POOL_MAX_POOL_SIZE' found, using default value '5'.
[10/25/22, 20:23:04:183 CEST] 00000040 org.apache.myfaces.webapp.WebConfigParamsLogger              I No context init parameter 'org.apache.myfaces.VIEW_POOL_MAX_DYNAMIC_PARTIAL_LIMIT' found, using default value '2'.
[10/25/22, 20:23:04:183 CEST] 00000040 org.apache.myfaces.webapp.WebConfigParamsLogger              I No context init parameter 'org.apache.myfaces.VIEW_POOL_ENTRY_MODE' found, using default value 'soft'.
[10/25/22, 20:23:04:183 CEST] 00000040 org.apache.myfaces.webapp.WebConfigParamsLogger              I No context init parameter 'org.apache.myfaces.VIEW_POOL_DEFERRED_NAVIGATION' found, using default value 'false'.
[10/25/22, 20:23:04:183 CEST] 00000040 org.apache.myfaces.webapp.WebConfigParamsLogger              I No context init parameter 'org.apache.myfaces.validator.BEAN_BEFORE_JSF_VALIDATION' found, using default value 'false'.
[10/25/22, 20:23:04:183 CEST] 00000040 org.apache.myfaces.webapp.WebConfigParamsLogger              I No context init parameter 'org.apache.myfaces.JSP_SUFFIX' found, using default value '.jsp'.
[10/25/22, 20:23:04:183 CEST] 00000040 org.apache.myfaces.webapp.WebConfigParamsLogger              I No context init parameter 'org.apache.myfaces.EXPRESSION_FACTORY' found.
[10/25/22, 20:23:04:184 CEST] 00000040 org.apache.myfaces.webapp.WebConfigParamsLogger              I No context init parameter 'org.apache.myfaces.INITIALIZE_ALWAYS_STANDALONE' found, using default value 'false'.
[10/25/22, 20:23:04:184 CEST] 00000040 org.apache.myfaces.webapp.WebConfigParamsLogger              I No context init parameter 'org.apache.myfaces.LOG_WEB_CONTEXT_PARAMS' found, using default value 'auto'.
[10/25/22, 20:23:04:184 CEST] 00000040 org.apache.myfaces.webapp.WebConfigParamsLogger              I No context init parameter 'org.apache.myfaces.AUTOMATIC_EXTENSIONLESS_MAPPING' found, using default value 'false'.
[10/25/22, 20:23:04:184 CEST] 00000040 org.apache.myfaces.webapp.WebConfigParamsLogger              I No context init parameter 'org.apache.myfaces.FACES_INITIALIZER' found.
[10/25/22, 20:23:04:184 CEST] 00000040 org.apache.myfaces.webapp.WebConfigParamsLogger              I No context init parameter 'org.apache.myfaces.FACES_INIT_PLUGINS' found.
[10/25/22, 20:23:04:184 CEST] 00000040 org.apache.myfaces.webapp.AbstractFacesInitializer           W 

*******************************************************************
*** WARNING: Apache MyFaces-2 is running in DEVELOPMENT mode.   ***
***                                         ^^^^^^^^^^^         ***
*** Do NOT deploy to your live server(s) without changing this. ***
*** See Application#getProjectStage() for more information.     ***
*******************************************************************

[10/25/22, 20:23:04:184 CEST] 00000040 org.apache.myfaces.webapp.StartupServletContextListener      I MyFaces Core has started, it took [218] ms.
[10/25/22, 20:23:04:229 CEST] 00000040 com.ibm.ws.app.manager.AppMessageHelper                      A CWWKZ0003I: The application LabJakartaEE-1.0-SNAPSHOT updated in 0.952 seconds.
[10/25/22, 20:23:12:119 CEST] 00000039 com.ibm.ws.webcontainer.servlet                              I SRVE0242I: [LabJakartaEE-1.0-SNAPSHOT] [/LabJakartaEE-1.0-SNAPSHOT] [facesServlet]: Initialization successful.
[10/25/22, 20:23:12:384 CEST] 00000039 org.apache.myfaces.util.ExternalSpecifications               I MyFaces Core Servlet 4.0 support enabled
[10/25/22, 20:23:27:609 CEST] 00000037 com.ibm.ws.webcontainer.webapp                               I SRVE0292I: Servlet Message - [LabJakartaEE-1.0-SNAPSHOT]:.No state saving method defined, assuming default server state saving
[10/25/22, 20:24:16:858 CEST] 0000003b SystemOut                                                    O 3
[10/25/22, 20:50:48:346 CEST] 00000016 com.ibm.ws.kernel.launch.internal.FrameworkManager           A CWWKE0085I: The server defaultServer is stopping because the JVM is exiting.
[10/25/22, 20:50:48:349 CEST] 00000098 com.ibm.ws.runtime.update.internal.RuntimeUpdateManagerImpl  A CWWKE1100I: Waiting for up to 30 seconds for the server to quiesce.
[10/25/22, 20:50:48:356 CEST] 0000006a com.ibm.ws.tcpchannel.internal.TCPChannel                    I CWWKO0220I: TCP Channel defaultHttpEndpoint has stopped listening for requests on host localhost  (IPv4: 127.0.0.1) port 9080.
[10/25/22, 20:50:48:357 CEST] 0000006a com.ibm.ws.http.internal.VirtualHostImpl                     A CWWKT0017I: Web application removed (default_host): http://localhost:9080/LabJakartaEE-1.0-SNAPSHOT/
[10/25/22, 20:50:48:359 CEST] 00000098 com.ibm.ws.runtime.update.internal.RuntimeUpdateManagerImpl  I CWWKE1101I: Server quiesce complete.
[10/25/22, 20:50:48:389 CEST] 00000091 com.ibm.ws.app.manager.AppMessageHelper                      A CWWKZ0009I: The application LabJakartaEE-1.0-SNAPSHOT has stopped successfully.
[10/25/22, 20:50:48:674 CEST] 00000017 com.ibm.ws.kernel.launch.internal.ServerCommandListener      A CWWKE0055I: Server shutdown requested on Tuesday, October 25, 2022 at 8:50 PM. The server defaultServer is shutting down.
[10/25/22, 20:50:48:793 CEST] 00000001 com.ibm.ws.kernel.launch.internal.FrameworkManager           A CWWKE0036I: The server defaultServer stopped after 27 minutes, 55.369 seconds.
