********************************************************************************
product = Open Liberty 22.0.0.11 (wlp-1.0.70.cl221120221010-1540)
wlp.install.dir = /Users/janstopinski/projects/jakartaEE/LabJakartaEE/target/liberty/wlp/
java.home = /Users/janstopinski/Library/Java/JavaVirtualMachines/corretto-17.0.4.1/Contents/Home
java.version = 17.0.4.1
java.runtime = OpenJDK Runtime Environment (17.0.4.1+9-LTS)
os = Mac OS X (13.0.1; x86_64) (en_PL)
process = 7062@Jans-MacBook-Pro.local
Classpath = /Users/janstopinski/projects/jakartaEE/LabJakartaEE/target/liberty/wlp/bin/tools/ws-server.jar
Java Library path = /Users/janstopinski/Library/Java/Extensions:/Library/Java/Extensions:/Network/Library/Java/Extensions:/System/Library/Java/Extensions:/usr/lib/java:.
********************************************************************************
[11/15/22, 17:09:49:263 CET] 00000001 com.ibm.ws.kernel.launch.internal.FrameworkManager           A CWWKE0001I: The server defaultServer has been launched.
[11/15/22, 17:09:50:039 CET] 00000001 com.ibm.ws.kernel.launch.internal.FrameworkManager           I CWWKE0002I: The kernel started after 1.218 seconds
[11/15/22, 17:09:50:053 CET] 00000027 com.ibm.ws.kernel.feature.internal.FeatureManager            I CWWKF0007I: Feature update started.
[11/15/22, 17:09:50:310 CET] 0000001c com.ibm.ws.app.manager.internal.monitor.DropinMonitor        A CWWKZ0058I: Monitoring dropins for applications.
[11/15/22, 17:09:51:159 CET] 00000033 com.ibm.ws.app.manager.AppMessageHelper                      I CWWKZ0018I: Starting application LabJakartaEE-1.0-SNAPSHOT.
[11/15/22, 17:09:51:161 CET] 00000033 bm.ws.app.manager.war.internal.WARDeployedAppInfoFactoryImpl I CWWKZ0134I: The LabJakartaEE-1.0-SNAPSHOT application is using the loose application definition at the /Users/janstopinski/projects/jakartaEE/LabJakartaEE/target/liberty/wlp/usr/servers/defaultServer/dropins/LabJakartaEE-1.0-SNAPSHOT.war.xml location.
[11/15/22, 17:09:52:417 CET] 00000033 com.ibm.ws.recoverylog.spi.RecoveryDirectorImpl              I CWRLS0010I: Performing recovery processing for local WebSphere server (defaultServer).
[11/15/22, 17:09:52:460 CET] 00000033 com.ibm.ws.recoverylog.spi.RecoveryDirectorImpl              I CWRLS0012I: All persistent services have been directed to perform recovery processing for this WebSphere server (defaultServer).
[11/15/22, 17:09:52:461 CET] 00000046 com.ibm.tx.jta.impl.RecoveryManager                          I WTRN0135I: Transaction service recovering no transactions.
[11/15/22, 17:09:53:096 CET] 00000033 eclipselink                                                  I CWWJP9990I: [eclipselink] EclipseLink, version: Eclipse Persistence Services - 2.7.11.v20220804-52dea2a3c0
[11/15/22, 17:09:53:467 CET] 00000033 com.ibm.ws.rsadapter.impl.DatabaseHelper                     I DSRA8203I: Database product name : H2
[11/15/22, 17:09:53:469 CET] 00000033 com.ibm.ws.rsadapter.impl.DatabaseHelper                     I DSRA8204I: Database product version : 1.4.200 (2019-10-14)
[11/15/22, 17:09:53:469 CET] 00000033 com.ibm.ws.rsadapter.impl.DatabaseHelper                     I DSRA8205I: JDBC driver name  : H2 JDBC Driver
[11/15/22, 17:09:53:469 CET] 00000033 com.ibm.ws.rsadapter.impl.DatabaseHelper                     I DSRA8206I: JDBC driver version  : 1.4.200 (2019-10-14)
[11/15/22, 17:09:53:530 CET] 00000033 eclipselink.server                                           W CWWJP9991W: [eclipselink.server] Failed to find MBean Server: null or empty List returned from MBeanServerFactory.findMBeanServer(null)
[11/15/22, 17:09:53:651 CET] 00000033 eclipselink                                                  W CWWJP9991W: Exception [EclipseLink-4002] (Eclipse Persistence Services - 2.7.11.v20220804-52dea2a3c0): org.eclipse.persistence.exceptions.DatabaseException
Internal Exception: org.h2.jdbc.JdbcSQLSyntaxErrorException: Table "OFFICES" not found; SQL statement:
ALTER TABLE offices DROP CONSTRAINT FK_offices_officeCenter [42102-200]
Error Code: 42102
Call: ALTER TABLE offices DROP CONSTRAINT FK_offices_officeCenter
Query: DataModifyQuery(sql="ALTER TABLE offices DROP CONSTRAINT FK_offices_officeCenter")
[11/15/22, 17:09:53:652 CET] 00000033 eclipselink                                                  W CWWJP9991W: Exception [EclipseLink-4002] (Eclipse Persistence Services - 2.7.11.v20220804-52dea2a3c0): org.eclipse.persistence.exceptions.DatabaseException
Internal Exception: org.h2.jdbc.JdbcSQLSyntaxErrorException: Table "OFFICES" not found; SQL statement:
ALTER TABLE offices DROP CONSTRAINT FK_offices_user [42102-200]
Error Code: 42102
Call: ALTER TABLE offices DROP CONSTRAINT FK_offices_user
Query: DataModifyQuery(sql="ALTER TABLE offices DROP CONSTRAINT FK_offices_user")
[11/15/22, 17:09:53:660 CET] 00000033 eclipselink                                                  W CWWJP9991W: Exception [EclipseLink-4002] (Eclipse Persistence Services - 2.7.11.v20220804-52dea2a3c0): org.eclipse.persistence.exceptions.DatabaseException
Internal Exception: org.h2.jdbc.JdbcSQLSyntaxErrorException: Table "OFFICE_CENTERS" not found; SQL statement:
DROP TABLE office_centers [42102-200]
Error Code: 42102
Call: DROP TABLE office_centers
Query: DataModifyQuery(sql="DROP TABLE office_centers")
[11/15/22, 17:09:53:661 CET] 00000033 eclipselink                                                  W CWWJP9991W: Exception [EclipseLink-4002] (Eclipse Persistence Services - 2.7.11.v20220804-52dea2a3c0): org.eclipse.persistence.exceptions.DatabaseException
Internal Exception: org.h2.jdbc.JdbcSQLSyntaxErrorException: Table "OFFICES" not found; SQL statement:
DROP TABLE offices [42102-200]
Error Code: 42102
Call: DROP TABLE offices
Query: DataModifyQuery(sql="DROP TABLE offices")
[11/15/22, 17:09:53:662 CET] 00000033 eclipselink                                                  W CWWJP9991W: Exception [EclipseLink-4002] (Eclipse Persistence Services - 2.7.11.v20220804-52dea2a3c0): org.eclipse.persistence.exceptions.DatabaseException
Internal Exception: org.h2.jdbc.JdbcSQLSyntaxErrorException: Table "USERS" not found; SQL statement:
DROP TABLE users [42102-200]
Error Code: 42102
Call: DROP TABLE users
Query: DataModifyQuery(sql="DROP TABLE users")
[11/15/22, 17:09:53:663 CET] 00000033 eclipselink                                                  W CWWJP9991W: Exception [EclipseLink-4002] (Eclipse Persistence Services - 2.7.11.v20220804-52dea2a3c0): org.eclipse.persistence.exceptions.DatabaseException
Internal Exception: org.h2.jdbc.JdbcSQLSyntaxErrorException: Table "OFFICE_CENTERS" not found; SQL statement:
DROP TABLE office_centers [42102-200]
Error Code: 42102
Call: DROP TABLE office_centers
Query: DataModifyQuery(sql="DROP TABLE office_centers")
[11/15/22, 17:09:53:664 CET] 00000033 eclipselink                                                  W CWWJP9991W: Exception [EclipseLink-4002] (Eclipse Persistence Services - 2.7.11.v20220804-52dea2a3c0): org.eclipse.persistence.exceptions.DatabaseException
Internal Exception: org.h2.jdbc.JdbcSQLSyntaxErrorException: Table "OFFICES" not found; SQL statement:
DROP TABLE offices [42102-200]
Error Code: 42102
Call: DROP TABLE offices
Query: DataModifyQuery(sql="DROP TABLE offices")
[11/15/22, 17:09:53:665 CET] 00000033 eclipselink                                                  W CWWJP9991W: Exception [EclipseLink-4002] (Eclipse Persistence Services - 2.7.11.v20220804-52dea2a3c0): org.eclipse.persistence.exceptions.DatabaseException
Internal Exception: org.h2.jdbc.JdbcSQLSyntaxErrorException: Table "USERS" not found; SQL statement:
DROP TABLE users [42102-200]
Error Code: 42102
Call: DROP TABLE users
Query: DataModifyQuery(sql="DROP TABLE users")
[11/15/22, 17:09:53:666 CET] 00000033 eclipselink                                                  W CWWJP9991W: Exception [EclipseLink-4002] (Eclipse Persistence Services - 2.7.11.v20220804-52dea2a3c0): org.eclipse.persistence.exceptions.DatabaseException
Internal Exception: org.h2.jdbc.JdbcSQLSyntaxErrorException: Table "OFFICE_CENTERS" not found; SQL statement:
DROP TABLE office_centers [42102-200]
Error Code: 42102
Call: DROP TABLE office_centers
Query: DataModifyQuery(sql="DROP TABLE office_centers")
[11/15/22, 17:09:53:667 CET] 00000033 eclipselink                                                  W CWWJP9991W: Exception [EclipseLink-4002] (Eclipse Persistence Services - 2.7.11.v20220804-52dea2a3c0): org.eclipse.persistence.exceptions.DatabaseException
Internal Exception: org.h2.jdbc.JdbcSQLSyntaxErrorException: Table "OFFICES" not found; SQL statement:
DROP TABLE offices [42102-200]
Error Code: 42102
Call: DROP TABLE offices
Query: DataModifyQuery(sql="DROP TABLE offices")
[11/15/22, 17:09:53:668 CET] 00000033 eclipselink                                                  W CWWJP9991W: Exception [EclipseLink-4002] (Eclipse Persistence Services - 2.7.11.v20220804-52dea2a3c0): org.eclipse.persistence.exceptions.DatabaseException
Internal Exception: org.h2.jdbc.JdbcSQLSyntaxErrorException: Table "USERS" not found; SQL statement:
DROP TABLE users [42102-200]
Error Code: 42102
Call: DROP TABLE users
Query: DataModifyQuery(sql="DROP TABLE users")
[11/15/22, 17:09:53:669 CET] 00000033 eclipselink                                                  W CWWJP9991W: Exception [EclipseLink-4002] (Eclipse Persistence Services - 2.7.11.v20220804-52dea2a3c0): org.eclipse.persistence.exceptions.DatabaseException
Internal Exception: org.h2.jdbc.JdbcSQLSyntaxErrorException: Table "OFFICE_CENTERS" not found; SQL statement:
DROP TABLE office_centers [42102-200]
Error Code: 42102
Call: DROP TABLE office_centers
Query: DataModifyQuery(sql="DROP TABLE office_centers")
[11/15/22, 17:09:53:670 CET] 00000033 eclipselink                                                  W CWWJP9991W: Exception [EclipseLink-4002] (Eclipse Persistence Services - 2.7.11.v20220804-52dea2a3c0): org.eclipse.persistence.exceptions.DatabaseException
Internal Exception: org.h2.jdbc.JdbcSQLSyntaxErrorException: Table "OFFICES" not found; SQL statement:
DROP TABLE offices [42102-200]
Error Code: 42102
Call: DROP TABLE offices
Query: DataModifyQuery(sql="DROP TABLE offices")
[11/15/22, 17:09:53:672 CET] 00000033 eclipselink                                                  W CWWJP9991W: Exception [EclipseLink-4002] (Eclipse Persistence Services - 2.7.11.v20220804-52dea2a3c0): org.eclipse.persistence.exceptions.DatabaseException
Internal Exception: org.h2.jdbc.JdbcSQLSyntaxErrorException: Table "USERS" not found; SQL statement:
DROP TABLE users [42102-200]
Error Code: 42102
Call: DROP TABLE users
Query: DataModifyQuery(sql="DROP TABLE users")
[11/15/22, 17:09:53:674 CET] 00000033 eclipselink                                                  W CWWJP9991W: Exception [EclipseLink-4002] (Eclipse Persistence Services - 2.7.11.v20220804-52dea2a3c0): org.eclipse.persistence.exceptions.DatabaseException
Internal Exception: org.h2.jdbc.JdbcSQLSyntaxErrorException: Table "OFFICE_CENTERS" not found; SQL statement:
DROP TABLE office_centers [42102-200]
Error Code: 42102
Call: DROP TABLE office_centers
Query: DataModifyQuery(sql="DROP TABLE office_centers")
[11/15/22, 17:09:53:679 CET] 00000033 eclipselink                                                  W CWWJP9991W: Exception [EclipseLink-4002] (Eclipse Persistence Services - 2.7.11.v20220804-52dea2a3c0): org.eclipse.persistence.exceptions.DatabaseException
Internal Exception: org.h2.jdbc.JdbcSQLSyntaxErrorException: Table "OFFICES" not found; SQL statement:
DROP TABLE offices [42102-200]
Error Code: 42102
Call: DROP TABLE offices
Query: DataModifyQuery(sql="DROP TABLE offices")
[11/15/22, 17:09:53:681 CET] 00000033 eclipselink                                                  W CWWJP9991W: Exception [EclipseLink-4002] (Eclipse Persistence Services - 2.7.11.v20220804-52dea2a3c0): org.eclipse.persistence.exceptions.DatabaseException
Internal Exception: org.h2.jdbc.JdbcSQLSyntaxErrorException: Table "USERS" not found; SQL statement:
DROP TABLE users [42102-200]
Error Code: 42102
Call: DROP TABLE users
Query: DataModifyQuery(sql="DROP TABLE users")
[11/15/22, 17:09:53:777 CET] 00000033 com.ibm.ws.session.WASSessionCore                            I SESN8501I: The session manager did not find a persistent storage location; HttpSession objects will be stored in the local application server's memory.
[11/15/22, 17:09:53:818 CET] 00000033 org.jboss.weld.Version                                       I WELD-000900: 3.1.9 (Final)
[11/15/22, 17:09:55:085 CET] 00000033 org.jboss.weld.Event                                         I WELD-000411: Observer method [BackedAnnotatedMethod] org.apache.myfaces.config.annotation.CdiAnnotationProviderExtension.processAnnotatedType(@Observes ProcessAnnotatedType<T>) receives events for all annotated types. Consider restricting events using @WithAnnotations or a generic type with bounds.
[11/15/22, 17:09:55:109 CET] 00000033 org.jboss.weld.Event                                         I WELD-000411: Observer method [BackedAnnotatedMethod] org.apache.myfaces.cdi.JsfArtifactProducerExtension.processAnnotatedType(@Observes ProcessAnnotatedType<T>, BeanManager) receives events for all annotated types. Consider restricting events using @WithAnnotations or a generic type with bounds.
[11/15/22, 17:09:55:544 CET] 00000033 com.ibm.ws.webcontainer.osgi.webapp.WebGroup                 I SRVE0169I: Loading Web Module: LabJakartaEE-1.0-SNAPSHOT.
[11/15/22, 17:09:55:546 CET] 00000033 com.ibm.ws.webcontainer                                      I SRVE0250I: Web Module LabJakartaEE-1.0-SNAPSHOT has been bound to default_host.
[11/15/22, 17:09:55:547 CET] 00000033 com.ibm.ws.http.internal.VirtualHostImpl                     A CWWKT0016I: Web application available (default_host): http://localhost:9080/LabJakartaEE-1.0-SNAPSHOT/
[11/15/22, 17:09:55:566 CET] 0000002b com.ibm.ws.session.WASSessionCore                            I SESN0176I: A new session context will be created for application key default_host/LabJakartaEE-1.0-SNAPSHOT
[11/15/22, 17:09:55:575 CET] 0000002b com.ibm.ws.util                                              I SESN0172I: The session manager is using the Java default SecureRandom implementation for session ID generation.
[11/15/22, 17:09:55:578 CET] 00000034 com.ibm.ws.webcontainer.osgi.mbeans.PluginGenerator          I SRVE9103I: A configuration file for a web server plugin was automatically generated for this server at /Users/janstopinski/projects/jakartaEE/LabJakartaEE/target/liberty/wlp/usr/servers/defaultServer/logs/state/plugin-cfg.xml.
[11/15/22, 17:09:55:687 CET] 0000002b org.apache.myfaces.ee.MyFacesContainerInitializer            I Using org.apache.myfaces.ee.MyFacesContainerInitializer
[11/15/22, 17:09:55:829 CET] 0000002b org.apache.myfaces.config.DefaultFacesConfigurationProvider  I Reading standard config META-INF/standard-faces-config.xml
[11/15/22, 17:09:55:995 CET] 0000002b org.apache.myfaces.config.DefaultFacesConfigurationProvider  I Found javax.faces.application.ApplicationFactory factory implementation: com.ibm.ws.jsf.config.WASApplicationFactoryImpl
[11/15/22, 17:09:56:051 CET] 0000002b org.apache.myfaces.spi.impl.DefaultInjectionProviderFactory  I Using InjectionProvider com.ibm.ws.jsf.spi.impl.WASCDIAnnotationDelegateInjectionProvider
[11/15/22, 17:09:56:111 CET] 0000002b org.apache.myfaces.util.ExternalSpecifications               I MyFaces Core CDI support enabled
[11/15/22, 17:09:56:114 CET] 0000002b org.apache.myfaces.util.ExternalSpecifications               I MyFaces Core Bean Validation support disabled
[11/15/22, 17:09:56:205 CET] 0000002b org.apache.myfaces.config.FacesConfigurator                  I Serialization provider : class org.apache.myfaces.shared_impl.util.serial.DefaultSerialFactory
[11/15/22, 17:09:56:268 CET] 0000002b org.apache.myfaces.webapp.AbstractFacesInitializer           I ServletContext initialized.
[11/15/22, 17:09:56:271 CET] 0000002b org.apache.myfaces.webapp.WebConfigParamsLogger              I Tomahawk jar not available. Autoscrolling, DetectJavascript, AddResourceClass and CheckExtensionsFilter are disabled now.
[11/15/22, 17:09:56:272 CET] 0000002b org.apache.myfaces.webapp.WebConfigParamsLogger              I Scanning for context init parameters not defined. It is not necessary to define them all into your web.xml, they are just provided here for informative purposes. To disable this messages set org.apache.myfaces.LOG_WEB_CONTEXT_PARAMS config param to 'false'
[11/15/22, 17:09:56:272 CET] 0000002b org.apache.myfaces.webapp.WebConfigParamsLogger              I No context init parameter 'javax.faces.RESOURCE_EXCLUDES' found, using default value '.class .jsp .jspx .properties .xhtml .groovy'.
[11/15/22, 17:09:56:272 CET] 0000002b org.apache.myfaces.webapp.WebConfigParamsLogger              I No context init parameter 'javax.faces.STATE_SAVING_METHOD' found, using default value 'server'.
[11/15/22, 17:09:56:273 CET] 0000002b org.apache.myfaces.webapp.WebConfigParamsLogger              I No context init parameter 'javax.faces.FULL_STATE_SAVING_VIEW_IDS' found.
[11/15/22, 17:09:56:273 CET] 0000002b org.apache.myfaces.webapp.WebConfigParamsLogger              I No context init parameter 'javax.faces.PARTIAL_STATE_SAVING' found, using default value 'true (false with 1.2 webapps)'.
[11/15/22, 17:09:56:273 CET] 0000002b org.apache.myfaces.webapp.WebConfigParamsLogger              I No context init parameter 'javax.faces.SERIALIZE_SERVER_STATE' found, using default value 'false'.
[11/15/22, 17:09:56:273 CET] 0000002b org.apache.myfaces.webapp.WebConfigParamsLogger              I No context init parameter 'javax.faces.DEFAULT_SUFFIX' found, using default value '.xhtml .view.xml .jsp'.
[11/15/22, 17:09:56:273 CET] 0000002b org.apache.myfaces.webapp.WebConfigParamsLogger              I No context init parameter 'javax.faces.FACELETS_SUFFIX' found, using default value '.xhtml'.
[11/15/22, 17:09:56:273 CET] 0000002b org.apache.myfaces.webapp.WebConfigParamsLogger              I No context init parameter 'javax.faces.FACELETS_VIEW_MAPPINGS' found.
[11/15/22, 17:09:56:274 CET] 0000002b org.apache.myfaces.webapp.WebConfigParamsLogger              I No context init parameter 'javax.faces.DISABLE_FACELET_JSF_VIEWHANDLER' found.
[11/15/22, 17:09:56:274 CET] 0000002b org.apache.myfaces.webapp.WebConfigParamsLogger              I No context init parameter 'javax.faces.FACELETS_BUFFER_SIZE' found, using default value '1024'.
[11/15/22, 17:09:56:274 CET] 0000002b org.apache.myfaces.webapp.WebConfigParamsLogger              I No context init parameter 'javax.faces.FACELETS_DECORATORS' found.
[11/15/22, 17:09:56:274 CET] 0000002b org.apache.myfaces.webapp.WebConfigParamsLogger              I No context init parameter 'javax.faces.FACELETS_LIBRARIES' found.
[11/15/22, 17:09:56:274 CET] 0000002b org.apache.myfaces.webapp.WebConfigParamsLogger              I No context init parameter 'javax.faces.FACELETS_REFRESH_PERIOD' found, using default value '-1'.
[11/15/22, 17:09:56:275 CET] 0000002b org.apache.myfaces.webapp.WebConfigParamsLogger              I No context init parameter 'javax.faces.FACELETS_SKIP_COMMENTS' found.
[11/15/22, 17:09:56:275 CET] 0000002b org.apache.myfaces.webapp.WebConfigParamsLogger              I No context init parameter 'javax.faces.HONOR_CURRENT_COMPONENT_ATTRIBUTES' found, using default value 'false'.
[11/15/22, 17:09:56:275 CET] 0000002b org.apache.myfaces.webapp.WebConfigParamsLogger              I No context init parameter 'javax.faces.VALIDATE_EMPTY_FIELDS' found, using default value 'auto'.
[11/15/22, 17:09:56:275 CET] 0000002b org.apache.myfaces.webapp.WebConfigParamsLogger              I No context init parameter 'javax.faces.INTERPRET_EMPTY_STRING_SUBMITTED_VALUES_AS_NULL' found, using default value 'false'.
[11/15/22, 17:09:56:275 CET] 0000002b org.apache.myfaces.webapp.WebConfigParamsLogger              I No context init parameter 'org.apache.myfaces.CLEAR_INPUT_WHEN_SUBMITTED_VALUE_IS_NULL_OR_EMPTY' found, using default value 'true'.
[11/15/22, 17:09:56:276 CET] 0000002b org.apache.myfaces.webapp.WebConfigParamsLogger              I No context init parameter 'javax.faces.ALWAYS_PERFORM_VALIDATION_WHEN_REQUIRED_IS_TRUE' found, using default value 'false'.
[11/15/22, 17:09:56:276 CET] 0000002b org.apache.myfaces.webapp.WebConfigParamsLogger              I No context init parameter 'javax.faces.VIEWROOT_PHASE_LISTENER_QUEUES_EXCEPTIONS' found, using default value 'false'.
[11/15/22, 17:09:56:276 CET] 0000002b org.apache.myfaces.webapp.WebConfigParamsLogger              I No context init parameter 'javax.faces.DATETIMECONVERTER_DEFAULT_TIMEZONE_IS_SYSTEM_TIMEZONE' found, using default value 'false'.
[11/15/22, 17:09:56:276 CET] 0000002b org.apache.myfaces.webapp.WebConfigParamsLogger              I No context init parameter 'org.apache.myfaces.ENUM_CONVERTER_ALLOW_STRING_PASSTROUGH' found, using default value 'false'.
[11/15/22, 17:09:56:276 CET] 0000002b org.apache.myfaces.webapp.WebConfigParamsLogger              I No context init parameter 'javax.faces.validator.DISABLE_DEFAULT_BEAN_VALIDATOR' found, using default value 'true'.
[11/15/22, 17:09:56:276 CET] 0000002b org.apache.myfaces.webapp.WebConfigParamsLogger              I No context init parameter 'javax.faces.validator.ENABLE_VALIDATE_WHOLE_BEAN' found, using default value 'false'.
[11/15/22, 17:09:56:277 CET] 0000002b org.apache.myfaces.webapp.WebConfigParamsLogger              I No context init parameter 'javax.faces.CONFIG_FILES' found.
[11/15/22, 17:09:56:277 CET] 0000002b org.apache.myfaces.webapp.WebConfigParamsLogger              I No context init parameter 'javax.faces.LIFECYCLE_ID' found.
[11/15/22, 17:09:56:277 CET] 0000002b org.apache.myfaces.webapp.WebConfigParamsLogger              I No context init parameter 'javax.faces.DISABLE_FACESSERVLET_TO_XHTML' found.
[11/15/22, 17:09:56:277 CET] 0000002b org.apache.myfaces.webapp.WebConfigParamsLogger              I No context init parameter 'org.apache.myfaces.CHECKED_VIEWID_CACHE_SIZE' found, using default value '500'.
[11/15/22, 17:09:56:277 CET] 0000002b org.apache.myfaces.webapp.WebConfigParamsLogger              I No context init parameter 'org.apache.myfaces.CHECKED_VIEWID_CACHE_ENABLED' found, using default value 'true'.
[11/15/22, 17:09:56:277 CET] 0000002b org.apache.myfaces.webapp.WebConfigParamsLogger              I No context init parameter 'org.apache.myfaces.CONFIG_REFRESH_PERIOD' found, using default value '2'.
[11/15/22, 17:09:56:277 CET] 0000002b org.apache.myfaces.webapp.WebConfigParamsLogger              I No context init parameter 'org.apache.myfaces.RENDER_VIEWSTATE_ID' found, using default value 'true'.
[11/15/22, 17:09:56:277 CET] 0000002b org.apache.myfaces.webapp.WebConfigParamsLogger              I No context init parameter 'org.apache.myfaces.STRICT_XHTML_LINKS' found, using default value 'true'.
[11/15/22, 17:09:56:278 CET] 0000002b org.apache.myfaces.webapp.WebConfigParamsLogger              I No context init parameter 'org.apache.myfaces.RENDER_CLEAR_JAVASCRIPT_FOR_BUTTON' found, using default value 'false'.
[11/15/22, 17:09:56:278 CET] 0000002b org.apache.myfaces.webapp.WebConfigParamsLogger              I No context init parameter 'org.apache.myfaces.RENDER_HIDDEN_FIELDS_FOR_LINK_PARAMS' found, using default value 'false'.
[11/15/22, 17:09:56:278 CET] 0000002b org.apache.myfaces.webapp.WebConfigParamsLogger              I No context init parameter 'org.apache.myfaces.SAVE_FORM_SUBMIT_LINK_IE' found, using default value 'false'.
[11/15/22, 17:09:56:278 CET] 0000002b org.apache.myfaces.webapp.WebConfigParamsLogger              I No context init parameter 'org.apache.myfaces.DELEGATE_FACES_SERVLET' found.
[11/15/22, 17:09:56:278 CET] 0000002b org.apache.myfaces.webapp.WebConfigParamsLogger              I No context init parameter 'org.apache.myfaces.REFRESH_TRANSIENT_BUILD_ON_PSS' found, using default value 'auto'.
[11/15/22, 17:09:56:278 CET] 0000002b org.apache.myfaces.webapp.WebConfigParamsLogger              I No context init parameter 'org.apache.myfaces.REFRESH_TRANSIENT_BUILD_ON_PSS_PRESERVE_STATE' found, using default value 'false'.
[11/15/22, 17:09:56:278 CET] 0000002b org.apache.myfaces.webapp.WebConfigParamsLogger              I No context init parameter 'org.apache.myfaces.VALIDATE_XML' found.
[11/15/22, 17:09:56:279 CET] 0000002b org.apache.myfaces.webapp.WebConfigParamsLogger              I No context init parameter 'org.apache.myfaces.WRAP_SCRIPT_CONTENT_WITH_XML_COMMENT_TAG' found, using default value 'false'.
[11/15/22, 17:09:56:279 CET] 0000002b org.apache.myfaces.webapp.WebConfigParamsLogger              I No context init parameter 'org.apache.myfaces.DEBUG_PHASE_LISTENER' found.
[11/15/22, 17:09:56:279 CET] 0000002b org.apache.myfaces.webapp.WebConfigParamsLogger              I No context init parameter 'org.apache.myfaces.STRICT_JSF_2_CC_EL_RESOLVER' found, using default value 'false'.
[11/15/22, 17:09:56:279 CET] 0000002b org.apache.myfaces.webapp.WebConfigParamsLogger              I No context init parameter 'org.apache.myfaces.DEFAULT_RESPONSE_WRITER_CONTENT_TYPE_MODE' found, using default value 'text/html'.
[11/15/22, 17:09:56:279 CET] 0000002b org.apache.myfaces.webapp.WebConfigParamsLogger              I No context init parameter 'org.apache.myfaces.VIEW_UNIQUE_IDS_CACHE_ENABLED' found, using default value 'true'.
[11/15/22, 17:09:56:279 CET] 0000002b org.apache.myfaces.webapp.WebConfigParamsLogger              I No context init parameter 'org.apache.myfaces.COMPONENT_UNIQUE_IDS_CACHE_SIZE' found, using default value '100'.
[11/15/22, 17:09:56:279 CET] 0000002b org.apache.myfaces.webapp.WebConfigParamsLogger              I No context init parameter 'org.apache.myfaces.SUPPORT_JSP_AND_FACES_EL' found, using default value 'true'.
[11/15/22, 17:09:56:279 CET] 0000002b org.apache.myfaces.webapp.WebConfigParamsLogger              I No context init parameter 'org.apache.myfaces.SUPPORT_MANAGED_BEANS' found, using default value 'true'.
[11/15/22, 17:09:56:280 CET] 0000002b org.apache.myfaces.webapp.WebConfigParamsLogger              I No context init parameter 'org.apache.myfaces.GAE_JSF_JAR_FILES' found.
[11/15/22, 17:09:56:280 CET] 0000002b org.apache.myfaces.webapp.WebConfigParamsLogger              I No context init parameter 'org.apache.myfaces.GAE_JSF_ANNOTATIONS_JAR_FILES' found.
[11/15/22, 17:09:56:280 CET] 0000002b org.apache.myfaces.webapp.WebConfigParamsLogger              I No context init parameter 'org.apache.myfaces.STRICT_JSF_2_VIEW_NOT_FOUND' found, using default value 'false'.
[11/15/22, 17:09:56:280 CET] 0000002b org.apache.myfaces.webapp.WebConfigParamsLogger              I No context init parameter 'org.apache.myfaces.EARLY_FLUSH_ENABLED' found, using default value 'false'.
[11/15/22, 17:09:56:280 CET] 0000002b org.apache.myfaces.webapp.WebConfigParamsLogger              I No context init parameter 'org.apache.myfaces.STRICT_JSF_2_FACELETS_COMPATIBILITY' found, using default value 'false'.
[11/15/22, 17:09:56:280 CET] 0000002b org.apache.myfaces.webapp.WebConfigParamsLogger              I No context init parameter 'org.apache.myfaces.RENDER_FORM_VIEW_STATE_AT_BEGIN' found, using default value 'false'.
[11/15/22, 17:09:56:280 CET] 0000002b org.apache.myfaces.webapp.WebConfigParamsLogger              I No context init parameter 'org.apache.myfaces.FLASH_SCOPE_DISABLED' found, using default value 'false'.
[11/15/22, 17:09:56:280 CET] 0000002b org.apache.myfaces.webapp.WebConfigParamsLogger              I No context init parameter 'org.apache.myfaces.NUMBER_OF_VIEWS_IN_SESSION' found, using default value '20'.
[11/15/22, 17:09:56:280 CET] 0000002b org.apache.myfaces.webapp.WebConfigParamsLogger              I No context init parameter 'org.apache.myfaces.NUMBER_OF_SEQUENTIAL_VIEWS_IN_SESSION' found, using default value '4'.
[11/15/22, 17:09:56:281 CET] 0000002b org.apache.myfaces.webapp.WebConfigParamsLogger              I No context init parameter 'org.apache.myfaces.NUMBER_OF_FLASH_TOKENS_IN_SESSION' found.
[11/15/22, 17:09:56:281 CET] 0000002b org.apache.myfaces.webapp.WebConfigParamsLogger              I No context init parameter 'org.apache.myfaces.FACES_FLOW_CLIENT_WINDOW_IDS_IN_SESSION' found.
[11/15/22, 17:09:56:281 CET] 0000002b org.apache.myfaces.webapp.WebConfigParamsLogger              I No context init parameter 'org.apache.myfaces.SUPPORT_EL_3_IMPORT_HANDLER' found, using default value 'false'.
[11/15/22, 17:09:56:281 CET] 0000002b org.apache.myfaces.webapp.WebConfigParamsLogger              I No context init parameter 'org.apache.myfaces.STRICT_JSF_2_ORIGIN_HEADER_APP_PATH' found, using default value 'false'.
[11/15/22, 17:09:56:281 CET] 0000002b org.apache.myfaces.webapp.WebConfigParamsLogger              I No context init parameter 'org.apache.myfaces.ALWAYS_FORCE_SESSION_CREATION' found, using default value 'true'.
[11/15/22, 17:09:56:281 CET] 0000002b org.apache.myfaces.webapp.WebConfigParamsLogger              I No context init parameter 'org.apache.myfaces.RESOURCE_MAX_TIME_EXPIRES' found, using default value '604800000'.
[11/15/22, 17:09:56:281 CET] 0000002b org.apache.myfaces.webapp.WebConfigParamsLogger              I No context init parameter 'org.apache.myfaces.RESOURCE_HANDLER_CACHE_SIZE' found, using default value '500'.
[11/15/22, 17:09:56:282 CET] 0000002b org.apache.myfaces.webapp.WebConfigParamsLogger              I No context init parameter 'org.apache.myfaces.RESOURCE_HANDLER_CACHE_ENABLED' found, using default value 'true'.
[11/15/22, 17:09:56:282 CET] 0000002b org.apache.myfaces.webapp.WebConfigParamsLogger              I No context init parameter 'org.apache.myfaces.USE_ENCRYPTION' found, using default value 'true'.
[11/15/22, 17:09:56:282 CET] 0000002b org.apache.myfaces.webapp.WebConfigParamsLogger              I No context init parameter 'org.apache.myfaces.SECRET' found.
[11/15/22, 17:09:56:282 CET] 0000002b org.apache.myfaces.webapp.WebConfigParamsLogger              I No context init parameter 'org.apache.myfaces.ALGORITHM' found, using default value 'DES'.
[11/15/22, 17:09:56:282 CET] 0000002b org.apache.myfaces.webapp.WebConfigParamsLogger              I No context init parameter 'org.apache.myfaces.SECRET.CACHE' found.
[11/15/22, 17:09:56:282 CET] 0000002b org.apache.myfaces.webapp.WebConfigParamsLogger              I No context init parameter 'org.apache.myfaces.ALGORITHM.IV' found.
[11/15/22, 17:09:56:283 CET] 0000002b org.apache.myfaces.webapp.WebConfigParamsLogger              I No context init parameter 'org.apache.myfaces.ALGORITHM.PARAMETERS' found, using default value 'ECB/PKCS5Padding'.
[11/15/22, 17:09:56:283 CET] 0000002b org.apache.myfaces.webapp.WebConfigParamsLogger              I No context init parameter 'org.apache.myfaces.SERIAL_FACTORY' found.
[11/15/22, 17:09:56:283 CET] 0000002b org.apache.myfaces.webapp.WebConfigParamsLogger              I No context init parameter 'org.apache.myfaces.COMPRESS_STATE_IN_CLIENT' found, using default value 'false'.
[11/15/22, 17:09:56:283 CET] 0000002b org.apache.myfaces.webapp.WebConfigParamsLogger              I No context init parameter 'org.apache.myfaces.MAC_ALGORITHM' found, using default value 'HmacSHA1'.
[11/15/22, 17:09:56:283 CET] 0000002b org.apache.myfaces.webapp.WebConfigParamsLogger              I No context init parameter 'org.apache.myfaces.MAC_SECRET' found.
[11/15/22, 17:09:56:284 CET] 0000002b org.apache.myfaces.webapp.WebConfigParamsLogger              I No context init parameter 'org.apache.myfaces.MAC_SECRET.CACHE' found.
[11/15/22, 17:09:56:285 CET] 0000002b org.apache.myfaces.webapp.WebConfigParamsLogger              I No context init parameter 'org.apache.myfaces.LAZY_LOAD_CONFIG_OBJECTS' found, using default value 'true'.
[11/15/22, 17:09:56:286 CET] 0000002b org.apache.myfaces.webapp.WebConfigParamsLogger              I No context init parameter 'org.apache.myfaces.STRICT_JSF_2_ALLOW_SLASH_LIBRARY_NAME' found, using default value 'false'.
[11/15/22, 17:09:56:287 CET] 0000002b org.apache.myfaces.webapp.WebConfigParamsLogger              I No context init parameter 'org.apache.myfaces.RESOURCE_BUFFER_SIZE' found, using default value '2048'.
[11/15/22, 17:09:56:287 CET] 0000002b org.apache.myfaces.webapp.WebConfigParamsLogger              I No context init parameter 'org.apache.myfaces.RANDOM_KEY_IN_CSRF_SESSION_TOKEN' found, using default value 'secureRandom'.
[11/15/22, 17:09:56:287 CET] 0000002b org.apache.myfaces.webapp.WebConfigParamsLogger              I No context init parameter 'org.apache.myfaces.RANDOM_KEY_IN_CSRF_SESSION_TOKEN_LENGTH' found, using default value '16'.
[11/15/22, 17:09:56:287 CET] 0000002b org.apache.myfaces.webapp.WebConfigParamsLogger              I No context init parameter 'org.apache.myfaces.RANDOM_KEY_IN_CSRF_SESSION_TOKEN_SECURE_RANDOM_CLASS' found.
[11/15/22, 17:09:56:288 CET] 0000002b org.apache.myfaces.webapp.WebConfigParamsLogger              I No context init parameter 'org.apache.myfaces.RANDOM_KEY_IN_CSRF_SESSION_TOKEN_SECURE_RANDOM_PROVIDER' found.
[11/15/22, 17:09:56:288 CET] 0000002b org.apache.myfaces.webapp.WebConfigParamsLogger              I No context init parameter 'org.apache.myfaces.RANDOM_KEY_IN_CSRF_SESSION_TOKEN_SECURE_RANDOM_ALGORITM' found, using default value 'SHA1PRNG'.
[11/15/22, 17:09:56:288 CET] 0000002b org.apache.myfaces.webapp.WebConfigParamsLogger              I No context init parameter 'org.apache.myfaces.CLIENT_VIEW_STATE_TIMEOUT' found, using default value '0'.
[11/15/22, 17:09:56:288 CET] 0000002b org.apache.myfaces.webapp.WebConfigParamsLogger              I No context init parameter 'org.apache.myfaces.SERIALIZE_STATE_IN_SESSION' found, using default value 'false'.
[11/15/22, 17:09:56:288 CET] 0000002b org.apache.myfaces.webapp.WebConfigParamsLogger              I No context init parameter 'org.apache.myfaces.COMPRESS_STATE_IN_SESSION' found, using default value 'true'.
[11/15/22, 17:09:56:289 CET] 0000002b org.apache.myfaces.webapp.WebConfigParamsLogger              I No context init parameter 'org.apache.myfaces.USE_FLASH_SCOPE_PURGE_VIEWS_IN_SESSION' found, using default value 'false'.
[11/15/22, 17:09:56:289 CET] 0000002b org.apache.myfaces.webapp.WebConfigParamsLogger              I No context init parameter 'org.apache.myfaces.RANDOM_KEY_IN_VIEW_STATE_SESSION_TOKEN' found, using default value 'secureRandom'.
[11/15/22, 17:09:56:289 CET] 0000002b org.apache.myfaces.webapp.WebConfigParamsLogger              I No context init parameter 'org.apache.myfaces.RANDOM_KEY_IN_VIEW_STATE_SESSION_TOKEN_LENGTH' found, using default value '8'.
[11/15/22, 17:09:56:289 CET] 0000002b org.apache.myfaces.webapp.WebConfigParamsLogger              I No context init parameter 'org.apache.myfaces.RANDOM_KEY_IN_VIEW_STATE_SESSION_TOKEN_SECURE_RANDOM_CLASS' found.
[11/15/22, 17:09:56:289 CET] 0000002b org.apache.myfaces.webapp.WebConfigParamsLogger              I No context init parameter 'org.apache.myfaces.RANDOM_KEY_IN_VIEW_STATE_SESSION_TOKEN_SECURE_RANDOM_PROVIDER' found.
[11/15/22, 17:09:56:290 CET] 0000002b org.apache.myfaces.webapp.WebConfigParamsLogger              I No context init parameter 'org.apache.myfaces.RANDOM_KEY_IN_VIEW_STATE_SESSION_TOKEN_SECURE_RANDOM_ALGORITM' found, using default value 'SHA1PRNG'.
[11/15/22, 17:09:56:290 CET] 0000002b org.apache.myfaces.webapp.WebConfigParamsLogger              I No context init parameter 'facelets.LIBRARIES' found.
[11/15/22, 17:09:56:290 CET] 0000002b org.apache.myfaces.webapp.WebConfigParamsLogger              I No context init parameter 'org.apache.myfaces.VALIDATE' found, using default value 'false'.
[11/15/22, 17:09:56:290 CET] 0000002b org.apache.myfaces.webapp.WebConfigParamsLogger              I No context init parameter 'org.apache.myfaces.annotation.USE_CDI_FOR_ANNOTATION_SCANNING' found.
[11/15/22, 17:09:56:290 CET] 0000002b org.apache.myfaces.webapp.WebConfigParamsLogger              I No context init parameter 'org.apache.myfaces.annotation.SCAN_PACKAGES' found.
[11/15/22, 17:09:56:290 CET] 0000002b org.apache.myfaces.webapp.WebConfigParamsLogger              I No context init parameter 'org.apache.myfaces.config.annotation.LifecycleProvider' found.
[11/15/22, 17:09:56:291 CET] 0000002b org.apache.myfaces.webapp.WebConfigParamsLogger              I No context init parameter 'javax.faces.WEBSOCKET_ENDPOINT_PORT' found.
[11/15/22, 17:09:56:291 CET] 0000002b org.apache.myfaces.webapp.WebConfigParamsLogger              I No context init parameter 'org.apache.myfaces.INITIALIZE_SKIP_JAR_FACES_CONFIG_SCAN' found, using default value 'false'.
[11/15/22, 17:09:56:291 CET] 0000002b org.apache.myfaces.webapp.WebConfigParamsLogger              I No context init parameter 'org.apache.myfaces.EL_RESOLVER_COMPARATOR' found.
[11/15/22, 17:09:56:291 CET] 0000002b org.apache.myfaces.webapp.WebConfigParamsLogger              I No context init parameter 'org.apache.myfaces.EL_RESOLVER_PREDICATE' found.
[11/15/22, 17:09:56:291 CET] 0000002b org.apache.myfaces.webapp.WebConfigParamsLogger              I No context init parameter 'org.apache.myfaces.DEFAULT_WINDOW_MODE' found, using default value 'url'.
[11/15/22, 17:09:56:292 CET] 0000002b org.apache.myfaces.webapp.WebConfigParamsLogger              I No context init parameter 'org.apache.myfaces.WEBSOCKET_MAX_IDLE_TIMEOUT' found, using default value '300000'.
[11/15/22, 17:09:56:292 CET] 0000002b org.apache.myfaces.webapp.WebConfigParamsLogger              I No context init parameter 'org.apache.myfaces.RANDOM_KEY_IN_WEBSOCKET_SESSION_TOKEN' found, using default value 'secureRandom'.
[11/15/22, 17:09:56:292 CET] 0000002b org.apache.myfaces.webapp.WebConfigParamsLogger              I No context init parameter 'org.apache.myfaces.ERROR_TEMPLATE_RESOURCE' found, using default value 'META-INF/rsc/myfaces-dev-error.xml'.
[11/15/22, 17:09:56:292 CET] 0000002b org.apache.myfaces.webapp.WebConfigParamsLogger              I No context init parameter 'org.apache.myfaces.DEBUG_TEMPLATE_RESOURCE' found, using default value 'META-INF/rsc/myfaces-dev-debug.xml'.
[11/15/22, 17:09:56:292 CET] 0000002b org.apache.myfaces.webapp.WebConfigParamsLogger              I No context init parameter 'org.apache.myfaces.ERROR_HANDLING' found, using default value 'false, on Development Project stage: true'.
[11/15/22, 17:09:56:292 CET] 0000002b org.apache.myfaces.webapp.WebConfigParamsLogger              I No context init parameter 'org.apache.myfaces.AUTOCOMPLETE_OFF_VIEW_STATE' found, using default value 'true'.
[11/15/22, 17:09:56:293 CET] 0000002b org.apache.myfaces.webapp.WebConfigParamsLogger              I No context init parameter 'org.apache.myfaces.USE_MULTIPLE_JS_FILES_FOR_JSF_UNCOMPRESSED_JS' found, using default value 'false'.
[11/15/22, 17:09:56:293 CET] 0000002b org.apache.myfaces.webapp.WebConfigParamsLogger              I No context init parameter 'org.apache.myfaces.JSF_JS_MODE' found, using default value 'normal'.
[11/15/22, 17:09:56:293 CET] 0000002b org.apache.myfaces.webapp.WebConfigParamsLogger              I No context init parameter 'org.apache.myfaces.TEMPORAL_RESOURCEHANDLER_CACHE_ENABLED' found, using default value 'false'.
[11/15/22, 17:09:56:293 CET] 0000002b org.apache.myfaces.webapp.WebConfigParamsLogger              I No context init parameter 'org.apache.myfaces.SERVICE_PROVIDER_FINDER' found.
[11/15/22, 17:09:56:293 CET] 0000002b org.apache.myfaces.webapp.WebConfigParamsLogger              I No context init parameter 'org.apache.myfaces.spi.InjectionProvider' found.
[11/15/22, 17:09:56:293 CET] 0000002b org.apache.myfaces.webapp.WebConfigParamsLogger              I No context init parameter 'javax.faces.DISABLE_FACELET_JSF_VIEWHANDLER' found, using default value 'false'.
[11/15/22, 17:09:56:294 CET] 0000002b org.apache.myfaces.webapp.WebConfigParamsLogger              I No context init parameter 'org.apache.myfaces.CHECK_ID_PRODUCTION_MODE' found, using default value 'auto'.
[11/15/22, 17:09:56:294 CET] 0000002b org.apache.myfaces.webapp.WebConfigParamsLogger              I No context init parameter 'facelets.BUFFER_SIZE' found.
[11/15/22, 17:09:56:294 CET] 0000002b org.apache.myfaces.webapp.WebConfigParamsLogger              I No context init parameter 'facelets.REFRESH_PERIOD' found, using default value '-1'.
[11/15/22, 17:09:56:294 CET] 0000002b org.apache.myfaces.webapp.WebConfigParamsLogger              I No context init parameter 'javax.faces.FACELETS_RESOURCE_RESOLVER' found.
[11/15/22, 17:09:56:294 CET] 0000002b org.apache.myfaces.webapp.WebConfigParamsLogger              I No context init parameter 'facelets.RESOURCE_RESOLVER' found.
[11/15/22, 17:09:56:294 CET] 0000002b org.apache.myfaces.webapp.WebConfigParamsLogger              I No context init parameter 'org.apache.myfaces.MARK_INITIAL_STATE_WHEN_APPLY_BUILD_VIEW' found, using default value 'false'.
[11/15/22, 17:09:56:295 CET] 0000002b org.apache.myfaces.webapp.WebConfigParamsLogger              I No context init parameter 'facelets.DECORATORS' found.
[11/15/22, 17:09:56:295 CET] 0000002b org.apache.myfaces.webapp.WebConfigParamsLogger              I No context init parameter 'org.apache.myfaces.WRAP_TAG_EXCEPTIONS_AS_CONTEXT_AWARE' found, using default value 'true'.
[11/15/22, 17:09:56:295 CET] 0000002b org.apache.myfaces.webapp.WebConfigParamsLogger              I No context init parameter 'org.apache.myfaces.CACHE_EL_EXPRESSIONS' found, using default value 'noCache'.
[11/15/22, 17:09:56:295 CET] 0000002b org.apache.myfaces.webapp.WebConfigParamsLogger              I No context init parameter 'org.apache.myfaces.VIEW_POOL_MAX_POOL_SIZE' found, using default value '5'.
[11/15/22, 17:09:56:295 CET] 0000002b org.apache.myfaces.webapp.WebConfigParamsLogger              I No context init parameter 'org.apache.myfaces.VIEW_POOL_MAX_DYNAMIC_PARTIAL_LIMIT' found, using default value '2'.
[11/15/22, 17:09:56:295 CET] 0000002b org.apache.myfaces.webapp.WebConfigParamsLogger              I No context init parameter 'org.apache.myfaces.VIEW_POOL_ENTRY_MODE' found, using default value 'soft'.
[11/15/22, 17:09:56:296 CET] 0000002b org.apache.myfaces.webapp.WebConfigParamsLogger              I No context init parameter 'org.apache.myfaces.VIEW_POOL_DEFERRED_NAVIGATION' found, using default value 'false'.
[11/15/22, 17:09:56:296 CET] 0000002b org.apache.myfaces.webapp.WebConfigParamsLogger              I No context init parameter 'org.apache.myfaces.validator.BEAN_BEFORE_JSF_VALIDATION' found, using default value 'false'.
[11/15/22, 17:09:56:296 CET] 0000002b org.apache.myfaces.webapp.WebConfigParamsLogger              I No context init parameter 'org.apache.myfaces.JSP_SUFFIX' found, using default value '.jsp'.
[11/15/22, 17:09:56:296 CET] 0000002b org.apache.myfaces.webapp.WebConfigParamsLogger              I No context init parameter 'org.apache.myfaces.EXPRESSION_FACTORY' found.
[11/15/22, 17:09:56:296 CET] 0000002b org.apache.myfaces.webapp.WebConfigParamsLogger              I No context init parameter 'org.apache.myfaces.INITIALIZE_ALWAYS_STANDALONE' found, using default value 'false'.
[11/15/22, 17:09:56:296 CET] 0000002b org.apache.myfaces.webapp.WebConfigParamsLogger              I No context init parameter 'org.apache.myfaces.LOG_WEB_CONTEXT_PARAMS' found, using default value 'auto'.
[11/15/22, 17:09:56:296 CET] 0000002b org.apache.myfaces.webapp.WebConfigParamsLogger              I No context init parameter 'org.apache.myfaces.AUTOMATIC_EXTENSIONLESS_MAPPING' found, using default value 'false'.
[11/15/22, 17:09:56:296 CET] 0000002b org.apache.myfaces.webapp.WebConfigParamsLogger              I No context init parameter 'org.apache.myfaces.FACES_INITIALIZER' found.
[11/15/22, 17:09:56:296 CET] 0000002b org.apache.myfaces.webapp.WebConfigParamsLogger              I No context init parameter 'org.apache.myfaces.FACES_INIT_PLUGINS' found.
[11/15/22, 17:09:56:298 CET] 0000002b org.apache.myfaces.webapp.AbstractFacesInitializer           W 

*******************************************************************
*** WARNING: Apache MyFaces-2 is running in DEVELOPMENT mode.   ***
***                                         ^^^^^^^^^^^         ***
*** Do NOT deploy to your live server(s) without changing this. ***
*** See Application#getProjectStage() for more information.     ***
*******************************************************************

[11/15/22, 17:09:56:299 CET] 0000002b org.apache.myfaces.webapp.StartupServletContextListener      I MyFaces Core has started, it took [524] ms.
[11/15/22, 17:09:56:444 CET] 0000002b com.ibm.ws.app.manager.AppMessageHelper                      A CWWKZ0001I: Application LabJakartaEE-1.0-SNAPSHOT started in 5.285 seconds.
[11/15/22, 17:09:56:462 CET] 00000027 com.ibm.ws.tcpchannel.internal.TCPPort                       I CWWKO0219I: TCP Channel defaultHttpEndpoint has been started and is now listening for requests on host localhost  (IPv4: 127.0.0.1) port 9080.
[11/15/22, 17:09:56:469 CET] 00000027 com.ibm.ws.kernel.feature.internal.FeatureManager            A CWWKF0012I: The server installed the following features: [cdi-2.0, el-3.0, jaxrs-2.1, jaxrsClient-2.1, jdbc-4.2, jndi-1.0, jpa-2.2, jpaContainer-2.2, jsf-2.3, jsonb-1.0, jsonp-1.1, jsp-2.3, servlet-4.0].
[11/15/22, 17:09:56:469 CET] 00000027 com.ibm.ws.kernel.feature.internal.FeatureManager            I CWWKF0008I: Feature update completed in 6.431 seconds.
[11/15/22, 17:09:56:469 CET] 00000027 com.ibm.ws.kernel.feature.internal.FeatureManager            A CWWKF0011I: The defaultServer server is ready to run a smarter planet. The defaultServer server started in 7.650 seconds.
[11/15/22, 17:10:02:798 CET] 00000032 com.ibm.ws.http.internal.VirtualHostImpl                     A CWWKT0017I: Web application removed (default_host): http://localhost:9080/LabJakartaEE-1.0-SNAPSHOT/
[11/15/22, 17:10:02:828 CET] 00000032 com.ibm.ws.app.manager.AppMessageHelper                      A CWWKZ0009I: The application LabJakartaEE-1.0-SNAPSHOT has stopped successfully.
[11/15/22, 17:10:02:832 CET] 00000032 com.ibm.ws.app.manager.AppMessageHelper                      I CWWKZ0018I: Starting application LabJakartaEE-1.0-SNAPSHOT.
[11/15/22, 17:10:02:832 CET] 00000032 bm.ws.app.manager.war.internal.WARDeployedAppInfoFactoryImpl I CWWKZ0134I: The LabJakartaEE-1.0-SNAPSHOT application is using the loose application definition at the /Users/janstopinski/projects/jakartaEE/LabJakartaEE/target/liberty/wlp/usr/servers/defaultServer/dropins/LabJakartaEE-1.0-SNAPSHOT.war.xml location.
[11/15/22, 17:10:03:014 CET] 00000042 com.ibm.ws.webcontainer.osgi.mbeans.PluginGenerator          I SRVE9103I: A configuration file for a web server plugin was automatically generated for this server at /Users/janstopinski/projects/jakartaEE/LabJakartaEE/target/liberty/wlp/usr/servers/defaultServer/logs/state/plugin-cfg.xml.
[11/15/22, 17:10:03:093 CET] 00000032 eclipselink                                                  I CWWJP9990I: [eclipselink] EclipseLink, version: Eclipse Persistence Services - 2.7.11.v20220804-52dea2a3c0
[11/15/22, 17:10:03:602 CET] 00000032 org.jboss.weld.Event                                         I WELD-000411: Observer method [BackedAnnotatedMethod] org.apache.myfaces.config.annotation.CdiAnnotationProviderExtension.processAnnotatedType(@Observes ProcessAnnotatedType<T>) receives events for all annotated types. Consider restricting events using @WithAnnotations or a generic type with bounds.
[11/15/22, 17:10:03:603 CET] 00000032 org.jboss.weld.Event                                         I WELD-000411: Observer method [BackedAnnotatedMethod] org.apache.myfaces.cdi.JsfArtifactProducerExtension.processAnnotatedType(@Observes ProcessAnnotatedType<T>, BeanManager) receives events for all annotated types. Consider restricting events using @WithAnnotations or a generic type with bounds.
[11/15/22, 17:10:03:704 CET] 00000032 com.ibm.ws.webcontainer.osgi.webapp.WebGroup                 I SRVE0169I: Loading Web Module: LabJakartaEE-1.0-SNAPSHOT.
[11/15/22, 17:10:03:705 CET] 00000032 com.ibm.ws.webcontainer                                      I SRVE0250I: Web Module LabJakartaEE-1.0-SNAPSHOT has been bound to default_host.
[11/15/22, 17:10:03:705 CET] 00000032 com.ibm.ws.http.internal.VirtualHostImpl                     A CWWKT0016I: Web application available (default_host): http://localhost:9080/LabJakartaEE-1.0-SNAPSHOT/
[11/15/22, 17:10:03:706 CET] 0000003b com.ibm.ws.session.WASSessionCore                            I SESN0176I: A new session context will be created for application key default_host/LabJakartaEE-1.0-SNAPSHOT
[11/15/22, 17:10:03:706 CET] 0000003b com.ibm.ws.util                                              I SESN0172I: The session manager is using the Java default SecureRandom implementation for session ID generation.
[11/15/22, 17:10:03:726 CET] 00000045 com.ibm.ws.webcontainer.osgi.mbeans.PluginGenerator          I SRVE9103I: A configuration file for a web server plugin was automatically generated for this server at /Users/janstopinski/projects/jakartaEE/LabJakartaEE/target/liberty/wlp/usr/servers/defaultServer/logs/state/plugin-cfg.xml.
[11/15/22, 17:10:03:770 CET] 0000003b org.apache.myfaces.ee.MyFacesContainerInitializer            I Using org.apache.myfaces.ee.MyFacesContainerInitializer
[11/15/22, 17:10:03:782 CET] 0000003b org.apache.myfaces.config.DefaultFacesConfigurationProvider  I Reading standard config META-INF/standard-faces-config.xml
[11/15/22, 17:10:03:835 CET] 0000003b org.apache.myfaces.config.DefaultFacesConfigurationProvider  I Found javax.faces.application.ApplicationFactory factory implementation: com.ibm.ws.jsf.config.WASApplicationFactoryImpl
[11/15/22, 17:10:03:876 CET] 0000003b org.apache.myfaces.spi.impl.DefaultInjectionProviderFactory  I Using InjectionProvider com.ibm.ws.jsf.spi.impl.WASCDIAnnotationDelegateInjectionProvider
[11/15/22, 17:10:03:947 CET] 0000003b org.apache.myfaces.config.FacesConfigurator                  I Serialization provider : class org.apache.myfaces.shared_impl.util.serial.DefaultSerialFactory
[11/15/22, 17:10:03:955 CET] 0000003b org.apache.myfaces.webapp.AbstractFacesInitializer           I ServletContext initialized.
[11/15/22, 17:10:03:955 CET] 0000003b org.apache.myfaces.webapp.WebConfigParamsLogger              I Tomahawk jar not available. Autoscrolling, DetectJavascript, AddResourceClass and CheckExtensionsFilter are disabled now.
[11/15/22, 17:10:03:955 CET] 0000003b org.apache.myfaces.webapp.WebConfigParamsLogger              I Scanning for context init parameters not defined. It is not necessary to define them all into your web.xml, they are just provided here for informative purposes. To disable this messages set org.apache.myfaces.LOG_WEB_CONTEXT_PARAMS config param to 'false'
[11/15/22, 17:10:03:955 CET] 0000003b org.apache.myfaces.webapp.WebConfigParamsLogger              I No context init parameter 'javax.faces.RESOURCE_EXCLUDES' found, using default value '.class .jsp .jspx .properties .xhtml .groovy'.
[11/15/22, 17:10:03:955 CET] 0000003b org.apache.myfaces.webapp.WebConfigParamsLogger              I No context init parameter 'javax.faces.STATE_SAVING_METHOD' found, using default value 'server'.
[11/15/22, 17:10:03:956 CET] 0000003b org.apache.myfaces.webapp.WebConfigParamsLogger              I No context init parameter 'javax.faces.FULL_STATE_SAVING_VIEW_IDS' found.
[11/15/22, 17:10:03:956 CET] 0000003b org.apache.myfaces.webapp.WebConfigParamsLogger              I No context init parameter 'javax.faces.PARTIAL_STATE_SAVING' found, using default value 'true (false with 1.2 webapps)'.
[11/15/22, 17:10:03:956 CET] 0000003b org.apache.myfaces.webapp.WebConfigParamsLogger              I No context init parameter 'javax.faces.SERIALIZE_SERVER_STATE' found, using default value 'false'.
[11/15/22, 17:10:03:956 CET] 0000003b org.apache.myfaces.webapp.WebConfigParamsLogger              I No context init parameter 'javax.faces.DEFAULT_SUFFIX' found, using default value '.xhtml .view.xml .jsp'.
[11/15/22, 17:10:03:956 CET] 0000003b org.apache.myfaces.webapp.WebConfigParamsLogger              I No context init parameter 'javax.faces.FACELETS_SUFFIX' found, using default value '.xhtml'.
[11/15/22, 17:10:03:956 CET] 0000003b org.apache.myfaces.webapp.WebConfigParamsLogger              I No context init parameter 'javax.faces.FACELETS_VIEW_MAPPINGS' found.
[11/15/22, 17:10:03:956 CET] 0000003b org.apache.myfaces.webapp.WebConfigParamsLogger              I No context init parameter 'javax.faces.DISABLE_FACELET_JSF_VIEWHANDLER' found.
[11/15/22, 17:10:03:957 CET] 0000003b org.apache.myfaces.webapp.WebConfigParamsLogger              I No context init parameter 'javax.faces.FACELETS_BUFFER_SIZE' found, using default value '1024'.
[11/15/22, 17:10:03:957 CET] 0000003b org.apache.myfaces.webapp.WebConfigParamsLogger              I No context init parameter 'javax.faces.FACELETS_DECORATORS' found.
[11/15/22, 17:10:03:957 CET] 0000003b org.apache.myfaces.webapp.WebConfigParamsLogger              I No context init parameter 'javax.faces.FACELETS_LIBRARIES' found.
[11/15/22, 17:10:03:957 CET] 0000003b org.apache.myfaces.webapp.WebConfigParamsLogger              I No context init parameter 'javax.faces.FACELETS_REFRESH_PERIOD' found, using default value '-1'.
[11/15/22, 17:10:03:957 CET] 0000003b org.apache.myfaces.webapp.WebConfigParamsLogger              I No context init parameter 'javax.faces.FACELETS_SKIP_COMMENTS' found.
[11/15/22, 17:10:03:957 CET] 0000003b org.apache.myfaces.webapp.WebConfigParamsLogger              I No context init parameter 'javax.faces.HONOR_CURRENT_COMPONENT_ATTRIBUTES' found, using default value 'false'.
[11/15/22, 17:10:03:957 CET] 0000003b org.apache.myfaces.webapp.WebConfigParamsLogger              I No context init parameter 'javax.faces.VALIDATE_EMPTY_FIELDS' found, using default value 'auto'.
[11/15/22, 17:10:03:957 CET] 0000003b org.apache.myfaces.webapp.WebConfigParamsLogger              I No context init parameter 'javax.faces.INTERPRET_EMPTY_STRING_SUBMITTED_VALUES_AS_NULL' found, using default value 'false'.
[11/15/22, 17:10:03:958 CET] 0000003b org.apache.myfaces.webapp.WebConfigParamsLogger              I No context init parameter 'org.apache.myfaces.CLEAR_INPUT_WHEN_SUBMITTED_VALUE_IS_NULL_OR_EMPTY' found, using default value 'true'.
[11/15/22, 17:10:03:958 CET] 0000003b org.apache.myfaces.webapp.WebConfigParamsLogger              I No context init parameter 'javax.faces.ALWAYS_PERFORM_VALIDATION_WHEN_REQUIRED_IS_TRUE' found, using default value 'false'.
[11/15/22, 17:10:03:958 CET] 0000003b org.apache.myfaces.webapp.WebConfigParamsLogger              I No context init parameter 'javax.faces.VIEWROOT_PHASE_LISTENER_QUEUES_EXCEPTIONS' found, using default value 'false'.
[11/15/22, 17:10:03:958 CET] 0000003b org.apache.myfaces.webapp.WebConfigParamsLogger              I No context init parameter 'javax.faces.DATETIMECONVERTER_DEFAULT_TIMEZONE_IS_SYSTEM_TIMEZONE' found, using default value 'false'.
[11/15/22, 17:10:03:958 CET] 0000003b org.apache.myfaces.webapp.WebConfigParamsLogger              I No context init parameter 'org.apache.myfaces.ENUM_CONVERTER_ALLOW_STRING_PASSTROUGH' found, using default value 'false'.
[11/15/22, 17:10:03:958 CET] 0000003b org.apache.myfaces.webapp.WebConfigParamsLogger              I No context init parameter 'javax.faces.validator.DISABLE_DEFAULT_BEAN_VALIDATOR' found, using default value 'true'.
[11/15/22, 17:10:03:958 CET] 0000003b org.apache.myfaces.webapp.WebConfigParamsLogger              I No context init parameter 'javax.faces.validator.ENABLE_VALIDATE_WHOLE_BEAN' found, using default value 'false'.
[11/15/22, 17:10:03:958 CET] 0000003b org.apache.myfaces.webapp.WebConfigParamsLogger              I No context init parameter 'javax.faces.CONFIG_FILES' found.
[11/15/22, 17:10:03:959 CET] 0000003b org.apache.myfaces.webapp.WebConfigParamsLogger              I No context init parameter 'javax.faces.LIFECYCLE_ID' found.
[11/15/22, 17:10:03:959 CET] 0000003b org.apache.myfaces.webapp.WebConfigParamsLogger              I No context init parameter 'javax.faces.DISABLE_FACESSERVLET_TO_XHTML' found.
[11/15/22, 17:10:03:959 CET] 0000003b org.apache.myfaces.webapp.WebConfigParamsLogger              I No context init parameter 'org.apache.myfaces.CHECKED_VIEWID_CACHE_SIZE' found, using default value '500'.
[11/15/22, 17:10:03:959 CET] 0000003b org.apache.myfaces.webapp.WebConfigParamsLogger              I No context init parameter 'org.apache.myfaces.CHECKED_VIEWID_CACHE_ENABLED' found, using default value 'true'.
[11/15/22, 17:10:03:959 CET] 0000003b org.apache.myfaces.webapp.WebConfigParamsLogger              I No context init parameter 'org.apache.myfaces.CONFIG_REFRESH_PERIOD' found, using default value '2'.
[11/15/22, 17:10:03:959 CET] 0000003b org.apache.myfaces.webapp.WebConfigParamsLogger              I No context init parameter 'org.apache.myfaces.RENDER_VIEWSTATE_ID' found, using default value 'true'.
[11/15/22, 17:10:03:960 CET] 0000003b org.apache.myfaces.webapp.WebConfigParamsLogger              I No context init parameter 'org.apache.myfaces.STRICT_XHTML_LINKS' found, using default value 'true'.
[11/15/22, 17:10:03:960 CET] 0000003b org.apache.myfaces.webapp.WebConfigParamsLogger              I No context init parameter 'org.apache.myfaces.RENDER_CLEAR_JAVASCRIPT_FOR_BUTTON' found, using default value 'false'.
[11/15/22, 17:10:03:960 CET] 0000003b org.apache.myfaces.webapp.WebConfigParamsLogger              I No context init parameter 'org.apache.myfaces.RENDER_HIDDEN_FIELDS_FOR_LINK_PARAMS' found, using default value 'false'.
[11/15/22, 17:10:03:960 CET] 0000003b org.apache.myfaces.webapp.WebConfigParamsLogger              I No context init parameter 'org.apache.myfaces.SAVE_FORM_SUBMIT_LINK_IE' found, using default value 'false'.
[11/15/22, 17:10:03:961 CET] 0000003b org.apache.myfaces.webapp.WebConfigParamsLogger              I No context init parameter 'org.apache.myfaces.DELEGATE_FACES_SERVLET' found.
[11/15/22, 17:10:03:961 CET] 0000003b org.apache.myfaces.webapp.WebConfigParamsLogger              I No context init parameter 'org.apache.myfaces.REFRESH_TRANSIENT_BUILD_ON_PSS' found, using default value 'auto'.
[11/15/22, 17:10:03:961 CET] 0000003b org.apache.myfaces.webapp.WebConfigParamsLogger              I No context init parameter 'org.apache.myfaces.REFRESH_TRANSIENT_BUILD_ON_PSS_PRESERVE_STATE' found, using default value 'false'.
[11/15/22, 17:10:03:961 CET] 0000003b org.apache.myfaces.webapp.WebConfigParamsLogger              I No context init parameter 'org.apache.myfaces.VALIDATE_XML' found.
[11/15/22, 17:10:03:961 CET] 0000003b org.apache.myfaces.webapp.WebConfigParamsLogger              I No context init parameter 'org.apache.myfaces.WRAP_SCRIPT_CONTENT_WITH_XML_COMMENT_TAG' found, using default value 'false'.
[11/15/22, 17:10:03:961 CET] 0000003b org.apache.myfaces.webapp.WebConfigParamsLogger              I No context init parameter 'org.apache.myfaces.DEBUG_PHASE_LISTENER' found.
[11/15/22, 17:10:03:961 CET] 0000003b org.apache.myfaces.webapp.WebConfigParamsLogger              I No context init parameter 'org.apache.myfaces.STRICT_JSF_2_CC_EL_RESOLVER' found, using default value 'false'.
[11/15/22, 17:10:03:962 CET] 0000003b org.apache.myfaces.webapp.WebConfigParamsLogger              I No context init parameter 'org.apache.myfaces.DEFAULT_RESPONSE_WRITER_CONTENT_TYPE_MODE' found, using default value 'text/html'.
[11/15/22, 17:10:03:962 CET] 0000003b org.apache.myfaces.webapp.WebConfigParamsLogger              I No context init parameter 'org.apache.myfaces.VIEW_UNIQUE_IDS_CACHE_ENABLED' found, using default value 'true'.
[11/15/22, 17:10:03:962 CET] 0000003b org.apache.myfaces.webapp.WebConfigParamsLogger              I No context init parameter 'org.apache.myfaces.COMPONENT_UNIQUE_IDS_CACHE_SIZE' found, using default value '100'.
[11/15/22, 17:10:03:962 CET] 0000003b org.apache.myfaces.webapp.WebConfigParamsLogger              I No context init parameter 'org.apache.myfaces.SUPPORT_JSP_AND_FACES_EL' found, using default value 'true'.
[11/15/22, 17:10:03:962 CET] 0000003b org.apache.myfaces.webapp.WebConfigParamsLogger              I No context init parameter 'org.apache.myfaces.SUPPORT_MANAGED_BEANS' found, using default value 'true'.
[11/15/22, 17:10:03:962 CET] 0000003b org.apache.myfaces.webapp.WebConfigParamsLogger              I No context init parameter 'org.apache.myfaces.GAE_JSF_JAR_FILES' found.
[11/15/22, 17:10:03:962 CET] 0000003b org.apache.myfaces.webapp.WebConfigParamsLogger              I No context init parameter 'org.apache.myfaces.GAE_JSF_ANNOTATIONS_JAR_FILES' found.
[11/15/22, 17:10:03:962 CET] 0000003b org.apache.myfaces.webapp.WebConfigParamsLogger              I No context init parameter 'org.apache.myfaces.STRICT_JSF_2_VIEW_NOT_FOUND' found, using default value 'false'.
[11/15/22, 17:10:03:963 CET] 0000003b org.apache.myfaces.webapp.WebConfigParamsLogger              I No context init parameter 'org.apache.myfaces.EARLY_FLUSH_ENABLED' found, using default value 'false'.
[11/15/22, 17:10:03:963 CET] 0000003b org.apache.myfaces.webapp.WebConfigParamsLogger              I No context init parameter 'org.apache.myfaces.STRICT_JSF_2_FACELETS_COMPATIBILITY' found, using default value 'false'.
[11/15/22, 17:10:03:963 CET] 0000003b org.apache.myfaces.webapp.WebConfigParamsLogger              I No context init parameter 'org.apache.myfaces.RENDER_FORM_VIEW_STATE_AT_BEGIN' found, using default value 'false'.
[11/15/22, 17:10:03:963 CET] 0000003b org.apache.myfaces.webapp.WebConfigParamsLogger              I No context init parameter 'org.apache.myfaces.FLASH_SCOPE_DISABLED' found, using default value 'false'.
[11/15/22, 17:10:03:963 CET] 0000003b org.apache.myfaces.webapp.WebConfigParamsLogger              I No context init parameter 'org.apache.myfaces.NUMBER_OF_VIEWS_IN_SESSION' found, using default value '20'.
[11/15/22, 17:10:03:963 CET] 0000003b org.apache.myfaces.webapp.WebConfigParamsLogger              I No context init parameter 'org.apache.myfaces.NUMBER_OF_SEQUENTIAL_VIEWS_IN_SESSION' found, using default value '4'.
[11/15/22, 17:10:03:963 CET] 0000003b org.apache.myfaces.webapp.WebConfigParamsLogger              I No context init parameter 'org.apache.myfaces.NUMBER_OF_FLASH_TOKENS_IN_SESSION' found.
[11/15/22, 17:10:03:963 CET] 0000003b org.apache.myfaces.webapp.WebConfigParamsLogger              I No context init parameter 'org.apache.myfaces.FACES_FLOW_CLIENT_WINDOW_IDS_IN_SESSION' found.
[11/15/22, 17:10:03:963 CET] 0000003b org.apache.myfaces.webapp.WebConfigParamsLogger              I No context init parameter 'org.apache.myfaces.SUPPORT_EL_3_IMPORT_HANDLER' found, using default value 'false'.
[11/15/22, 17:10:03:964 CET] 0000003b org.apache.myfaces.webapp.WebConfigParamsLogger              I No context init parameter 'org.apache.myfaces.STRICT_JSF_2_ORIGIN_HEADER_APP_PATH' found, using default value 'false'.
[11/15/22, 17:10:03:966 CET] 0000003b org.apache.myfaces.webapp.WebConfigParamsLogger              I No context init parameter 'org.apache.myfaces.ALWAYS_FORCE_SESSION_CREATION' found, using default value 'true'.
[11/15/22, 17:10:03:967 CET] 0000003b org.apache.myfaces.webapp.WebConfigParamsLogger              I No context init parameter 'org.apache.myfaces.RESOURCE_MAX_TIME_EXPIRES' found, using default value '604800000'.
[11/15/22, 17:10:03:967 CET] 0000003b org.apache.myfaces.webapp.WebConfigParamsLogger              I No context init parameter 'org.apache.myfaces.RESOURCE_HANDLER_CACHE_SIZE' found, using default value '500'.
[11/15/22, 17:10:03:967 CET] 0000003b org.apache.myfaces.webapp.WebConfigParamsLogger              I No context init parameter 'org.apache.myfaces.RESOURCE_HANDLER_CACHE_ENABLED' found, using default value 'true'.
[11/15/22, 17:10:03:967 CET] 0000003b org.apache.myfaces.webapp.WebConfigParamsLogger              I No context init parameter 'org.apache.myfaces.USE_ENCRYPTION' found, using default value 'true'.
[11/15/22, 17:10:03:968 CET] 0000003b org.apache.myfaces.webapp.WebConfigParamsLogger              I No context init parameter 'org.apache.myfaces.SECRET' found.
[11/15/22, 17:10:03:968 CET] 0000003b org.apache.myfaces.webapp.WebConfigParamsLogger              I No context init parameter 'org.apache.myfaces.ALGORITHM' found, using default value 'DES'.
[11/15/22, 17:10:03:968 CET] 0000003b org.apache.myfaces.webapp.WebConfigParamsLogger              I No context init parameter 'org.apache.myfaces.SECRET.CACHE' found.
[11/15/22, 17:10:03:968 CET] 0000003b org.apache.myfaces.webapp.WebConfigParamsLogger              I No context init parameter 'org.apache.myfaces.ALGORITHM.IV' found.
[11/15/22, 17:10:03:968 CET] 0000003b org.apache.myfaces.webapp.WebConfigParamsLogger              I No context init parameter 'org.apache.myfaces.ALGORITHM.PARAMETERS' found, using default value 'ECB/PKCS5Padding'.
[11/15/22, 17:10:03:968 CET] 0000003b org.apache.myfaces.webapp.WebConfigParamsLogger              I No context init parameter 'org.apache.myfaces.SERIAL_FACTORY' found.
[11/15/22, 17:10:03:968 CET] 0000003b org.apache.myfaces.webapp.WebConfigParamsLogger              I No context init parameter 'org.apache.myfaces.COMPRESS_STATE_IN_CLIENT' found, using default value 'false'.
[11/15/22, 17:10:03:968 CET] 0000003b org.apache.myfaces.webapp.WebConfigParamsLogger              I No context init parameter 'org.apache.myfaces.MAC_ALGORITHM' found, using default value 'HmacSHA1'.
[11/15/22, 17:10:03:968 CET] 0000003b org.apache.myfaces.webapp.WebConfigParamsLogger              I No context init parameter 'org.apache.myfaces.MAC_SECRET' found.
[11/15/22, 17:10:03:968 CET] 0000003b org.apache.myfaces.webapp.WebConfigParamsLogger              I No context init parameter 'org.apache.myfaces.MAC_SECRET.CACHE' found.
[11/15/22, 17:10:03:968 CET] 0000003b org.apache.myfaces.webapp.WebConfigParamsLogger              I No context init parameter 'org.apache.myfaces.LAZY_LOAD_CONFIG_OBJECTS' found, using default value 'true'.
[11/15/22, 17:10:03:968 CET] 0000003b org.apache.myfaces.webapp.WebConfigParamsLogger              I No context init parameter 'org.apache.myfaces.STRICT_JSF_2_ALLOW_SLASH_LIBRARY_NAME' found, using default value 'false'.
[11/15/22, 17:10:03:969 CET] 0000003b org.apache.myfaces.webapp.WebConfigParamsLogger              I No context init parameter 'org.apache.myfaces.RESOURCE_BUFFER_SIZE' found, using default value '2048'.
[11/15/22, 17:10:03:969 CET] 0000003b org.apache.myfaces.webapp.WebConfigParamsLogger              I No context init parameter 'org.apache.myfaces.RANDOM_KEY_IN_CSRF_SESSION_TOKEN' found, using default value 'secureRandom'.
[11/15/22, 17:10:03:969 CET] 0000003b org.apache.myfaces.webapp.WebConfigParamsLogger              I No context init parameter 'org.apache.myfaces.RANDOM_KEY_IN_CSRF_SESSION_TOKEN_LENGTH' found, using default value '16'.
[11/15/22, 17:10:03:969 CET] 0000003b org.apache.myfaces.webapp.WebConfigParamsLogger              I No context init parameter 'org.apache.myfaces.RANDOM_KEY_IN_CSRF_SESSION_TOKEN_SECURE_RANDOM_CLASS' found.
[11/15/22, 17:10:03:969 CET] 0000003b org.apache.myfaces.webapp.WebConfigParamsLogger              I No context init parameter 'org.apache.myfaces.RANDOM_KEY_IN_CSRF_SESSION_TOKEN_SECURE_RANDOM_PROVIDER' found.
[11/15/22, 17:10:03:969 CET] 0000003b org.apache.myfaces.webapp.WebConfigParamsLogger              I No context init parameter 'org.apache.myfaces.RANDOM_KEY_IN_CSRF_SESSION_TOKEN_SECURE_RANDOM_ALGORITM' found, using default value 'SHA1PRNG'.
[11/15/22, 17:10:03:969 CET] 0000003b org.apache.myfaces.webapp.WebConfigParamsLogger              I No context init parameter 'org.apache.myfaces.CLIENT_VIEW_STATE_TIMEOUT' found, using default value '0'.
[11/15/22, 17:10:03:969 CET] 0000003b org.apache.myfaces.webapp.WebConfigParamsLogger              I No context init parameter 'org.apache.myfaces.SERIALIZE_STATE_IN_SESSION' found, using default value 'false'.
[11/15/22, 17:10:03:969 CET] 0000003b org.apache.myfaces.webapp.WebConfigParamsLogger              I No context init parameter 'org.apache.myfaces.COMPRESS_STATE_IN_SESSION' found, using default value 'true'.
[11/15/22, 17:10:03:969 CET] 0000003b org.apache.myfaces.webapp.WebConfigParamsLogger              I No context init parameter 'org.apache.myfaces.USE_FLASH_SCOPE_PURGE_VIEWS_IN_SESSION' found, using default value 'false'.
[11/15/22, 17:10:03:969 CET] 0000003b org.apache.myfaces.webapp.WebConfigParamsLogger              I No context init parameter 'org.apache.myfaces.RANDOM_KEY_IN_VIEW_STATE_SESSION_TOKEN' found, using default value 'secureRandom'.
[11/15/22, 17:10:03:969 CET] 0000003b org.apache.myfaces.webapp.WebConfigParamsLogger              I No context init parameter 'org.apache.myfaces.RANDOM_KEY_IN_VIEW_STATE_SESSION_TOKEN_LENGTH' found, using default value '8'.
[11/15/22, 17:10:03:969 CET] 0000003b org.apache.myfaces.webapp.WebConfigParamsLogger              I No context init parameter 'org.apache.myfaces.RANDOM_KEY_IN_VIEW_STATE_SESSION_TOKEN_SECURE_RANDOM_CLASS' found.
[11/15/22, 17:10:03:970 CET] 0000003b org.apache.myfaces.webapp.WebConfigParamsLogger              I No context init parameter 'org.apache.myfaces.RANDOM_KEY_IN_VIEW_STATE_SESSION_TOKEN_SECURE_RANDOM_PROVIDER' found.
[11/15/22, 17:10:03:970 CET] 0000003b org.apache.myfaces.webapp.WebConfigParamsLogger              I No context init parameter 'org.apache.myfaces.RANDOM_KEY_IN_VIEW_STATE_SESSION_TOKEN_SECURE_RANDOM_ALGORITM' found, using default value 'SHA1PRNG'.
[11/15/22, 17:10:03:970 CET] 0000003b org.apache.myfaces.webapp.WebConfigParamsLogger              I No context init parameter 'facelets.LIBRARIES' found.
[11/15/22, 17:10:03:970 CET] 0000003b org.apache.myfaces.webapp.WebConfigParamsLogger              I No context init parameter 'org.apache.myfaces.VALIDATE' found, using default value 'false'.
[11/15/22, 17:10:03:970 CET] 0000003b org.apache.myfaces.webapp.WebConfigParamsLogger              I No context init parameter 'org.apache.myfaces.annotation.USE_CDI_FOR_ANNOTATION_SCANNING' found.
[11/15/22, 17:10:03:970 CET] 0000003b org.apache.myfaces.webapp.WebConfigParamsLogger              I No context init parameter 'org.apache.myfaces.annotation.SCAN_PACKAGES' found.
[11/15/22, 17:10:03:970 CET] 0000003b org.apache.myfaces.webapp.WebConfigParamsLogger              I No context init parameter 'org.apache.myfaces.config.annotation.LifecycleProvider' found.
[11/15/22, 17:10:03:970 CET] 0000003b org.apache.myfaces.webapp.WebConfigParamsLogger              I No context init parameter 'javax.faces.WEBSOCKET_ENDPOINT_PORT' found.
[11/15/22, 17:10:03:970 CET] 0000003b org.apache.myfaces.webapp.WebConfigParamsLogger              I No context init parameter 'org.apache.myfaces.INITIALIZE_SKIP_JAR_FACES_CONFIG_SCAN' found, using default value 'false'.
[11/15/22, 17:10:03:970 CET] 0000003b org.apache.myfaces.webapp.WebConfigParamsLogger              I No context init parameter 'org.apache.myfaces.EL_RESOLVER_COMPARATOR' found.
[11/15/22, 17:10:03:971 CET] 0000003b org.apache.myfaces.webapp.WebConfigParamsLogger              I No context init parameter 'org.apache.myfaces.EL_RESOLVER_PREDICATE' found.
[11/15/22, 17:10:03:971 CET] 0000003b org.apache.myfaces.webapp.WebConfigParamsLogger              I No context init parameter 'org.apache.myfaces.DEFAULT_WINDOW_MODE' found, using default value 'url'.
[11/15/22, 17:10:03:971 CET] 0000003b org.apache.myfaces.webapp.WebConfigParamsLogger              I No context init parameter 'org.apache.myfaces.WEBSOCKET_MAX_IDLE_TIMEOUT' found, using default value '300000'.
[11/15/22, 17:10:03:971 CET] 0000003b org.apache.myfaces.webapp.WebConfigParamsLogger              I No context init parameter 'org.apache.myfaces.RANDOM_KEY_IN_WEBSOCKET_SESSION_TOKEN' found, using default value 'secureRandom'.
[11/15/22, 17:10:03:971 CET] 0000003b org.apache.myfaces.webapp.WebConfigParamsLogger              I No context init parameter 'org.apache.myfaces.ERROR_TEMPLATE_RESOURCE' found, using default value 'META-INF/rsc/myfaces-dev-error.xml'.
[11/15/22, 17:10:03:971 CET] 0000003b org.apache.myfaces.webapp.WebConfigParamsLogger              I No context init parameter 'org.apache.myfaces.DEBUG_TEMPLATE_RESOURCE' found, using default value 'META-INF/rsc/myfaces-dev-debug.xml'.
[11/15/22, 17:10:03:971 CET] 0000003b org.apache.myfaces.webapp.WebConfigParamsLogger              I No context init parameter 'org.apache.myfaces.ERROR_HANDLING' found, using default value 'false, on Development Project stage: true'.
[11/15/22, 17:10:03:972 CET] 0000003b org.apache.myfaces.webapp.WebConfigParamsLogger              I No context init parameter 'org.apache.myfaces.AUTOCOMPLETE_OFF_VIEW_STATE' found, using default value 'true'.
[11/15/22, 17:10:03:972 CET] 0000003b org.apache.myfaces.webapp.WebConfigParamsLogger              I No context init parameter 'org.apache.myfaces.USE_MULTIPLE_JS_FILES_FOR_JSF_UNCOMPRESSED_JS' found, using default value 'false'.
[11/15/22, 17:10:03:972 CET] 0000003b org.apache.myfaces.webapp.WebConfigParamsLogger              I No context init parameter 'org.apache.myfaces.JSF_JS_MODE' found, using default value 'normal'.
[11/15/22, 17:10:03:972 CET] 0000003b org.apache.myfaces.webapp.WebConfigParamsLogger              I No context init parameter 'org.apache.myfaces.TEMPORAL_RESOURCEHANDLER_CACHE_ENABLED' found, using default value 'false'.
[11/15/22, 17:10:03:972 CET] 0000003b org.apache.myfaces.webapp.WebConfigParamsLogger              I No context init parameter 'org.apache.myfaces.SERVICE_PROVIDER_FINDER' found.
[11/15/22, 17:10:03:972 CET] 0000003b org.apache.myfaces.webapp.WebConfigParamsLogger              I No context init parameter 'org.apache.myfaces.spi.InjectionProvider' found.
[11/15/22, 17:10:03:972 CET] 0000003b org.apache.myfaces.webapp.WebConfigParamsLogger              I No context init parameter 'javax.faces.DISABLE_FACELET_JSF_VIEWHANDLER' found, using default value 'false'.
[11/15/22, 17:10:03:972 CET] 0000003b org.apache.myfaces.webapp.WebConfigParamsLogger              I No context init parameter 'org.apache.myfaces.CHECK_ID_PRODUCTION_MODE' found, using default value 'auto'.
[11/15/22, 17:10:03:973 CET] 0000003b org.apache.myfaces.webapp.WebConfigParamsLogger              I No context init parameter 'facelets.BUFFER_SIZE' found.
[11/15/22, 17:10:03:973 CET] 0000003b org.apache.myfaces.webapp.WebConfigParamsLogger              I No context init parameter 'facelets.REFRESH_PERIOD' found, using default value '-1'.
[11/15/22, 17:10:03:973 CET] 0000003b org.apache.myfaces.webapp.WebConfigParamsLogger              I No context init parameter 'javax.faces.FACELETS_RESOURCE_RESOLVER' found.
[11/15/22, 17:10:03:973 CET] 0000003b org.apache.myfaces.webapp.WebConfigParamsLogger              I No context init parameter 'facelets.RESOURCE_RESOLVER' found.
[11/15/22, 17:10:03:973 CET] 0000003b org.apache.myfaces.webapp.WebConfigParamsLogger              I No context init parameter 'org.apache.myfaces.MARK_INITIAL_STATE_WHEN_APPLY_BUILD_VIEW' found, using default value 'false'.
[11/15/22, 17:10:03:973 CET] 0000003b org.apache.myfaces.webapp.WebConfigParamsLogger              I No context init parameter 'facelets.DECORATORS' found.
[11/15/22, 17:10:03:973 CET] 0000003b org.apache.myfaces.webapp.WebConfigParamsLogger              I No context init parameter 'org.apache.myfaces.WRAP_TAG_EXCEPTIONS_AS_CONTEXT_AWARE' found, using default value 'true'.
[11/15/22, 17:10:03:973 CET] 0000003b org.apache.myfaces.webapp.WebConfigParamsLogger              I No context init parameter 'org.apache.myfaces.CACHE_EL_EXPRESSIONS' found, using default value 'noCache'.
[11/15/22, 17:10:03:974 CET] 0000003b org.apache.myfaces.webapp.WebConfigParamsLogger              I No context init parameter 'org.apache.myfaces.VIEW_POOL_MAX_POOL_SIZE' found, using default value '5'.
[11/15/22, 17:10:03:974 CET] 0000003b org.apache.myfaces.webapp.WebConfigParamsLogger              I No context init parameter 'org.apache.myfaces.VIEW_POOL_MAX_DYNAMIC_PARTIAL_LIMIT' found, using default value '2'.
[11/15/22, 17:10:03:974 CET] 0000003b org.apache.myfaces.webapp.WebConfigParamsLogger              I No context init parameter 'org.apache.myfaces.VIEW_POOL_ENTRY_MODE' found, using default value 'soft'.
[11/15/22, 17:10:03:974 CET] 0000003b org.apache.myfaces.webapp.WebConfigParamsLogger              I No context init parameter 'org.apache.myfaces.VIEW_POOL_DEFERRED_NAVIGATION' found, using default value 'false'.
[11/15/22, 17:10:03:974 CET] 0000003b org.apache.myfaces.webapp.WebConfigParamsLogger              I No context init parameter 'org.apache.myfaces.validator.BEAN_BEFORE_JSF_VALIDATION' found, using default value 'false'.
[11/15/22, 17:10:03:974 CET] 0000003b org.apache.myfaces.webapp.WebConfigParamsLogger              I No context init parameter 'org.apache.myfaces.JSP_SUFFIX' found, using default value '.jsp'.
[11/15/22, 17:10:03:974 CET] 0000003b org.apache.myfaces.webapp.WebConfigParamsLogger              I No context init parameter 'org.apache.myfaces.EXPRESSION_FACTORY' found.
[11/15/22, 17:10:03:974 CET] 0000003b org.apache.myfaces.webapp.WebConfigParamsLogger              I No context init parameter 'org.apache.myfaces.INITIALIZE_ALWAYS_STANDALONE' found, using default value 'false'.
[11/15/22, 17:10:03:974 CET] 0000003b org.apache.myfaces.webapp.WebConfigParamsLogger              I No context init parameter 'org.apache.myfaces.LOG_WEB_CONTEXT_PARAMS' found, using default value 'auto'.
[11/15/22, 17:10:03:975 CET] 0000003b org.apache.myfaces.webapp.WebConfigParamsLogger              I No context init parameter 'org.apache.myfaces.AUTOMATIC_EXTENSIONLESS_MAPPING' found, using default value 'false'.
[11/15/22, 17:10:03:975 CET] 0000003b org.apache.myfaces.webapp.WebConfigParamsLogger              I No context init parameter 'org.apache.myfaces.FACES_INITIALIZER' found.
[11/15/22, 17:10:03:975 CET] 0000003b org.apache.myfaces.webapp.WebConfigParamsLogger              I No context init parameter 'org.apache.myfaces.FACES_INIT_PLUGINS' found.
[11/15/22, 17:10:03:975 CET] 0000003b org.apache.myfaces.webapp.AbstractFacesInitializer           W 

*******************************************************************
*** WARNING: Apache MyFaces-2 is running in DEVELOPMENT mode.   ***
***                                         ^^^^^^^^^^^         ***
*** Do NOT deploy to your live server(s) without changing this. ***
*** See Application#getProjectStage() for more information.     ***
*******************************************************************

[11/15/22, 17:10:03:975 CET] 0000003b org.apache.myfaces.webapp.StartupServletContextListener      I MyFaces Core has started, it took [196] ms.
[11/15/22, 17:10:04:037 CET] 0000003b com.ibm.ws.app.manager.AppMessageHelper                      A CWWKZ0003I: The application LabJakartaEE-1.0-SNAPSHOT updated in 1.204 seconds.
[11/15/22, 17:10:49:425 CET] 00000030 .apache.cxf.cxf.core.3.2:1.0.70.cl221120221010-1540(id=162)] I Setting the server's publish address to be /labJax/api/
[11/15/22, 17:10:49:487 CET] 00000030 com.ibm.ws.webcontainer.servlet                              I SRVE0242I: [LabJakartaEE-1.0-SNAPSHOT] [/LabJakartaEE-1.0-SNAPSHOT] [pl.edu.pg.lab.controller.Config]: Initialization successful.
[11/15/22, 17:12:20:560 CET] 00000016 com.ibm.ws.kernel.launch.internal.FrameworkManager           A CWWKE0085I: The server defaultServer is stopping because the JVM is exiting.
[11/15/22, 17:12:20:562 CET] 0000006c com.ibm.ws.runtime.update.internal.RuntimeUpdateManagerImpl  A CWWKE1100I: Waiting for up to 30 seconds for the server to quiesce.
[11/15/22, 17:12:20:566 CET] 0000003b com.ibm.ws.tcpchannel.internal.TCPChannel                    I CWWKO0220I: TCP Channel defaultHttpEndpoint has stopped listening for requests on host localhost  (IPv4: 127.0.0.1) port 9080.
[11/15/22, 17:12:20:567 CET] 0000003b com.ibm.ws.http.internal.VirtualHostImpl                     A CWWKT0017I: Web application removed (default_host): http://localhost:9080/LabJakartaEE-1.0-SNAPSHOT/
[11/15/22, 17:12:20:775 CET] 00000017 com.ibm.ws.kernel.launch.internal.ServerCommandListener      A CWWKE0055I: Server shutdown requested on Tuesday, November 15, 2022 at 5:12 PM. The server defaultServer is shutting down.
[11/15/22, 17:12:21:573 CET] 0000006c com.ibm.ws.runtime.update.internal.RuntimeUpdateManagerImpl  I CWWKE1101I: Server quiesce complete.
[11/15/22, 17:12:21:597 CET] 00000040 com.ibm.ws.app.manager.AppMessageHelper                      A CWWKZ0009I: The application LabJakartaEE-1.0-SNAPSHOT has stopped successfully.
[11/15/22, 17:12:21:646 CET] 0000006c com.ibm.tx.jta.impl.FailureScopeController                   A WTRN0105I: The transaction service has shutdown successfully with no transactions requiring recovery.
[11/15/22, 17:12:21:976 CET] 00000001 com.ibm.ws.kernel.launch.internal.FrameworkManager           A CWWKE0036I: The server defaultServer stopped after 2 minutes, 33.155 seconds.
