------Start of DE processing------ = [10/18/22, 17:44:10:418 CEST]
Exception = javax.servlet.ServletException
Source = com.ibm.ws.webcontainer.filter.WebAppFilterManager.invokeFilters
probeid = 1064
Stack Dump = javax.servlet.ServletException: SRVE8024E: The request is not of type multipart/form-data.
	at com.ibm.ws.webcontainer.srt.SRTServletRequest.prepareMultipart(SRTServletRequest.java:3813)
	at com.ibm.ws.webcontainer31.srt.SRTServletRequest31.prepareMultipart(SRTServletRequest31.java:288)
	at com.ibm.ws.webcontainer.srt.SRTServletRequest.getPart(SRTServletRequest.java:3761)
	at pl.edu.pg.lab.user.servlet.PortraitServlet.doPut(PortraitServlet.java:68)
	at javax.servlet.http.HttpServlet.service(HttpServlet.java:709)
	at javax.servlet.http.HttpServlet.service(HttpServlet.java:791)
	at com.ibm.ws.webcontainer.servlet.ServletWrapper.service(ServletWrapper.java:1258)
	at com.ibm.ws.webcontainer.servlet.ServletWrapper.handleRequest(ServletWrapper.java:746)
	at com.ibm.ws.webcontainer.servlet.ServletWrapper.handleRequest(ServletWrapper.java:443)
	at com.ibm.ws.webcontainer.filter.WebAppFilterManager.invokeFilters(WebAppFilterManager.java:1227)
	at com.ibm.ws.webcontainer.filter.WebAppFilterManager.invokeFilters(WebAppFilterManager.java:1011)
	at com.ibm.ws.webcontainer.servlet.CacheServletWrapper.handleRequest(CacheServletWrapper.java:75)
	at com.ibm.ws.webcontainer40.servlet.CacheServletWrapper40.handleRequest(CacheServletWrapper40.java:85)
	at com.ibm.ws.webcontainer.WebContainer.handleRequest(WebContainer.java:938)
	at com.ibm.ws.webcontainer.osgi.DynamicVirtualHost$2.run(DynamicVirtualHost.java:281)
	at com.ibm.ws.http.dispatcher.internal.channel.HttpDispatcherLink$TaskWrapper.run(HttpDispatcherLink.java:1239)
	at com.ibm.ws.http.dispatcher.internal.channel.HttpDispatcherLink.wrapHandlerAndExecute(HttpDispatcherLink.java:468)
	at com.ibm.ws.http.dispatcher.internal.channel.HttpDispatcherLink.ready(HttpDispatcherLink.java:427)
	at com.ibm.ws.http.channel.internal.inbound.HttpInboundLink.handleDiscrimination(HttpInboundLink.java:566)
	at com.ibm.ws.http.channel.internal.inbound.HttpInboundLink.handleNewRequest(HttpInboundLink.java:500)
	at com.ibm.ws.http.channel.internal.inbound.HttpInboundLink.processRequest(HttpInboundLink.java:360)
	at com.ibm.ws.http.channel.internal.inbound.HttpICLReadCallback.complete(HttpICLReadCallback.java:70)
	at com.ibm.ws.tcpchannel.internal.WorkQueueManager.requestComplete(WorkQueueManager.java:514)
	at com.ibm.ws.tcpchannel.internal.WorkQueueManager.attemptIO(WorkQueueManager.java:584)
	at com.ibm.ws.tcpchannel.internal.WorkQueueManager.workerRun(WorkQueueManager.java:968)
	at com.ibm.ws.tcpchannel.internal.WorkQueueManager$Worker.run(WorkQueueManager.java:1057)
	at com.ibm.ws.threading.internal.ExecutorServiceImpl$RunnableWrapper.run(ExecutorServiceImpl.java:245)
	at java.base/java.util.concurrent.ThreadPoolExecutor.runWorker(ThreadPoolExecutor.java:1136)
	at java.base/java.util.concurrent.ThreadPoolExecutor$Worker.run(ThreadPoolExecutor.java:635)
	at java.base/java.lang.Thread.run(Thread.java:833)

Dump of callerThis
null
