********************************************************************************
product = Open Liberty 22.0.0.10 (wlp-1.0.69.cl221020220912-1100)
wlp.install.dir = /Users/janstopinski/projects/jakartaEE/LabJakartaEE/target/liberty/wlp/
java.home = /Users/janstopinski/Library/Java/JavaVirtualMachines/corretto-17.0.4.1/Contents/Home
java.version = 17.0.4.1
java.runtime = OpenJDK Runtime Environment (17.0.4.1+9-LTS)
os = Mac OS X (12.1; x86_64) (en_PL)
process = 564@Jans-MacBook-Pro.local
Classpath = /Users/janstopinski/projects/jakartaEE/LabJakartaEE/target/liberty/wlp/bin/tools/ws-server.jar
Java Library path = /Users/janstopinski/Library/Java/Extensions:/Library/Java/Extensions:/Network/Library/Java/Extensions:/System/Library/Java/Extensions:/usr/lib/java:.
********************************************************************************
[10/18/22, 18:10:38:428 CEST] 00000001 com.ibm.ws.kernel.launch.internal.FrameworkManager           A CWWKE0001I: The server defaultServer has been launched.
[10/18/22, 18:10:39:091 CEST] 00000001 com.ibm.ws.kernel.launch.internal.FrameworkManager           I CWWKE0002I: The kernel started after 1.028 seconds
[10/18/22, 18:10:39:101 CEST] 00000027 com.ibm.ws.kernel.feature.internal.FeatureManager            I CWWKF0007I: Feature update started.
[10/18/22, 18:10:39:296 CEST] 0000001e com.ibm.ws.app.manager.internal.monitor.DropinMonitor        A CWWKZ0058I: Monitoring dropins for applications.
[10/18/22, 18:10:39:691 CEST] 0000002f com.ibm.ws.app.manager.AppMessageHelper                      I CWWKZ0018I: Starting application LabJakartaEE-1.0-SNAPSHOT.
[10/18/22, 18:10:39:692 CEST] 0000002f bm.ws.app.manager.war.internal.WARDeployedAppInfoFactoryImpl I CWWKZ0134I: The LabJakartaEE-1.0-SNAPSHOT application is using the loose application definition at the /Users/janstopinski/projects/jakartaEE/LabJakartaEE/target/liberty/wlp/usr/servers/defaultServer/dropins/LabJakartaEE-1.0-SNAPSHOT.war.xml location.
[10/18/22, 18:10:40:033 CEST] 0000002f com.ibm.ws.session.WASSessionCore                            I SESN8501I: The session manager did not find a persistent storage location; HttpSession objects will be stored in the local application server's memory.
[10/18/22, 18:10:40:078 CEST] 0000002f org.jboss.weld.Version                                       I WELD-000900: 3.1.9 (Final)
[10/18/22, 18:10:40:772 CEST] 0000002f com.ibm.ws.webcontainer.osgi.webapp.WebGroup                 I SRVE0169I: Loading Web Module: LabJakartaEE-1.0-SNAPSHOT.
[10/18/22, 18:10:40:776 CEST] 0000002f com.ibm.ws.webcontainer                                      I SRVE0250I: Web Module LabJakartaEE-1.0-SNAPSHOT has been bound to default_host.
[10/18/22, 18:10:40:777 CEST] 0000002f com.ibm.ws.http.internal.VirtualHostImpl                     A CWWKT0016I: Web application available (default_host): http://localhost:9080/LabJakartaEE-1.0-SNAPSHOT/
[10/18/22, 18:10:40:801 CEST] 0000003e com.ibm.ws.session.WASSessionCore                            I SESN0176I: A new session context will be created for application key default_host/LabJakartaEE-1.0-SNAPSHOT
[10/18/22, 18:10:40:817 CEST] 0000003e com.ibm.ws.util                                              I SESN0172I: The session manager is using the Java default SecureRandom implementation for session ID generation.
[10/18/22, 18:10:40:848 CEST] 0000003d com.ibm.ws.webcontainer.osgi.mbeans.PluginGenerator          I SRVE9103I: A configuration file for a web server plugin was automatically generated for this server at /Users/janstopinski/projects/jakartaEE/LabJakartaEE/target/liberty/wlp/usr/servers/defaultServer/logs/state/plugin-cfg.xml.
[10/18/22, 18:10:40:975 CEST] 0000003e com.ibm.ws.app.manager.AppMessageHelper                      A CWWKZ0001I: Application LabJakartaEE-1.0-SNAPSHOT started in 1.282 seconds.
[10/18/22, 18:10:41:002 CEST] 00000027 com.ibm.ws.tcpchannel.internal.TCPPort                       I CWWKO0219I: TCP Channel defaultHttpEndpoint has been started and is now listening for requests on host localhost  (IPv4: 127.0.0.1) port 9080.
[10/18/22, 18:10:41:010 CEST] 00000027 com.ibm.ws.kernel.feature.internal.FeatureManager            A CWWKF0012I: The server installed the following features: [cdi-2.0, jsonb-1.0, jsonp-1.1, servlet-4.0].
[10/18/22, 18:10:41:011 CEST] 00000027 com.ibm.ws.kernel.feature.internal.FeatureManager            I CWWKF0008I: Feature update completed in 1.920 seconds.
[10/18/22, 18:10:41:012 CEST] 00000027 com.ibm.ws.kernel.feature.internal.FeatureManager            A CWWKF0011I: The defaultServer server is ready to run a smarter planet. The defaultServer server started in 2.949 seconds.
[10/18/22, 18:10:45:258 CEST] 00000034 com.ibm.ws.http.internal.VirtualHostImpl                     A CWWKT0017I: Web application removed (default_host): http://localhost:9080/LabJakartaEE-1.0-SNAPSHOT/
[10/18/22, 18:10:45:280 CEST] 00000034 com.ibm.ws.app.manager.AppMessageHelper                      A CWWKZ0009I: The application LabJakartaEE-1.0-SNAPSHOT has stopped successfully.
[10/18/22, 18:10:45:287 CEST] 00000034 com.ibm.ws.app.manager.AppMessageHelper                      I CWWKZ0018I: Starting application LabJakartaEE-1.0-SNAPSHOT.
[10/18/22, 18:10:45:287 CEST] 00000034 bm.ws.app.manager.war.internal.WARDeployedAppInfoFactoryImpl I CWWKZ0134I: The LabJakartaEE-1.0-SNAPSHOT application is using the loose application definition at the /Users/janstopinski/projects/jakartaEE/LabJakartaEE/target/liberty/wlp/usr/servers/defaultServer/dropins/LabJakartaEE-1.0-SNAPSHOT.war.xml location.
[10/18/22, 18:10:45:503 CEST] 00000039 com.ibm.ws.webcontainer.osgi.mbeans.PluginGenerator          I SRVE9103I: A configuration file for a web server plugin was automatically generated for this server at /Users/janstopinski/projects/jakartaEE/LabJakartaEE/target/liberty/wlp/usr/servers/defaultServer/logs/state/plugin-cfg.xml.
[10/18/22, 18:10:45:534 CEST] 00000034 com.ibm.ws.webcontainer.osgi.webapp.WebGroup                 I SRVE0169I: Loading Web Module: LabJakartaEE-1.0-SNAPSHOT.
[10/18/22, 18:10:45:534 CEST] 00000034 com.ibm.ws.webcontainer                                      I SRVE0250I: Web Module LabJakartaEE-1.0-SNAPSHOT has been bound to default_host.
[10/18/22, 18:10:45:534 CEST] 00000034 com.ibm.ws.http.internal.VirtualHostImpl                     A CWWKT0016I: Web application available (default_host): http://localhost:9080/LabJakartaEE-1.0-SNAPSHOT/
[10/18/22, 18:10:45:535 CEST] 00000041 com.ibm.ws.session.WASSessionCore                            I SESN0176I: A new session context will be created for application key default_host/LabJakartaEE-1.0-SNAPSHOT
[10/18/22, 18:10:45:536 CEST] 00000041 com.ibm.ws.util                                              I SESN0172I: The session manager is using the Java default SecureRandom implementation for session ID generation.
[10/18/22, 18:10:45:556 CEST] 00000030 com.ibm.ws.webcontainer.osgi.mbeans.PluginGenerator          I SRVE9103I: A configuration file for a web server plugin was automatically generated for this server at /Users/janstopinski/projects/jakartaEE/LabJakartaEE/target/liberty/wlp/usr/servers/defaultServer/logs/state/plugin-cfg.xml.
[10/18/22, 18:10:45:564 CEST] 00000041 com.ibm.ws.app.manager.AppMessageHelper                      A CWWKZ0003I: The application LabJakartaEE-1.0-SNAPSHOT updated in 0.277 seconds.
[10/18/22, 18:11:54:488 CEST] 00000041 com.ibm.ws.http.internal.VirtualHostImpl                     A CWWKT0017I: Web application removed (default_host): http://localhost:9080/LabJakartaEE-1.0-SNAPSHOT/
[10/18/22, 18:11:54:492 CEST] 00000041 com.ibm.ws.app.manager.AppMessageHelper                      A CWWKZ0009I: The application LabJakartaEE-1.0-SNAPSHOT has stopped successfully.
[10/18/22, 18:11:54:496 CEST] 00000041 com.ibm.ws.app.manager.AppMessageHelper                      I CWWKZ0018I: Starting application LabJakartaEE-1.0-SNAPSHOT.
[10/18/22, 18:11:54:496 CEST] 00000041 bm.ws.app.manager.war.internal.WARDeployedAppInfoFactoryImpl I CWWKZ0134I: The LabJakartaEE-1.0-SNAPSHOT application is using the loose application definition at the /Users/janstopinski/projects/jakartaEE/LabJakartaEE/target/liberty/wlp/usr/servers/defaultServer/dropins/LabJakartaEE-1.0-SNAPSHOT.war.xml location.
[10/18/22, 18:11:54:511 CEST] 0000004e com.ibm.ws.webcontainer.osgi.mbeans.PluginGenerator          I SRVE9103I: A configuration file for a web server plugin was automatically generated for this server at /Users/janstopinski/projects/jakartaEE/LabJakartaEE/target/liberty/wlp/usr/servers/defaultServer/logs/state/plugin-cfg.xml.
[10/18/22, 18:11:54:712 CEST] 00000041 com.ibm.ws.webcontainer.osgi.webapp.WebGroup                 I SRVE0169I: Loading Web Module: LabJakartaEE-1.0-SNAPSHOT.
[10/18/22, 18:11:54:713 CEST] 00000041 com.ibm.ws.webcontainer                                      I SRVE0250I: Web Module LabJakartaEE-1.0-SNAPSHOT has been bound to default_host.
[10/18/22, 18:11:54:713 CEST] 00000041 com.ibm.ws.http.internal.VirtualHostImpl                     A CWWKT0016I: Web application available (default_host): http://localhost:9080/LabJakartaEE-1.0-SNAPSHOT/
[10/18/22, 18:11:54:714 CEST] 00000034 com.ibm.ws.session.WASSessionCore                            I SESN0176I: A new session context will be created for application key default_host/LabJakartaEE-1.0-SNAPSHOT
[10/18/22, 18:11:54:715 CEST] 00000034 com.ibm.ws.util                                              I SESN0172I: The session manager is using the Java default SecureRandom implementation for session ID generation.
[10/18/22, 18:11:54:739 CEST] 0000003b com.ibm.ws.webcontainer.osgi.mbeans.PluginGenerator          I SRVE9103I: A configuration file for a web server plugin was automatically generated for this server at /Users/janstopinski/projects/jakartaEE/LabJakartaEE/target/liberty/wlp/usr/servers/defaultServer/logs/state/plugin-cfg.xml.
[10/18/22, 18:11:54:749 CEST] 00000034 com.ibm.ws.app.manager.AppMessageHelper                      A CWWKZ0003I: The application LabJakartaEE-1.0-SNAPSHOT updated in 0.253 seconds.
[10/18/22, 18:11:56:452 CEST] 00000038 com.ibm.ws.http.internal.VirtualHostImpl                     A CWWKT0017I: Web application removed (default_host): http://localhost:9080/LabJakartaEE-1.0-SNAPSHOT/
[10/18/22, 18:11:56:456 CEST] 00000038 com.ibm.ws.app.manager.AppMessageHelper                      A CWWKZ0009I: The application LabJakartaEE-1.0-SNAPSHOT has stopped successfully.
[10/18/22, 18:11:56:459 CEST] 00000038 com.ibm.ws.app.manager.AppMessageHelper                      I CWWKZ0018I: Starting application LabJakartaEE-1.0-SNAPSHOT.
[10/18/22, 18:11:56:459 CEST] 00000038 bm.ws.app.manager.war.internal.WARDeployedAppInfoFactoryImpl I CWWKZ0134I: The LabJakartaEE-1.0-SNAPSHOT application is using the loose application definition at the /Users/janstopinski/projects/jakartaEE/LabJakartaEE/target/liberty/wlp/usr/servers/defaultServer/dropins/LabJakartaEE-1.0-SNAPSHOT.war.xml location.
[10/18/22, 18:11:56:470 CEST] 0000004e com.ibm.ws.webcontainer.osgi.mbeans.PluginGenerator          I SRVE9103I: A configuration file for a web server plugin was automatically generated for this server at /Users/janstopinski/projects/jakartaEE/LabJakartaEE/target/liberty/wlp/usr/servers/defaultServer/logs/state/plugin-cfg.xml.
[10/18/22, 18:11:56:625 CEST] 00000038 com.ibm.ws.webcontainer.osgi.webapp.WebGroup                 I SRVE0169I: Loading Web Module: LabJakartaEE-1.0-SNAPSHOT.
[10/18/22, 18:11:56:626 CEST] 00000038 com.ibm.ws.webcontainer                                      I SRVE0250I: Web Module LabJakartaEE-1.0-SNAPSHOT has been bound to default_host.
[10/18/22, 18:11:56:626 CEST] 00000038 com.ibm.ws.http.internal.VirtualHostImpl                     A CWWKT0016I: Web application available (default_host): http://localhost:9080/LabJakartaEE-1.0-SNAPSHOT/
[10/18/22, 18:11:56:626 CEST] 00000040 com.ibm.ws.session.WASSessionCore                            I SESN0176I: A new session context will be created for application key default_host/LabJakartaEE-1.0-SNAPSHOT
[10/18/22, 18:11:56:627 CEST] 00000040 com.ibm.ws.util                                              I SESN0172I: The session manager is using the Java default SecureRandom implementation for session ID generation.
[10/18/22, 18:11:56:643 CEST] 0000003a com.ibm.ws.webcontainer.osgi.mbeans.PluginGenerator          I SRVE9103I: A configuration file for a web server plugin was automatically generated for this server at /Users/janstopinski/projects/jakartaEE/LabJakartaEE/target/liberty/wlp/usr/servers/defaultServer/logs/state/plugin-cfg.xml.
[10/18/22, 18:11:56:651 CEST] 00000040 com.ibm.ws.app.manager.AppMessageHelper                      A CWWKZ0003I: The application LabJakartaEE-1.0-SNAPSHOT updated in 0.192 seconds.
[10/18/22, 18:11:58:569 CEST] 00000047 com.ibm.ws.webcontainer.servlet                              I SRVE0242I: [LabJakartaEE-1.0-SNAPSHOT] [/LabJakartaEE-1.0-SNAPSHOT] [pl.edu.pg.lab.user.servlet.PortraitServlet]: Initialization successful.
[10/18/22, 18:12:08:536 CEST] 00000038 com.ibm.ws.http.internal.VirtualHostImpl                     A CWWKT0017I: Web application removed (default_host): http://localhost:9080/LabJakartaEE-1.0-SNAPSHOT/
[10/18/22, 18:12:08:537 CEST] 00000038 com.ibm.ws.webcontainer.servlet                              I SRVE0253I: [LabJakartaEE-1.0-SNAPSHOT] [/LabJakartaEE-1.0-SNAPSHOT] [pl.edu.pg.lab.user.servlet.PortraitServlet]: Destroy successful.
[10/18/22, 18:12:08:546 CEST] 00000038 com.ibm.ws.app.manager.AppMessageHelper                      A CWWKZ0009I: The application LabJakartaEE-1.0-SNAPSHOT has stopped successfully.
[10/18/22, 18:12:08:553 CEST] 00000038 com.ibm.ws.app.manager.AppMessageHelper                      I CWWKZ0018I: Starting application LabJakartaEE-1.0-SNAPSHOT.
[10/18/22, 18:12:08:554 CEST] 00000038 bm.ws.app.manager.war.internal.WARDeployedAppInfoFactoryImpl I CWWKZ0134I: The LabJakartaEE-1.0-SNAPSHOT application is using the loose application definition at the /Users/janstopinski/projects/jakartaEE/LabJakartaEE/target/liberty/wlp/usr/servers/defaultServer/dropins/LabJakartaEE-1.0-SNAPSHOT.war.xml location.
[10/18/22, 18:12:08:575 CEST] 00000049 com.ibm.ws.webcontainer.osgi.mbeans.PluginGenerator          I SRVE9103I: A configuration file for a web server plugin was automatically generated for this server at /Users/janstopinski/projects/jakartaEE/LabJakartaEE/target/liberty/wlp/usr/servers/defaultServer/logs/state/plugin-cfg.xml.
[10/18/22, 18:12:08:748 CEST] 00000038 com.ibm.ws.webcontainer.osgi.webapp.WebGroup                 I SRVE0169I: Loading Web Module: LabJakartaEE-1.0-SNAPSHOT.
[10/18/22, 18:12:08:748 CEST] 00000038 com.ibm.ws.webcontainer                                      I SRVE0250I: Web Module LabJakartaEE-1.0-SNAPSHOT has been bound to default_host.
[10/18/22, 18:12:08:748 CEST] 00000038 com.ibm.ws.http.internal.VirtualHostImpl                     A CWWKT0016I: Web application available (default_host): http://localhost:9080/LabJakartaEE-1.0-SNAPSHOT/
[10/18/22, 18:12:08:749 CEST] 00000043 com.ibm.ws.session.WASSessionCore                            I SESN0176I: A new session context will be created for application key default_host/LabJakartaEE-1.0-SNAPSHOT
[10/18/22, 18:12:08:750 CEST] 00000043 com.ibm.ws.util                                              I SESN0172I: The session manager is using the Java default SecureRandom implementation for session ID generation.
[10/18/22, 18:12:08:772 CEST] 00000045 com.ibm.ws.webcontainer.osgi.mbeans.PluginGenerator          I SRVE9103I: A configuration file for a web server plugin was automatically generated for this server at /Users/janstopinski/projects/jakartaEE/LabJakartaEE/target/liberty/wlp/usr/servers/defaultServer/logs/state/plugin-cfg.xml.
[10/18/22, 18:12:08:781 CEST] 00000043 com.ibm.ws.app.manager.AppMessageHelper                      A CWWKZ0003I: The application LabJakartaEE-1.0-SNAPSHOT updated in 0.227 seconds.
[10/18/22, 18:12:09:118 CEST] 0000003e com.ibm.ws.webcontainer.servlet                              I SRVE0242I: [LabJakartaEE-1.0-SNAPSHOT] [/LabJakartaEE-1.0-SNAPSHOT] [pl.edu.pg.lab.user.servlet.PortraitServlet]: Initialization successful.
[10/18/22, 18:12:16:833 CEST] 00000046 SystemOut                                                    O present
[10/18/22, 18:13:08:435 CEST] 00000045 SystemOut                                                    O present
[10/18/22, 18:13:20:353 CEST] 0000002d com.ibm.ws.http.internal.VirtualHostImpl                     A CWWKT0017I: Web application removed (default_host): http://localhost:9080/LabJakartaEE-1.0-SNAPSHOT/
[10/18/22, 18:13:20:354 CEST] 0000002d com.ibm.ws.webcontainer.servlet                              I SRVE0253I: [LabJakartaEE-1.0-SNAPSHOT] [/LabJakartaEE-1.0-SNAPSHOT] [pl.edu.pg.lab.user.servlet.PortraitServlet]: Destroy successful.
[10/18/22, 18:13:20:357 CEST] 0000002d com.ibm.ws.app.manager.AppMessageHelper                      A CWWKZ0009I: The application LabJakartaEE-1.0-SNAPSHOT has stopped successfully.
[10/18/22, 18:13:20:360 CEST] 0000002d com.ibm.ws.app.manager.AppMessageHelper                      I CWWKZ0018I: Starting application LabJakartaEE-1.0-SNAPSHOT.
[10/18/22, 18:13:20:360 CEST] 0000002d bm.ws.app.manager.war.internal.WARDeployedAppInfoFactoryImpl I CWWKZ0134I: The LabJakartaEE-1.0-SNAPSHOT application is using the loose application definition at the /Users/janstopinski/projects/jakartaEE/LabJakartaEE/target/liberty/wlp/usr/servers/defaultServer/dropins/LabJakartaEE-1.0-SNAPSHOT.war.xml location.
[10/18/22, 18:13:20:369 CEST] 00000041 com.ibm.ws.webcontainer.osgi.mbeans.PluginGenerator          I SRVE9103I: A configuration file for a web server plugin was automatically generated for this server at /Users/janstopinski/projects/jakartaEE/LabJakartaEE/target/liberty/wlp/usr/servers/defaultServer/logs/state/plugin-cfg.xml.
[10/18/22, 18:13:20:522 CEST] 0000002d com.ibm.ws.webcontainer.osgi.webapp.WebGroup                 I SRVE0169I: Loading Web Module: LabJakartaEE-1.0-SNAPSHOT.
[10/18/22, 18:13:20:522 CEST] 0000002d com.ibm.ws.webcontainer                                      I SRVE0250I: Web Module LabJakartaEE-1.0-SNAPSHOT has been bound to default_host.
[10/18/22, 18:13:20:522 CEST] 0000002d com.ibm.ws.http.internal.VirtualHostImpl                     A CWWKT0016I: Web application available (default_host): http://localhost:9080/LabJakartaEE-1.0-SNAPSHOT/
[10/18/22, 18:13:20:523 CEST] 00000039 com.ibm.ws.session.WASSessionCore                            I SESN0176I: A new session context will be created for application key default_host/LabJakartaEE-1.0-SNAPSHOT
[10/18/22, 18:13:20:523 CEST] 00000039 com.ibm.ws.util                                              I SESN0172I: The session manager is using the Java default SecureRandom implementation for session ID generation.
[10/18/22, 18:13:20:538 CEST] 00000034 com.ibm.ws.webcontainer.osgi.mbeans.PluginGenerator          I SRVE9103I: A configuration file for a web server plugin was automatically generated for this server at /Users/janstopinski/projects/jakartaEE/LabJakartaEE/target/liberty/wlp/usr/servers/defaultServer/logs/state/plugin-cfg.xml.
[10/18/22, 18:13:20:545 CEST] 00000039 com.ibm.ws.app.manager.AppMessageHelper                      A CWWKZ0003I: The application LabJakartaEE-1.0-SNAPSHOT updated in 0.185 seconds.
[10/18/22, 18:13:23:524 CEST] 00000045 com.ibm.ws.webcontainer.servlet                              I SRVE0242I: [LabJakartaEE-1.0-SNAPSHOT] [/LabJakartaEE-1.0-SNAPSHOT] [pl.edu.pg.lab.user.servlet.PortraitServlet]: Initialization successful.
[10/18/22, 18:18:58:694 CEST] 0000003a com.ibm.ws.http.internal.VirtualHostImpl                     A CWWKT0017I: Web application removed (default_host): http://localhost:9080/LabJakartaEE-1.0-SNAPSHOT/
[10/18/22, 18:18:58:695 CEST] 0000003a com.ibm.ws.webcontainer.servlet                              I SRVE0253I: [LabJakartaEE-1.0-SNAPSHOT] [/LabJakartaEE-1.0-SNAPSHOT] [pl.edu.pg.lab.user.servlet.PortraitServlet]: Destroy successful.
[10/18/22, 18:18:58:699 CEST] 0000003a com.ibm.ws.app.manager.AppMessageHelper                      A CWWKZ0009I: The application LabJakartaEE-1.0-SNAPSHOT has stopped successfully.
[10/18/22, 18:18:58:701 CEST] 0000003a com.ibm.ws.app.manager.AppMessageHelper                      I CWWKZ0018I: Starting application LabJakartaEE-1.0-SNAPSHOT.
[10/18/22, 18:18:58:702 CEST] 0000003a bm.ws.app.manager.war.internal.WARDeployedAppInfoFactoryImpl I CWWKZ0134I: The LabJakartaEE-1.0-SNAPSHOT application is using the loose application definition at the /Users/janstopinski/projects/jakartaEE/LabJakartaEE/target/liberty/wlp/usr/servers/defaultServer/dropins/LabJakartaEE-1.0-SNAPSHOT.war.xml location.
[10/18/22, 18:18:58:709 CEST] 00000046 com.ibm.ws.webcontainer.osgi.mbeans.PluginGenerator          I SRVE9103I: A configuration file for a web server plugin was automatically generated for this server at /Users/janstopinski/projects/jakartaEE/LabJakartaEE/target/liberty/wlp/usr/servers/defaultServer/logs/state/plugin-cfg.xml.
[10/18/22, 18:18:58:865 CEST] 0000003a com.ibm.ws.webcontainer.osgi.webapp.WebGroup                 I SRVE0169I: Loading Web Module: LabJakartaEE-1.0-SNAPSHOT.
[10/18/22, 18:18:58:865 CEST] 0000003a com.ibm.ws.webcontainer                                      I SRVE0250I: Web Module LabJakartaEE-1.0-SNAPSHOT has been bound to default_host.
[10/18/22, 18:18:58:866 CEST] 0000003a com.ibm.ws.http.internal.VirtualHostImpl                     A CWWKT0016I: Web application available (default_host): http://localhost:9080/LabJakartaEE-1.0-SNAPSHOT/
[10/18/22, 18:18:58:866 CEST] 00000045 com.ibm.ws.session.WASSessionCore                            I SESN0176I: A new session context will be created for application key default_host/LabJakartaEE-1.0-SNAPSHOT
[10/18/22, 18:18:58:866 CEST] 00000045 com.ibm.ws.util                                              I SESN0172I: The session manager is using the Java default SecureRandom implementation for session ID generation.
[10/18/22, 18:18:58:884 CEST] 00000042 com.ibm.ws.webcontainer.osgi.mbeans.PluginGenerator          I SRVE9103I: A configuration file for a web server plugin was automatically generated for this server at /Users/janstopinski/projects/jakartaEE/LabJakartaEE/target/liberty/wlp/usr/servers/defaultServer/logs/state/plugin-cfg.xml.
[10/18/22, 18:18:58:890 CEST] 00000045 com.ibm.ws.app.manager.AppMessageHelper                      A CWWKZ0003I: The application LabJakartaEE-1.0-SNAPSHOT updated in 0.188 seconds.
[10/19/22, 0:38:27:583 CEST] 00000016 com.ibm.ws.kernel.launch.internal.FrameworkManager           A CWWKE0085I: The server defaultServer is stopping because the JVM is exiting.
[10/19/22, 0:38:27:610 CEST] 00000172 com.ibm.ws.runtime.update.internal.RuntimeUpdateManagerImpl  A CWWKE1100I: Waiting for up to 30 seconds for the server to quiesce.
[10/19/22, 0:38:27:636 CEST] 0000016d com.ibm.ws.tcpchannel.internal.TCPChannel                    I CWWKO0220I: TCP Channel defaultHttpEndpoint has stopped listening for requests on host localhost  (IPv4: 127.0.0.1) port 9080.
[10/19/22, 0:38:27:639 CEST] 0000016d com.ibm.ws.http.internal.VirtualHostImpl                     A CWWKT0017I: Web application removed (default_host): http://localhost:9080/LabJakartaEE-1.0-SNAPSHOT/
[10/19/22, 0:38:27:646 CEST] 00000172 com.ibm.ws.runtime.update.internal.RuntimeUpdateManagerImpl  I CWWKE1101I: Server quiesce complete.
[10/19/22, 0:38:27:689 CEST] 0000015a com.ibm.ws.app.manager.AppMessageHelper                      A CWWKZ0009I: The application LabJakartaEE-1.0-SNAPSHOT has stopped successfully.
[10/19/22, 0:38:28:122 CEST] 00000001 com.ibm.ws.kernel.launch.internal.FrameworkManager           A CWWKE0036I: The server defaultServer stopped after 2 hours, 18 minutes, 1.445 seconds.
